{"/Users/hoff/My Drive/dev/prompt-stack/content-stack-react/backend/test.ts": {"path":"/Users/hoff/My Drive/dev/prompt-stack/content-stack-react/backend/test.ts","statementMap":{"0":{"start":{"line":16,"column":2},"end":{"line":16,"column":50}},"1":{"start":{"line":18,"column":30},"end":{"line":18,"column":55}},"2":{"start":{"line":19,"column":26},"end":{"line":19,"column":47}},"3":{"start":{"line":21,"column":2},"end":{"line":84,"column":3}},"4":{"start":{"line":23,"column":4},"end":{"line":23,"column":48}},"5":{"start":{"line":24,"column":19},"end":{"line":27,"column":6}},"6":{"start":{"line":29,"column":4},"end":{"line":38,"column":5}},"7":{"start":{"line":30,"column":6},"end":{"line":30,"column":50}},"8":{"start":{"line":31,"column":6},"end":{"line":31,"column":50}},"9":{"start":{"line":32,"column":6},"end":{"line":32,"column":62}},"10":{"start":{"line":33,"column":6},"end":{"line":33,"column":64}},"11":{"start":{"line":34,"column":6},"end":{"line":34,"column":69}},"12":{"start":{"line":36,"column":6},"end":{"line":36,"column":60}},"13":{"start":{"line":37,"column":6},"end":{"line":37,"column":13}},"14":{"start":{"line":41,"column":4},"end":{"line":41,"column":55}},"15":{"start":{"line":42,"column":18},"end":{"line":42,"column":61}},"16":{"start":{"line":43,"column":4},"end":{"line":43,"column":58}},"17":{"start":{"line":46,"column":4},"end":{"line":46,"column":58}},"18":{"start":{"line":47,"column":18},"end":{"line":47,"column":58}},"19":{"start":{"line":48,"column":4},"end":{"line":48,"column":38}},"20":{"start":{"line":49,"column":4},"end":{"line":49,"column":44}},"21":{"start":{"line":50,"column":4},"end":{"line":50,"column":49}},"22":{"start":{"line":51,"column":4},"end":{"line":51,"column":45}},"23":{"start":{"line":54,"column":4},"end":{"line":54,"column":55}},"24":{"start":{"line":55,"column":23},"end":{"line":59,"column":6}},"25":{"start":{"line":61,"column":4},"end":{"line":65,"column":5}},"26":{"start":{"line":62,"column":6},"end":{"line":62,"column":55}},"27":{"start":{"line":63,"column":6},"end":{"line":63,"column":75}},"28":{"start":{"line":64,"column":6},"end":{"line":64,"column":95}},"29":{"start":{"line":68,"column":4},"end":{"line":68,"column":54}},"30":{"start":{"line":69,"column":22},"end":{"line":73,"column":6}},"31":{"start":{"line":75,"column":4},"end":{"line":78,"column":5}},"32":{"start":{"line":76,"column":6},"end":{"line":76,"column":54}},"33":{"start":{"line":77,"column":6},"end":{"line":77,"column":74}},"34":{"start":{"line":80,"column":4},"end":{"line":80,"column":72}},"35":{"start":{"line":83,"column":4},"end":{"line":83,"column":43}},"36":{"start":{"line":88,"column":0},"end":{"line":90,"column":1}},"37":{"start":{"line":89,"column":2},"end":{"line":89,"column":24}}},"fnMap":{"0":{"name":"testBackendServices","decl":{"start":{"line":15,"column":15},"end":{"line":15,"column":34}},"loc":{"start":{"line":15,"column":34},"end":{"line":85,"column":1}}}},"branchMap":{"0":{"loc":{"start":{"line":29,"column":4},"end":{"line":38,"column":5}},"type":"if","locations":[{"start":{"line":29,"column":4},"end":{"line":38,"column":5}},{"start":{"line":35,"column":11},"end":{"line":38,"column":5}}]},"1":{"loc":{"start":{"line":29,"column":8},"end":{"line":29,"column":41}},"type":"binary-expr","locations":[{"start":{"line":29,"column":8},"end":{"line":29,"column":22}},{"start":{"line":29,"column":26},"end":{"line":29,"column":41}}]},"2":{"loc":{"start":{"line":61,"column":4},"end":{"line":65,"column":5}},"type":"if","locations":[{"start":{"line":61,"column":4},"end":{"line":65,"column":5}},{"start":{},"end":{}}]},"3":{"loc":{"start":{"line":61,"column":8},"end":{"line":61,"column":49}},"type":"binary-expr","locations":[{"start":{"line":61,"column":8},"end":{"line":61,"column":26}},{"start":{"line":61,"column":30},"end":{"line":61,"column":49}}]},"4":{"loc":{"start":{"line":75,"column":4},"end":{"line":78,"column":5}},"type":"if","locations":[{"start":{"line":75,"column":4},"end":{"line":78,"column":5}},{"start":{},"end":{}}]},"5":{"loc":{"start":{"line":75,"column":8},"end":{"line":75,"column":47}},"type":"binary-expr","locations":[{"start":{"line":75,"column":8},"end":{"line":75,"column":25}},{"start":{"line":75,"column":29},"end":{"line":75,"column":47}}]},"6":{"loc":{"start":{"line":88,"column":0},"end":{"line":90,"column":1}},"type":"if","locations":[{"start":{"line":88,"column":0},"end":{"line":90,"column":1}},{"start":{},"end":{}}]}},"s":{"0":0,"1":0,"2":0,"3":0,"4":0,"5":0,"6":0,"7":0,"8":0,"9":0,"10":0,"11":0,"12":0,"13":0,"14":0,"15":0,"16":0,"17":0,"18":0,"19":0,"20":0,"21":0,"22":0,"23":0,"24":0,"25":0,"26":0,"27":0,"28":0,"29":0,"30":0,"31":0,"32":0,"33":0,"34":0,"35":0,"36":0,"37":0},"f":{"0":0},"b":{"0":[0,0],"1":[0,0],"2":[0,0],"3":[0,0],"4":[0,0],"5":[0,0],"6":[0,0]}}
,"/Users/hoff/My Drive/dev/prompt-stack/content-stack-react/backend/routes/contentInbox.ts": {"path":"/Users/hoff/My Drive/dev/prompt-stack/content-stack-react/backend/routes/contentInbox.ts","statementMap":{"0":{"start":{"line":18,"column":15},"end":{"line":18,"column":23}},"1":{"start":{"line":19,"column":28},"end":{"line":19,"column":53}},"2":{"start":{"line":20,"column":24},"end":{"line":20,"column":45}},"3":{"start":{"line":26,"column":0},"end":{"line":39,"column":3}},"4":{"start":{"line":27,"column":2},"end":{"line":38,"column":3}},"5":{"start":{"line":28,"column":18},"end":{"line":28,"column":61}},"6":{"start":{"line":29,"column":4},"end":{"line":32,"column":7}},"7":{"start":{"line":34,"column":4},"end":{"line":37,"column":7}},"8":{"start":{"line":45,"column":0},"end":{"line":85,"column":3}},"9":{"start":{"line":46,"column":2},"end":{"line":84,"column":3}},"10":{"start":{"line":47,"column":57},"end":{"line":47,"column":65}},"11":{"start":{"line":49,"column":4},"end":{"line":54,"column":5}},"12":{"start":{"line":50,"column":6},"end":{"line":53,"column":9}},"13":{"start":{"line":56,"column":44},"end":{"line":62,"column":6}},"14":{"start":{"line":64,"column":19},"end":{"line":64,"column":75}},"15":{"start":{"line":66,"column":4},"end":{"line":76,"column":5}},"16":{"start":{"line":67,"column":6},"end":{"line":70,"column":9}},"17":{"start":{"line":72,"column":6},"end":{"line":75,"column":9}},"18":{"start":{"line":78,"column":4},"end":{"line":78,"column":49}},"19":{"start":{"line":79,"column":4},"end":{"line":79,"column":105}},"20":{"start":{"line":80,"column":4},"end":{"line":83,"column":7}},"21":{"start":{"line":91,"column":0},"end":{"line":113,"column":3}},"22":{"start":{"line":92,"column":2},"end":{"line":112,"column":3}},"23":{"start":{"line":93,"column":19},"end":{"line":93,"column":29}},"24":{"start":{"line":94,"column":17},"end":{"line":94,"column":62}},"25":{"start":{"line":96,"column":4},"end":{"line":106,"column":5}},"26":{"start":{"line":97,"column":6},"end":{"line":100,"column":9}},"27":{"start":{"line":102,"column":6},"end":{"line":105,"column":9}},"28":{"start":{"line":108,"column":4},"end":{"line":111,"column":7}},"29":{"start":{"line":119,"column":0},"end":{"line":196,"column":3}},"30":{"start":{"line":120,"column":2},"end":{"line":195,"column":3}},"31":{"start":{"line":121,"column":19},"end":{"line":121,"column":29}},"32":{"start":{"line":122,"column":28},"end":{"line":122,"column":36}},"33":{"start":{"line":125,"column":32},"end":{"line":125,"column":34}},"34":{"start":{"line":128,"column":4},"end":{"line":134,"column":5}},"35":{"start":{"line":129,"column":6},"end":{"line":129,"column":60}},"36":{"start":{"line":130,"column":6},"end":{"line":130,"column":65}},"37":{"start":{"line":132,"column":20},"end":{"line":132,"column":79}},"38":{"start":{"line":133,"column":6},"end":{"line":133,"column":55}},"39":{"start":{"line":137,"column":4},"end":{"line":164,"column":5}},"40":{"start":{"line":138,"column":27},"end":{"line":138,"column":42}},"41":{"start":{"line":141,"column":6},"end":{"line":144,"column":7}},"42":{"start":{"line":142,"column":8},"end":{"line":142,"column":62}},"43":{"start":{"line":143,"column":8},"end":{"line":143,"column":54}},"44":{"start":{"line":147,"column":6},"end":{"line":149,"column":7}},"45":{"start":{"line":148,"column":8},"end":{"line":148,"column":44}},"46":{"start":{"line":152,"column":6},"end":{"line":155,"column":7}},"47":{"start":{"line":153,"column":8},"end":{"line":153,"column":72}},"48":{"start":{"line":154,"column":8},"end":{"line":154,"column":65}},"49":{"start":{"line":158,"column":6},"end":{"line":163,"column":7}},"50":{"start":{"line":159,"column":8},"end":{"line":161,"column":9}},"51":{"start":{"line":160,"column":10},"end":{"line":160,"column":37}},"52":{"start":{"line":162,"column":8},"end":{"line":162,"column":64}},"53":{"start":{"line":167,"column":4},"end":{"line":170,"column":5}},"54":{"start":{"line":168,"column":6},"end":{"line":168,"column":60}},"55":{"start":{"line":169,"column":6},"end":{"line":169,"column":59}},"56":{"start":{"line":175,"column":19},"end":{"line":175,"column":79}},"57":{"start":{"line":177,"column":4},"end":{"line":189,"column":5}},"58":{"start":{"line":179,"column":26},"end":{"line":179,"column":71}},"59":{"start":{"line":180,"column":6},"end":{"line":183,"column":9}},"60":{"start":{"line":185,"column":6},"end":{"line":188,"column":9}},"61":{"start":{"line":191,"column":4},"end":{"line":194,"column":7}},"62":{"start":{"line":202,"column":0},"end":{"line":225,"column":3}},"63":{"start":{"line":203,"column":2},"end":{"line":224,"column":3}},"64":{"start":{"line":204,"column":19},"end":{"line":204,"column":29}},"65":{"start":{"line":205,"column":4},"end":{"line":205,"column":69}},"66":{"start":{"line":206,"column":19},"end":{"line":206,"column":62}},"67":{"start":{"line":208,"column":4},"end":{"line":218,"column":5}},"68":{"start":{"line":209,"column":6},"end":{"line":212,"column":9}},"69":{"start":{"line":214,"column":6},"end":{"line":217,"column":9}},"70":{"start":{"line":220,"column":4},"end":{"line":223,"column":7}},"71":{"start":{"line":231,"column":0},"end":{"line":244,"column":3}},"72":{"start":{"line":232,"column":2},"end":{"line":243,"column":3}},"73":{"start":{"line":233,"column":18},"end":{"line":233,"column":58}},"74":{"start":{"line":234,"column":4},"end":{"line":237,"column":7}},"75":{"start":{"line":239,"column":4},"end":{"line":242,"column":7}},"76":{"start":{"line":250,"column":0},"end":{"line":272,"column":3}},"77":{"start":{"line":251,"column":2},"end":{"line":271,"column":3}},"78":{"start":{"line":252,"column":18},"end":{"line":252,"column":27}},"79":{"start":{"line":254,"column":4},"end":{"line":259,"column":5}},"80":{"start":{"line":255,"column":6},"end":{"line":258,"column":9}},"81":{"start":{"line":261,"column":20},"end":{"line":261,"column":68}},"82":{"start":{"line":262,"column":4},"end":{"line":265,"column":7}},"83":{"start":{"line":267,"column":4},"end":{"line":270,"column":7}}},"fnMap":{"0":{"name":"(anonymous_0)","decl":{"start":{"line":26,"column":21},"end":{"line":26,"column":26}},"loc":{"start":{"line":26,"column":59},"end":{"line":39,"column":1}}},"1":{"name":"(anonymous_1)","decl":{"start":{"line":45,"column":20},"end":{"line":45,"column":25}},"loc":{"start":{"line":45,"column":58},"end":{"line":85,"column":1}}},"2":{"name":"(anonymous_2)","decl":{"start":{"line":91,"column":24},"end":{"line":91,"column":29}},"loc":{"start":{"line":91,"column":62},"end":{"line":113,"column":1}}},"3":{"name":"(anonymous_3)","decl":{"start":{"line":119,"column":24},"end":{"line":119,"column":29}},"loc":{"start":{"line":119,"column":62},"end":{"line":196,"column":1}}},"4":{"name":"(anonymous_4)","decl":{"start":{"line":202,"column":27},"end":{"line":202,"column":32}},"loc":{"start":{"line":202,"column":65},"end":{"line":225,"column":1}}},"5":{"name":"(anonymous_5)","decl":{"start":{"line":231,"column":21},"end":{"line":231,"column":26}},"loc":{"start":{"line":231,"column":59},"end":{"line":244,"column":1}}},"6":{"name":"(anonymous_6)","decl":{"start":{"line":250,"column":22},"end":{"line":250,"column":27}},"loc":{"start":{"line":250,"column":60},"end":{"line":272,"column":1}}}},"branchMap":{"0":{"loc":{"start":{"line":36,"column":13},"end":{"line":36,"column":81}},"type":"cond-expr","locations":[{"start":{"line":36,"column":38},"end":{"line":36,"column":51}},{"start":{"line":36,"column":54},"end":{"line":36,"column":81}}]},"1":{"loc":{"start":{"line":49,"column":4},"end":{"line":54,"column":5}},"type":"if","locations":[{"start":{"line":49,"column":4},"end":{"line":54,"column":5}},{"start":{},"end":{}}]},"2":{"loc":{"start":{"line":49,"column":8},"end":{"line":49,"column":27}},"type":"binary-expr","locations":[{"start":{"line":49,"column":8},"end":{"line":49,"column":15}},{"start":{"line":49,"column":19},"end":{"line":49,"column":27}}]},"3":{"loc":{"start":{"line":66,"column":4},"end":{"line":76,"column":5}},"type":"if","locations":[{"start":{"line":66,"column":4},"end":{"line":76,"column":5}},{"start":{"line":71,"column":11},"end":{"line":76,"column":5}}]},"4":{"loc":{"start":{"line":79,"column":48},"end":{"line":79,"column":103}},"type":"cond-expr","locations":[{"start":{"line":79,"column":73},"end":{"line":79,"column":84}},{"start":{"line":79,"column":87},"end":{"line":79,"column":103}}]},"5":{"loc":{"start":{"line":82,"column":13},"end":{"line":82,"column":77}},"type":"cond-expr","locations":[{"start":{"line":82,"column":38},"end":{"line":82,"column":51}},{"start":{"line":82,"column":54},"end":{"line":82,"column":77}}]},"6":{"loc":{"start":{"line":96,"column":4},"end":{"line":106,"column":5}},"type":"if","locations":[{"start":{"line":96,"column":4},"end":{"line":106,"column":5}},{"start":{"line":101,"column":11},"end":{"line":106,"column":5}}]},"7":{"loc":{"start":{"line":110,"column":13},"end":{"line":110,"column":82}},"type":"cond-expr","locations":[{"start":{"line":110,"column":38},"end":{"line":110,"column":51}},{"start":{"line":110,"column":54},"end":{"line":110,"column":82}}]},"8":{"loc":{"start":{"line":128,"column":4},"end":{"line":134,"column":5}},"type":"if","locations":[{"start":{"line":128,"column":4},"end":{"line":134,"column":5}},{"start":{},"end":{}}]},"9":{"loc":{"start":{"line":129,"column":31},"end":{"line":129,"column":59}},"type":"binary-expr","locations":[{"start":{"line":129,"column":31},"end":{"line":129,"column":53}},{"start":{"line":129,"column":57},"end":{"line":129,"column":59}}]},"10":{"loc":{"start":{"line":137,"column":4},"end":{"line":164,"column":5}},"type":"if","locations":[{"start":{"line":137,"column":4},"end":{"line":164,"column":5}},{"start":{},"end":{}}]},"11":{"loc":{"start":{"line":141,"column":6},"end":{"line":144,"column":7}},"type":"if","locations":[{"start":{"line":141,"column":6},"end":{"line":144,"column":7}},{"start":{},"end":{}}]},"12":{"loc":{"start":{"line":142,"column":33},"end":{"line":142,"column":61}},"type":"binary-expr","locations":[{"start":{"line":142,"column":33},"end":{"line":142,"column":55}},{"start":{"line":142,"column":59},"end":{"line":142,"column":61}}]},"13":{"loc":{"start":{"line":147,"column":6},"end":{"line":149,"column":7}},"type":"if","locations":[{"start":{"line":147,"column":6},"end":{"line":149,"column":7}},{"start":{},"end":{}}]},"14":{"loc":{"start":{"line":152,"column":6},"end":{"line":155,"column":7}},"type":"if","locations":[{"start":{"line":152,"column":6},"end":{"line":155,"column":7}},{"start":{},"end":{}}]},"15":{"loc":{"start":{"line":153,"column":38},"end":{"line":153,"column":71}},"type":"binary-expr","locations":[{"start":{"line":153,"column":38},"end":{"line":153,"column":65}},{"start":{"line":153,"column":69},"end":{"line":153,"column":71}}]},"16":{"loc":{"start":{"line":158,"column":6},"end":{"line":163,"column":7}},"type":"if","locations":[{"start":{"line":158,"column":6},"end":{"line":163,"column":7}},{"start":{},"end":{}}]},"17":{"loc":{"start":{"line":159,"column":8},"end":{"line":161,"column":9}},"type":"if","locations":[{"start":{"line":159,"column":8},"end":{"line":161,"column":9}},{"start":{},"end":{}}]},"18":{"loc":{"start":{"line":162,"column":36},"end":{"line":162,"column":63}},"type":"binary-expr","locations":[{"start":{"line":162,"column":36},"end":{"line":162,"column":55}},{"start":{"line":162,"column":59},"end":{"line":162,"column":63}}]},"19":{"loc":{"start":{"line":167,"column":4},"end":{"line":170,"column":5}},"type":"if","locations":[{"start":{"line":167,"column":4},"end":{"line":170,"column":5}},{"start":{},"end":{}}]},"20":{"loc":{"start":{"line":168,"column":31},"end":{"line":168,"column":59}},"type":"binary-expr","locations":[{"start":{"line":168,"column":31},"end":{"line":168,"column":53}},{"start":{"line":168,"column":57},"end":{"line":168,"column":59}}]},"21":{"loc":{"start":{"line":177,"column":4},"end":{"line":189,"column":5}},"type":"if","locations":[{"start":{"line":177,"column":4},"end":{"line":189,"column":5}},{"start":{"line":184,"column":11},"end":{"line":189,"column":5}}]},"22":{"loc":{"start":{"line":193,"column":13},"end":{"line":193,"column":85}},"type":"cond-expr","locations":[{"start":{"line":193,"column":38},"end":{"line":193,"column":51}},{"start":{"line":193,"column":54},"end":{"line":193,"column":85}}]},"23":{"loc":{"start":{"line":208,"column":4},"end":{"line":218,"column":5}},"type":"if","locations":[{"start":{"line":208,"column":4},"end":{"line":218,"column":5}},{"start":{"line":213,"column":11},"end":{"line":218,"column":5}}]},"24":{"loc":{"start":{"line":222,"column":13},"end":{"line":222,"column":85}},"type":"cond-expr","locations":[{"start":{"line":222,"column":38},"end":{"line":222,"column":51}},{"start":{"line":222,"column":54},"end":{"line":222,"column":85}}]},"25":{"loc":{"start":{"line":241,"column":13},"end":{"line":241,"column":75}},"type":"cond-expr","locations":[{"start":{"line":241,"column":38},"end":{"line":241,"column":51}},{"start":{"line":241,"column":54},"end":{"line":241,"column":75}}]},"26":{"loc":{"start":{"line":254,"column":4},"end":{"line":259,"column":5}},"type":"if","locations":[{"start":{"line":254,"column":4},"end":{"line":259,"column":5}},{"start":{},"end":{}}]},"27":{"loc":{"start":{"line":254,"column":8},"end":{"line":254,"column":35}},"type":"binary-expr","locations":[{"start":{"line":254,"column":8},"end":{"line":254,"column":10}},{"start":{"line":254,"column":14},"end":{"line":254,"column":35}}]},"28":{"loc":{"start":{"line":269,"column":13},"end":{"line":269,"column":80}},"type":"cond-expr","locations":[{"start":{"line":269,"column":38},"end":{"line":269,"column":51}},{"start":{"line":269,"column":54},"end":{"line":269,"column":80}}]}},"s":{"0":0,"1":0,"2":0,"3":0,"4":0,"5":0,"6":0,"7":0,"8":0,"9":0,"10":0,"11":0,"12":0,"13":0,"14":0,"15":0,"16":0,"17":0,"18":0,"19":0,"20":0,"21":0,"22":0,"23":0,"24":0,"25":0,"26":0,"27":0,"28":0,"29":0,"30":0,"31":0,"32":0,"33":0,"34":0,"35":0,"36":0,"37":0,"38":0,"39":0,"40":0,"41":0,"42":0,"43":0,"44":0,"45":0,"46":0,"47":0,"48":0,"49":0,"50":0,"51":0,"52":0,"53":0,"54":0,"55":0,"56":0,"57":0,"58":0,"59":0,"60":0,"61":0,"62":0,"63":0,"64":0,"65":0,"66":0,"67":0,"68":0,"69":0,"70":0,"71":0,"72":0,"73":0,"74":0,"75":0,"76":0,"77":0,"78":0,"79":0,"80":0,"81":0,"82":0,"83":0},"f":{"0":0,"1":0,"2":0,"3":0,"4":0,"5":0,"6":0},"b":{"0":[0,0],"1":[0,0],"2":[0,0],"3":[0,0],"4":[0,0],"5":[0,0],"6":[0,0],"7":[0,0],"8":[0,0],"9":[0,0],"10":[0,0],"11":[0,0],"12":[0,0],"13":[0,0],"14":[0,0],"15":[0,0],"16":[0,0],"17":[0,0],"18":[0,0],"19":[0,0],"20":[0,0],"21":[0,0],"22":[0,0],"23":[0,0],"24":[0,0],"25":[0,0],"26":[0,0],"27":[0,0],"28":[0,0]}}
,"/Users/hoff/My Drive/dev/prompt-stack/content-stack-react/backend/routes/storage.ts": {"path":"/Users/hoff/My Drive/dev/prompt-stack/content-stack-react/backend/routes/storage.ts","statementMap":{"0":{"start":{"line":18,"column":15},"end":{"line":18,"column":23}},"1":{"start":{"line":24,"column":0},"end":{"line":65,"column":3}},"2":{"start":{"line":25,"column":2},"end":{"line":64,"column":3}},"3":{"start":{"line":26,"column":25},"end":{"line":26,"column":42}},"4":{"start":{"line":27,"column":67},"end":{"line":27,"column":69}},"5":{"start":{"line":30,"column":4},"end":{"line":53,"column":5}},"6":{"start":{"line":31,"column":22},"end":{"line":31,"column":54}},"7":{"start":{"line":33,"column":6},"end":{"line":52,"column":7}},"8":{"start":{"line":34,"column":22},"end":{"line":34,"column":47}},"9":{"start":{"line":35,"column":24},"end":{"line":35,"column":25}},"10":{"start":{"line":37,"column":8},"end":{"line":43,"column":9}},"11":{"start":{"line":38,"column":27},"end":{"line":38,"column":46}},"12":{"start":{"line":39,"column":23},"end":{"line":39,"column":46}},"13":{"start":{"line":40,"column":10},"end":{"line":42,"column":11}},"14":{"start":{"line":41,"column":12},"end":{"line":41,"column":35}},"15":{"start":{"line":45,"column":8},"end":{"line":48,"column":10}},"16":{"start":{"line":46,"column":35},"end":{"line":46,"column":53}},"17":{"start":{"line":51,"column":8},"end":{"line":51,"column":51}},"18":{"start":{"line":55,"column":4},"end":{"line":58,"column":7}},"19":{"start":{"line":60,"column":4},"end":{"line":63,"column":7}},"20":{"start":{"line":71,"column":0},"end":{"line":156,"column":3}},"21":{"start":{"line":72,"column":2},"end":{"line":155,"column":3}},"22":{"start":{"line":73,"column":25},"end":{"line":73,"column":42}},"23":{"start":{"line":81,"column":10},"end":{"line":81,"column":12}},"24":{"start":{"line":84,"column":4},"end":{"line":131,"column":5}},"25":{"start":{"line":85,"column":22},"end":{"line":85,"column":54}},"26":{"start":{"line":87,"column":6},"end":{"line":130,"column":7}},"27":{"start":{"line":89,"column":8},"end":{"line":89,"column":33}},"28":{"start":{"line":90,"column":22},"end":{"line":90,"column":47}},"29":{"start":{"line":91,"column":25},"end":{"line":91,"column":27}},"30":{"start":{"line":93,"column":8},"end":{"line":122,"column":9}},"31":{"start":{"line":95,"column":10},"end":{"line":95,"column":45}},"32":{"start":{"line":95,"column":36},"end":{"line":95,"column":45}},"33":{"start":{"line":97,"column":27},"end":{"line":97,"column":46}},"34":{"start":{"line":98,"column":23},"end":{"line":98,"column":46}},"35":{"start":{"line":101,"column":10},"end":{"line":121,"column":11}},"36":{"start":{"line":103,"column":32},"end":{"line":103,"column":34}},"37":{"start":{"line":104,"column":12},"end":{"line":110,"column":13}},"38":{"start":{"line":105,"column":35},"end":{"line":105,"column":56}},"39":{"start":{"line":106,"column":38},"end":{"line":106,"column":78}},"40":{"start":{"line":107,"column":14},"end":{"line":107,"column":53}},"41":{"start":{"line":112,"column":12},"end":{"line":120,"column":15}},"42":{"start":{"line":124,"column":8},"end":{"line":126,"column":9}},"43":{"start":{"line":125,"column":10},"end":{"line":125,"column":43}},"44":{"start":{"line":129,"column":8},"end":{"line":129,"column":75}},"45":{"start":{"line":134,"column":21},"end":{"line":134,"column":22}},"46":{"start":{"line":135,"column":20},"end":{"line":135,"column":21}},"47":{"start":{"line":137,"column":4},"end":{"line":140,"column":5}},"48":{"start":{"line":138,"column":6},"end":{"line":138,"column":33}},"49":{"start":{"line":139,"column":6},"end":{"line":139,"column":67}},"50":{"start":{"line":139,"column":47},"end":{"line":139,"column":62}},"51":{"start":{"line":142,"column":4},"end":{"line":149,"column":7}},"52":{"start":{"line":151,"column":4},"end":{"line":154,"column":7}},"53":{"start":{"line":162,"column":0},"end":{"line":203,"column":3}},"54":{"start":{"line":163,"column":2},"end":{"line":202,"column":3}},"55":{"start":{"line":164,"column":21},"end":{"line":164,"column":31}},"56":{"start":{"line":165,"column":25},"end":{"line":165,"column":42}},"57":{"start":{"line":166,"column":20},"end":{"line":166,"column":67}},"58":{"start":{"line":168,"column":4},"end":{"line":173,"column":5}},"59":{"start":{"line":169,"column":6},"end":{"line":172,"column":9}},"60":{"start":{"line":175,"column":18},"end":{"line":175,"column":43}},"61":{"start":{"line":176,"column":21},"end":{"line":176,"column":23}},"62":{"start":{"line":178,"column":4},"end":{"line":190,"column":5}},"63":{"start":{"line":179,"column":6},"end":{"line":179,"column":41}},"64":{"start":{"line":179,"column":32},"end":{"line":179,"column":41}},"65":{"start":{"line":181,"column":23},"end":{"line":181,"column":42}},"66":{"start":{"line":182,"column":19},"end":{"line":182,"column":42}},"67":{"start":{"line":184,"column":6},"end":{"line":189,"column":9}},"68":{"start":{"line":192,"column":4},"end":{"line":196,"column":7}},"69":{"start":{"line":198,"column":4},"end":{"line":201,"column":7}}},"fnMap":{"0":{"name":"(anonymous_0)","decl":{"start":{"line":24,"column":21},"end":{"line":24,"column":26}},"loc":{"start":{"line":24,"column":59},"end":{"line":65,"column":1}}},"1":{"name":"(anonymous_1)","decl":{"start":{"line":46,"column":30},"end":{"line":46,"column":31}},"loc":{"start":{"line":46,"column":35},"end":{"line":46,"column":53}}},"2":{"name":"(anonymous_2)","decl":{"start":{"line":71,"column":21},"end":{"line":71,"column":26}},"loc":{"start":{"line":71,"column":59},"end":{"line":156,"column":1}}},"3":{"name":"(anonymous_3)","decl":{"start":{"line":139,"column":32},"end":{"line":139,"column":33}},"loc":{"start":{"line":139,"column":47},"end":{"line":139,"column":62}}},"4":{"name":"(anonymous_4)","decl":{"start":{"line":162,"column":21},"end":{"line":162,"column":26}},"loc":{"start":{"line":162,"column":59},"end":{"line":203,"column":1}}}},"branchMap":{"0":{"loc":{"start":{"line":40,"column":10},"end":{"line":42,"column":11}},"type":"if","locations":[{"start":{"line":40,"column":10},"end":{"line":42,"column":11}},{"start":{},"end":{}}]},"1":{"loc":{"start":{"line":62,"column":13},"end":{"line":62,"column":83}},"type":"cond-expr","locations":[{"start":{"line":62,"column":38},"end":{"line":62,"column":51}},{"start":{"line":62,"column":54},"end":{"line":62,"column":83}}]},"2":{"loc":{"start":{"line":95,"column":10},"end":{"line":95,"column":45}},"type":"if","locations":[{"start":{"line":95,"column":10},"end":{"line":95,"column":45}},{"start":{},"end":{}}]},"3":{"loc":{"start":{"line":101,"column":10},"end":{"line":121,"column":11}},"type":"if","locations":[{"start":{"line":101,"column":10},"end":{"line":121,"column":11}},{"start":{},"end":{}}]},"4":{"loc":{"start":{"line":124,"column":8},"end":{"line":126,"column":9}},"type":"if","locations":[{"start":{"line":124,"column":8},"end":{"line":126,"column":9}},{"start":{},"end":{}}]},"5":{"loc":{"start":{"line":153,"column":13},"end":{"line":153,"column":87}},"type":"cond-expr","locations":[{"start":{"line":153,"column":38},"end":{"line":153,"column":51}},{"start":{"line":153,"column":54},"end":{"line":153,"column":87}}]},"6":{"loc":{"start":{"line":168,"column":4},"end":{"line":173,"column":5}},"type":"if","locations":[{"start":{"line":168,"column":4},"end":{"line":173,"column":5}},{"start":{},"end":{}}]},"7":{"loc":{"start":{"line":168,"column":8},"end":{"line":168,"column":49}},"type":"binary-expr","locations":[{"start":{"line":168,"column":8},"end":{"line":168,"column":16}},{"start":{"line":168,"column":20},"end":{"line":168,"column":49}}]},"8":{"loc":{"start":{"line":179,"column":6},"end":{"line":179,"column":41}},"type":"if","locations":[{"start":{"line":179,"column":6},"end":{"line":179,"column":41}},{"start":{},"end":{}}]},"9":{"loc":{"start":{"line":200,"column":13},"end":{"line":200,"column":84}},"type":"cond-expr","locations":[{"start":{"line":200,"column":38},"end":{"line":200,"column":51}},{"start":{"line":200,"column":54},"end":{"line":200,"column":84}}]}},"s":{"0":0,"1":0,"2":0,"3":0,"4":0,"5":0,"6":0,"7":0,"8":0,"9":0,"10":0,"11":0,"12":0,"13":0,"14":0,"15":0,"16":0,"17":0,"18":0,"19":0,"20":0,"21":0,"22":0,"23":0,"24":0,"25":0,"26":0,"27":0,"28":0,"29":0,"30":0,"31":0,"32":0,"33":0,"34":0,"35":0,"36":0,"37":0,"38":0,"39":0,"40":0,"41":0,"42":0,"43":0,"44":0,"45":0,"46":0,"47":0,"48":0,"49":0,"50":0,"51":0,"52":0,"53":0,"54":0,"55":0,"56":0,"57":0,"58":0,"59":0,"60":0,"61":0,"62":0,"63":0,"64":0,"65":0,"66":0,"67":0,"68":0,"69":0},"f":{"0":0,"1":0,"2":0,"3":0,"4":0},"b":{"0":[0,0],"1":[0,0],"2":[0,0],"3":[0,0],"4":[0,0],"5":[0,0],"6":[0,0],"7":[0,0],"8":[0,0],"9":[0,0]}}
,"/Users/hoff/My Drive/dev/prompt-stack/content-stack-react/backend/services/ContentInboxService.ts": {"path":"/Users/hoff/My Drive/dev/prompt-stack/content-stack-react/backend/services/ContentInboxService.ts","statementMap":{"0":{"start":{"line":13,"column":0},"end":{"line":13,"column":36}},"1":{"start":{"line":14,"column":0},"end":{"line":14,"column":28}},"2":{"start":{"line":21,"column":0},"end":{"line":21,"column":57}},"3":{"start":{"line":22,"column":0},"end":{"line":22,"column":72}},"4":{"start":{"line":23,"column":0},"end":{"line":23,"column":null}},"5":{"start":{"line":31,"column":10},"end":{"line":31,"column":null}},"6":{"start":{"line":32,"column":10},"end":{"line":32,"column":null}},"7":{"start":{"line":33,"column":10},"end":{"line":33,"column":null}},"8":{"start":{"line":36,"column":4},"end":{"line":36,"column":27}},"9":{"start":{"line":37,"column":4},"end":{"line":37,"column":49}},"10":{"start":{"line":38,"column":4},"end":{"line":38,"column":49}},"11":{"start":{"line":47,"column":4},"end":{"line":103,"column":5}},"12":{"start":{"line":49,"column":23},"end":{"line":49,"column":44}},"13":{"start":{"line":52,"column":6},"end":{"line":52,"column":42}},"14":{"start":{"line":55,"column":28},"end":{"line":55,"column":80}},"15":{"start":{"line":58,"column":28},"end":{"line":58,"column":82}},"16":{"start":{"line":59,"column":26},"end":{"line":59,"column":104}},"17":{"start":{"line":62,"column":6},"end":{"line":66,"column":8}},"18":{"start":{"line":69,"column":28},"end":{"line":69,"column":76}},"19":{"start":{"line":70,"column":6},"end":{"line":75,"column":7}},"20":{"start":{"line":71,"column":8},"end":{"line":74,"column":10}},"21":{"start":{"line":78,"column":33},"end":{"line":84,"column":8}},"22":{"start":{"line":86,"column":29},"end":{"line":86,"column":77}},"23":{"start":{"line":87,"column":6},"end":{"line":92,"column":7}},"24":{"start":{"line":88,"column":8},"end":{"line":91,"column":10}},"25":{"start":{"line":94,"column":6},"end":{"line":97,"column":8}},"26":{"start":{"line":99,"column":6},"end":{"line":102,"column":8}},"27":{"start":{"line":111,"column":4},"end":{"line":156,"column":5}},"28":{"start":{"line":112,"column":6},"end":{"line":112,"column":42}},"29":{"start":{"line":114,"column":28},"end":{"line":114,"column":63}},"30":{"start":{"line":115,"column":31},"end":{"line":117,"column":69}},"31":{"start":{"line":116,"column":24},"end":{"line":116,"column":46}},"32":{"start":{"line":117,"column":21},"end":{"line":117,"column":68}},"33":{"start":{"line":119,"column":22},"end":{"line":119,"column":64}},"34":{"start":{"line":121,"column":44},"end":{"line":121,"column":46}},"35":{"start":{"line":122,"column":41},"end":{"line":122,"column":43}},"36":{"start":{"line":124,"column":6},"end":{"line":139,"column":7}},"37":{"start":{"line":125,"column":8},"end":{"line":138,"column":9}},"38":{"start":{"line":126,"column":27},"end":{"line":126,"column":39}},"39":{"start":{"line":129,"column":30},"end":{"line":129,"column":78}},"40":{"start":{"line":130,"column":10},"end":{"line":137,"column":11}},"41":{"start":{"line":131,"column":12},"end":{"line":131,"column":41}},"42":{"start":{"line":132,"column":12},"end":{"line":132,"column":38}},"43":{"start":{"line":135,"column":12},"end":{"line":135,"column":115}},"44":{"start":{"line":136,"column":12},"end":{"line":136,"column":47}},"45":{"start":{"line":142,"column":6},"end":{"line":150,"column":7}},"46":{"start":{"line":143,"column":8},"end":{"line":149,"column":9}},"47":{"start":{"line":144,"column":31},"end":{"line":144,"column":76}},"48":{"start":{"line":145,"column":10},"end":{"line":145,"column":40}},"49":{"start":{"line":146,"column":10},"end":{"line":146,"column":83}},"50":{"start":{"line":148,"column":10},"end":{"line":148,"column":94}},"51":{"start":{"line":152,"column":6},"end":{"line":152,"column":108}},"52":{"start":{"line":152,"column":39},"end":{"line":152,"column":106}},"53":{"start":{"line":154,"column":6},"end":{"line":154,"column":59}},"54":{"start":{"line":155,"column":6},"end":{"line":155,"column":16}},"55":{"start":{"line":164,"column":4},"end":{"line":170,"column":5}},"56":{"start":{"line":165,"column":27},"end":{"line":165,"column":64}},"57":{"start":{"line":166,"column":30},"end":{"line":166,"column":70}},"58":{"start":{"line":167,"column":6},"end":{"line":167,"column":60}},"59":{"start":{"line":169,"column":6},"end":{"line":169,"column":18}},"60":{"start":{"line":178,"column":4},"end":{"line":213,"column":5}},"61":{"start":{"line":179,"column":31},"end":{"line":179,"column":61}},"62":{"start":{"line":180,"column":6},"end":{"line":185,"column":7}},"63":{"start":{"line":181,"column":8},"end":{"line":184,"column":10}},"64":{"start":{"line":188,"column":47},"end":{"line":205,"column":8}},"65":{"start":{"line":207,"column":6},"end":{"line":207,"column":59}},"66":{"start":{"line":209,"column":6},"end":{"line":212,"column":8}},"67":{"start":{"line":221,"column":4},"end":{"line":269,"column":5}},"68":{"start":{"line":222,"column":23},"end":{"line":222,"column":53}},"69":{"start":{"line":223,"column":6},"end":{"line":228,"column":7}},"70":{"start":{"line":224,"column":8},"end":{"line":227,"column":10}},"71":{"start":{"line":231,"column":26},"end":{"line":231,"column":74}},"72":{"start":{"line":232,"column":6},"end":{"line":232,"column":80}},"73":{"start":{"line":233,"column":6},"end":{"line":243,"column":7}},"74":{"start":{"line":234,"column":8},"end":{"line":234,"column":37}},"75":{"start":{"line":235,"column":8},"end":{"line":235,"column":37}},"76":{"start":{"line":236,"column":8},"end":{"line":236,"column":66}},"77":{"start":{"line":238,"column":8},"end":{"line":242,"column":9}},"78":{"start":{"line":239,"column":10},"end":{"line":239,"column":79}},"79":{"start":{"line":241,"column":10},"end":{"line":241,"column":22}},"80":{"start":{"line":246,"column":27},"end":{"line":246,"column":64}},"81":{"start":{"line":247,"column":6},"end":{"line":247,"column":82}},"82":{"start":{"line":248,"column":6},"end":{"line":258,"column":7}},"83":{"start":{"line":249,"column":8},"end":{"line":249,"column":38}},"84":{"start":{"line":250,"column":8},"end":{"line":250,"column":38}},"85":{"start":{"line":251,"column":8},"end":{"line":251,"column":67}},"86":{"start":{"line":253,"column":8},"end":{"line":257,"column":9}},"87":{"start":{"line":254,"column":10},"end":{"line":254,"column":81}},"88":{"start":{"line":256,"column":10},"end":{"line":256,"column":22}},"89":{"start":{"line":260,"column":6},"end":{"line":263,"column":8}},"90":{"start":{"line":265,"column":6},"end":{"line":268,"column":8}},"91":{"start":{"line":277,"column":4},"end":{"line":294,"column":5}},"92":{"start":{"line":279,"column":25},"end":{"line":279,"column":48}},"93":{"start":{"line":280,"column":6},"end":{"line":280,"column":54}},"94":{"start":{"line":283,"column":6},"end":{"line":283,"column":75}},"95":{"start":{"line":285,"column":6},"end":{"line":288,"column":8}},"96":{"start":{"line":290,"column":6},"end":{"line":293,"column":8}},"97":{"start":{"line":302,"column":4},"end":{"line":315,"column":5}},"98":{"start":{"line":303,"column":27},"end":{"line":303,"column":73}},"99":{"start":{"line":304,"column":6},"end":{"line":304,"column":83}},"100":{"start":{"line":306,"column":6},"end":{"line":309,"column":8}},"101":{"start":{"line":311,"column":6},"end":{"line":314,"column":8}},"102":{"start":{"line":323,"column":17},"end":{"line":323,"column":56}},"103":{"start":{"line":325,"column":4},"end":{"line":327,"column":5}},"104":{"start":{"line":326,"column":6},"end":{"line":326,"column":47}},"105":{"start":{"line":30,"column":0},"end":{"line":30,"column":13}}},"fnMap":{"0":{"name":"(anonymous_0)","decl":{"start":{"line":35,"column":2},"end":{"line":35,"column":14}},"loc":{"start":{"line":35,"column":45},"end":{"line":39,"column":3}}},"1":{"name":"(anonymous_1)","decl":{"start":{"line":46,"column":2},"end":{"line":46,"column":7}},"loc":{"start":{"line":46,"column":63},"end":{"line":104,"column":3}}},"2":{"name":"(anonymous_2)","decl":{"start":{"line":110,"column":2},"end":{"line":110,"column":7}},"loc":{"start":{"line":110,"column":23},"end":{"line":157,"column":3}}},"3":{"name":"(anonymous_3)","decl":{"start":{"line":116,"column":16},"end":{"line":116,"column":20}},"loc":{"start":{"line":116,"column":24},"end":{"line":116,"column":46}}},"4":{"name":"(anonymous_4)","decl":{"start":{"line":117,"column":13},"end":{"line":117,"column":17}},"loc":{"start":{"line":117,"column":21},"end":{"line":117,"column":68}}},"5":{"name":"(anonymous_5)","decl":{"start":{"line":152,"column":29},"end":{"line":152,"column":30}},"loc":{"start":{"line":152,"column":39},"end":{"line":152,"column":106}}},"6":{"name":"(anonymous_6)","decl":{"start":{"line":163,"column":2},"end":{"line":163,"column":7}},"loc":{"start":{"line":163,"column":34},"end":{"line":171,"column":3}}},"7":{"name":"(anonymous_7)","decl":{"start":{"line":177,"column":2},"end":{"line":177,"column":7}},"loc":{"start":{"line":177,"column":68},"end":{"line":214,"column":3}}},"8":{"name":"(anonymous_8)","decl":{"start":{"line":220,"column":2},"end":{"line":220,"column":7}},"loc":{"start":{"line":220,"column":32},"end":{"line":270,"column":3}}},"9":{"name":"(anonymous_9)","decl":{"start":{"line":276,"column":10},"end":{"line":276,"column":15}},"loc":{"start":{"line":276,"column":77},"end":{"line":295,"column":3}}},"10":{"name":"(anonymous_10)","decl":{"start":{"line":301,"column":10},"end":{"line":301,"column":15}},"loc":{"start":{"line":301,"column":59},"end":{"line":316,"column":3}}},"11":{"name":"(anonymous_11)","decl":{"start":{"line":322,"column":10},"end":{"line":322,"column":15}},"loc":{"start":{"line":322,"column":38},"end":{"line":328,"column":3}}}},"branchMap":{"0":{"loc":{"start":{"line":35,"column":14},"end":{"line":35,"column":45}},"type":"default-arg","locations":[{"start":{"line":35,"column":32},"end":{"line":35,"column":45}}]},"1":{"loc":{"start":{"line":55,"column":48},"end":{"line":55,"column":79}},"type":"binary-expr","locations":[{"start":{"line":55,"column":48},"end":{"line":55,"column":69}},{"start":{"line":55,"column":73},"end":{"line":55,"column":79}}]},"2":{"loc":{"start":{"line":58,"column":28},"end":{"line":58,"column":82}},"type":"binary-expr","locations":[{"start":{"line":58,"column":28},"end":{"line":58,"column":73}},{"start":{"line":58,"column":77},"end":{"line":58,"column":82}}]},"3":{"loc":{"start":{"line":65,"column":14},"end":{"line":65,"column":40}},"type":"binary-expr","locations":[{"start":{"line":65,"column":14},"end":{"line":65,"column":35}},{"start":{"line":65,"column":39},"end":{"line":65,"column":40}}]},"4":{"loc":{"start":{"line":70,"column":6},"end":{"line":75,"column":7}},"type":"if","locations":[{"start":{"line":70,"column":6},"end":{"line":75,"column":7}},{"start":{},"end":{}}]},"5":{"loc":{"start":{"line":87,"column":6},"end":{"line":92,"column":7}},"type":"if","locations":[{"start":{"line":87,"column":6},"end":{"line":92,"column":7}},{"start":{},"end":{}}]},"6":{"loc":{"start":{"line":101,"column":15},"end":{"line":101,"column":80}},"type":"cond-expr","locations":[{"start":{"line":101,"column":40},"end":{"line":101,"column":53}},{"start":{"line":101,"column":56},"end":{"line":101,"column":80}}]},"7":{"loc":{"start":{"line":125,"column":8},"end":{"line":138,"column":9}},"type":"if","locations":[{"start":{"line":125,"column":8},"end":{"line":138,"column":9}},{"start":{},"end":{}}]},"8":{"loc":{"start":{"line":125,"column":12},"end":{"line":125,"column":66}},"type":"binary-expr","locations":[{"start":{"line":125,"column":12},"end":{"line":125,"column":41}},{"start":{"line":125,"column":45},"end":{"line":125,"column":66}}]},"9":{"loc":{"start":{"line":180,"column":6},"end":{"line":185,"column":7}},"type":"if","locations":[{"start":{"line":180,"column":6},"end":{"line":185,"column":7}},{"start":{},"end":{}}]},"10":{"loc":{"start":{"line":193,"column":17},"end":{"line":196,"column":36}},"type":"cond-expr","locations":[{"start":{"line":193,"column":35},"end":{"line":196,"column":10}},{"start":{"line":196,"column":12},"end":{"line":196,"column":36}}]},"11":{"loc":{"start":{"line":197,"column":16},"end":{"line":200,"column":35}},"type":"cond-expr","locations":[{"start":{"line":197,"column":33},"end":{"line":200,"column":10}},{"start":{"line":200,"column":12},"end":{"line":200,"column":35}}]},"12":{"loc":{"start":{"line":201,"column":22},"end":{"line":204,"column":41}},"type":"cond-expr","locations":[{"start":{"line":201,"column":45},"end":{"line":204,"column":10}},{"start":{"line":204,"column":12},"end":{"line":204,"column":41}}]},"13":{"loc":{"start":{"line":211,"column":15},"end":{"line":211,"column":80}},"type":"cond-expr","locations":[{"start":{"line":211,"column":40},"end":{"line":211,"column":53}},{"start":{"line":211,"column":56},"end":{"line":211,"column":80}}]},"14":{"loc":{"start":{"line":223,"column":6},"end":{"line":228,"column":7}},"type":"if","locations":[{"start":{"line":223,"column":6},"end":{"line":228,"column":7}},{"start":{},"end":{}}]},"15":{"loc":{"start":{"line":238,"column":8},"end":{"line":242,"column":9}},"type":"if","locations":[{"start":{"line":238,"column":8},"end":{"line":242,"column":9}},{"start":{"line":240,"column":15},"end":{"line":242,"column":9}}]},"16":{"loc":{"start":{"line":253,"column":8},"end":{"line":257,"column":9}},"type":"if","locations":[{"start":{"line":253,"column":8},"end":{"line":257,"column":9}},{"start":{"line":255,"column":15},"end":{"line":257,"column":9}}]},"17":{"loc":{"start":{"line":267,"column":15},"end":{"line":267,"column":80}},"type":"cond-expr","locations":[{"start":{"line":267,"column":40},"end":{"line":267,"column":53}},{"start":{"line":267,"column":56},"end":{"line":267,"column":80}}]},"18":{"loc":{"start":{"line":292,"column":15},"end":{"line":292,"column":84}},"type":"cond-expr","locations":[{"start":{"line":292,"column":40},"end":{"line":292,"column":53}},{"start":{"line":292,"column":56},"end":{"line":292,"column":84}}]},"19":{"loc":{"start":{"line":313,"column":15},"end":{"line":313,"column":87}},"type":"cond-expr","locations":[{"start":{"line":313,"column":40},"end":{"line":313,"column":53}},{"start":{"line":313,"column":56},"end":{"line":313,"column":87}}]}},"s":{"0":1,"1":1,"2":1,"3":1,"4":1,"5":19,"6":19,"7":19,"8":19,"9":19,"10":19,"11":5,"12":5,"13":5,"14":5,"15":5,"16":5,"17":5,"18":5,"19":5,"20":1,"21":4,"22":4,"23":4,"24":1,"25":3,"26":0,"27":5,"28":5,"29":5,"30":4,"31":4,"32":3,"33":4,"34":4,"35":4,"36":4,"37":3,"38":3,"39":3,"40":3,"41":3,"42":2,"43":1,"44":1,"45":4,"46":1,"47":1,"48":1,"49":1,"50":0,"51":4,"52":1,"53":1,"54":1,"55":12,"56":12,"57":12,"58":9,"59":3,"60":3,"61":3,"62":3,"63":1,"64":2,"65":2,"66":0,"67":4,"68":4,"69":4,"70":1,"71":3,"72":3,"73":3,"74":3,"75":2,"76":1,"77":2,"78":1,"79":1,"80":2,"81":2,"82":2,"83":2,"84":2,"85":2,"86":0,"87":0,"88":0,"89":2,"90":1,"91":5,"92":5,"93":5,"94":5,"95":4,"96":1,"97":6,"98":6,"99":6,"100":4,"101":2,"102":10,"103":10,"104":30,"105":1},"f":{"0":19,"1":5,"2":5,"3":4,"4":3,"5":1,"6":12,"7":3,"8":4,"9":5,"10":6,"11":10},"b":{"0":[0],"1":[5,0],"2":[5,0],"3":[5,0],"4":[1,4],"5":[1,3],"6":[0,0],"7":[3,0],"8":[3,3],"9":[1,2],"10":[2,0],"11":[0,2],"12":[0,2],"13":[0,0],"14":[1,3],"15":[1,1],"16":[0,0],"17":[1,0],"18":[1,0],"19":[2,0]}}
,"/Users/hoff/My Drive/dev/prompt-stack/content-stack-react/backend/services/MetadataService.ts": {"path":"/Users/hoff/My Drive/dev/prompt-stack/content-stack-react/backend/services/MetadataService.ts","statementMap":{"0":{"start":{"line":13,"column":0},"end":{"line":13,"column":36}},"1":{"start":{"line":14,"column":0},"end":{"line":14,"column":28}},"2":{"start":{"line":16,"column":0},"end":{"line":16,"column":60}},"3":{"start":{"line":19,"column":10},"end":{"line":19,"column":null}},"4":{"start":{"line":22,"column":4},"end":{"line":22,"column":48}},"5":{"start":{"line":30,"column":4},"end":{"line":54,"column":5}},"6":{"start":{"line":31,"column":6},"end":{"line":31,"column":60}},"7":{"start":{"line":33,"column":20},"end":{"line":33,"column":54}},"8":{"start":{"line":34,"column":28},"end":{"line":34,"column":72}},"9":{"start":{"line":34,"column":49},"end":{"line":34,"column":71}},"10":{"start":{"line":36,"column":31},"end":{"line":45,"column":8}},"11":{"start":{"line":37,"column":8},"end":{"line":44,"column":9}},"12":{"start":{"line":38,"column":27},"end":{"line":38,"column":55}},"13":{"start":{"line":39,"column":26},"end":{"line":39,"column":62}},"14":{"start":{"line":40,"column":10},"end":{"line":40,"column":56}},"15":{"start":{"line":42,"column":10},"end":{"line":42,"column":71}},"16":{"start":{"line":43,"column":10},"end":{"line":43,"column":22}},"17":{"start":{"line":47,"column":22},"end":{"line":47,"column":57}},"18":{"start":{"line":48,"column":6},"end":{"line":50,"column":93}},"19":{"start":{"line":49,"column":51},"end":{"line":49,"column":64}},"20":{"start":{"line":50,"column":24},"end":{"line":50,"column":91}},"21":{"start":{"line":52,"column":6},"end":{"line":52,"column":58}},"22":{"start":{"line":53,"column":6},"end":{"line":53,"column":16}},"23":{"start":{"line":62,"column":24},"end":{"line":62,"column":51}},"24":{"start":{"line":63,"column":4},"end":{"line":63,"column":62}},"25":{"start":{"line":63,"column":38},"end":{"line":63,"column":60}},"26":{"start":{"line":71,"column":24},"end":{"line":71,"column":51}},"27":{"start":{"line":72,"column":4},"end":{"line":72,"column":66}},"28":{"start":{"line":72,"column":38},"end":{"line":72,"column":64}},"29":{"start":{"line":80,"column":24},"end":{"line":80,"column":51}},"30":{"start":{"line":81,"column":4},"end":{"line":81,"column":69}},"31":{"start":{"line":81,"column":38},"end":{"line":81,"column":67}},"32":{"start":{"line":94,"column":24},"end":{"line":94,"column":51}},"33":{"start":{"line":96,"column":52},"end":{"line":99,"column":6}},"34":{"start":{"line":101,"column":43},"end":{"line":101,"column":45}},"35":{"start":{"line":102,"column":45},"end":{"line":102,"column":47}},"36":{"start":{"line":104,"column":4},"end":{"line":113,"column":7}},"37":{"start":{"line":106,"column":6},"end":{"line":106,"column":30}},"38":{"start":{"line":109,"column":6},"end":{"line":109,"column":71}},"39":{"start":{"line":112,"column":6},"end":{"line":112,"column":77}},"40":{"start":{"line":115,"column":4},"end":{"line":120,"column":6}},"41":{"start":{"line":128,"column":24},"end":{"line":128,"column":51}},"42":{"start":{"line":129,"column":4},"end":{"line":129,"column":64}},"43":{"start":{"line":129,"column":36},"end":{"line":129,"column":62}},"44":{"start":{"line":137,"column":24},"end":{"line":137,"column":51}},"45":{"start":{"line":138,"column":4},"end":{"line":138,"column":72}},"46":{"start":{"line":138,"column":36},"end":{"line":138,"column":62}},"47":{"start":{"line":146,"column":24},"end":{"line":146,"column":51}},"48":{"start":{"line":147,"column":27},"end":{"line":147,"column":46}},"49":{"start":{"line":149,"column":4},"end":{"line":152,"column":6}},"50":{"start":{"line":150,"column":6},"end":{"line":151,"column":67}},"51":{"start":{"line":160,"column":24},"end":{"line":160,"column":51}},"52":{"start":{"line":161,"column":4},"end":{"line":161,"column":39}},"53":{"start":{"line":169,"column":24},"end":{"line":169,"column":51}},"54":{"start":{"line":170,"column":4},"end":{"line":170,"column":30}},"55":{"start":{"line":18,"column":0},"end":{"line":18,"column":13}}},"fnMap":{"0":{"name":"(anonymous_0)","decl":{"start":{"line":21,"column":2},"end":{"line":21,"column":14}},"loc":{"start":{"line":21,"column":45},"end":{"line":23,"column":3}}},"1":{"name":"(anonymous_1)","decl":{"start":{"line":29,"column":2},"end":{"line":29,"column":7}},"loc":{"start":{"line":29,"column":22},"end":{"line":55,"column":3}}},"2":{"name":"(anonymous_2)","decl":{"start":{"line":34,"column":41},"end":{"line":34,"column":45}},"loc":{"start":{"line":34,"column":49},"end":{"line":34,"column":71}}},"3":{"name":"(anonymous_3)","decl":{"start":{"line":36,"column":49},"end":{"line":36,"column":54}},"loc":{"start":{"line":36,"column":64},"end":{"line":45,"column":7}}},"4":{"name":"(anonymous_4)","decl":{"start":{"line":49,"column":16},"end":{"line":49,"column":17}},"loc":{"start":{"line":49,"column":51},"end":{"line":49,"column":64}}},"5":{"name":"(anonymous_5)","decl":{"start":{"line":50,"column":14},"end":{"line":50,"column":15}},"loc":{"start":{"line":50,"column":24},"end":{"line":50,"column":91}}},"6":{"name":"(anonymous_6)","decl":{"start":{"line":61,"column":2},"end":{"line":61,"column":7}},"loc":{"start":{"line":61,"column":50},"end":{"line":64,"column":3}}},"7":{"name":"(anonymous_7)","decl":{"start":{"line":63,"column":30},"end":{"line":63,"column":34}},"loc":{"start":{"line":63,"column":38},"end":{"line":63,"column":60}}},"8":{"name":"(anonymous_8)","decl":{"start":{"line":70,"column":2},"end":{"line":70,"column":7}},"loc":{"start":{"line":70,"column":39},"end":{"line":73,"column":3}}},"9":{"name":"(anonymous_9)","decl":{"start":{"line":72,"column":30},"end":{"line":72,"column":34}},"loc":{"start":{"line":72,"column":38},"end":{"line":72,"column":64}}},"10":{"name":"(anonymous_10)","decl":{"start":{"line":79,"column":2},"end":{"line":79,"column":7}},"loc":{"start":{"line":79,"column":43},"end":{"line":82,"column":3}}},"11":{"name":"(anonymous_11)","decl":{"start":{"line":81,"column":30},"end":{"line":81,"column":34}},"loc":{"start":{"line":81,"column":38},"end":{"line":81,"column":67}}},"12":{"name":"(anonymous_12)","decl":{"start":{"line":88,"column":2},"end":{"line":88,"column":7}},"loc":{"start":{"line":88,"column":24},"end":{"line":121,"column":3}}},"13":{"name":"(anonymous_13)","decl":{"start":{"line":104,"column":24},"end":{"line":104,"column":28}},"loc":{"start":{"line":104,"column":31},"end":{"line":113,"column":5}}},"14":{"name":"(anonymous_14)","decl":{"start":{"line":127,"column":2},"end":{"line":127,"column":7}},"loc":{"start":{"line":127,"column":35},"end":{"line":130,"column":3}}},"15":{"name":"(anonymous_15)","decl":{"start":{"line":129,"column":28},"end":{"line":129,"column":32}},"loc":{"start":{"line":129,"column":36},"end":{"line":129,"column":62}}},"16":{"name":"(anonymous_16)","decl":{"start":{"line":136,"column":2},"end":{"line":136,"column":7}},"loc":{"start":{"line":136,"column":39},"end":{"line":139,"column":3}}},"17":{"name":"(anonymous_17)","decl":{"start":{"line":138,"column":28},"end":{"line":138,"column":32}},"loc":{"start":{"line":138,"column":36},"end":{"line":138,"column":62}}},"18":{"name":"(anonymous_18)","decl":{"start":{"line":145,"column":2},"end":{"line":145,"column":7}},"loc":{"start":{"line":145,"column":45},"end":{"line":153,"column":3}}},"19":{"name":"(anonymous_19)","decl":{"start":{"line":149,"column":30},"end":{"line":149,"column":34}},"loc":{"start":{"line":150,"column":6},"end":{"line":151,"column":67}}},"20":{"name":"(anonymous_20)","decl":{"start":{"line":159,"column":2},"end":{"line":159,"column":7}},"loc":{"start":{"line":159,"column":44},"end":{"line":162,"column":3}}},"21":{"name":"(anonymous_21)","decl":{"start":{"line":168,"column":2},"end":{"line":168,"column":7}},"loc":{"start":{"line":168,"column":21},"end":{"line":171,"column":3}}}},"branchMap":{"0":{"loc":{"start":{"line":21,"column":14},"end":{"line":21,"column":45}},"type":"default-arg","locations":[{"start":{"line":21,"column":32},"end":{"line":21,"column":45}}]},"1":{"loc":{"start":{"line":109,"column":35},"end":{"line":109,"column":65}},"type":"binary-expr","locations":[{"start":{"line":109,"column":35},"end":{"line":109,"column":60}},{"start":{"line":109,"column":64},"end":{"line":109,"column":65}}]},"2":{"loc":{"start":{"line":112,"column":38},"end":{"line":112,"column":71}},"type":"binary-expr","locations":[{"start":{"line":112,"column":38},"end":{"line":112,"column":66}},{"start":{"line":112,"column":70},"end":{"line":112,"column":71}}]},"3":{"loc":{"start":{"line":138,"column":11},"end":{"line":138,"column":71}},"type":"binary-expr","locations":[{"start":{"line":138,"column":11},"end":{"line":138,"column":63}},{"start":{"line":138,"column":67},"end":{"line":138,"column":71}}]},"4":{"loc":{"start":{"line":150,"column":6},"end":{"line":151,"column":67}},"type":"binary-expr","locations":[{"start":{"line":150,"column":6},"end":{"line":150,"column":63}},{"start":{"line":151,"column":6},"end":{"line":151,"column":67}}]},"5":{"loc":{"start":{"line":159,"column":26},"end":{"line":159,"column":44}},"type":"default-arg","locations":[{"start":{"line":159,"column":42},"end":{"line":159,"column":44}}]}},"s":{"0":1,"1":1,"2":1,"3":11,"4":11,"5":5,"6":5,"7":5,"8":5,"9":9,"10":5,"11":5,"12":5,"13":5,"14":4,"15":2,"16":2,"17":5,"18":5,"19":5,"20":1,"21":0,"22":0,"23":0,"24":0,"25":0,"26":0,"27":0,"28":0,"29":0,"30":0,"31":0,"32":0,"33":0,"34":0,"35":0,"36":0,"37":0,"38":0,"39":0,"40":0,"41":0,"42":0,"43":0,"44":0,"45":0,"46":0,"47":0,"48":0,"49":0,"50":0,"51":0,"52":0,"53":0,"54":0,"55":1},"f":{"0":11,"1":5,"2":9,"3":5,"4":5,"5":1,"6":0,"7":0,"8":0,"9":0,"10":0,"11":0,"12":0,"13":0,"14":0,"15":0,"16":0,"17":0,"18":0,"19":0,"20":0,"21":0},"b":{"0":[0],"1":[0,0],"2":[0,0],"3":[0,0],"4":[0,0],"5":[0]}}
,"/Users/hoff/My Drive/dev/prompt-stack/content-stack-react/backend/utils/calculateWordCount.ts": {"path":"/Users/hoff/My Drive/dev/prompt-stack/content-stack-react/backend/utils/calculateWordCount.ts","statementMap":{"0":{"start":{"line":15,"column":0},"end":{"line":15,"column":16}},"1":{"start":{"line":16,"column":2},"end":{"line":18,"column":3}},"2":{"start":{"line":17,"column":4},"end":{"line":17,"column":13}},"3":{"start":{"line":21,"column":16},"end":{"line":24,"column":36}},"4":{"start":{"line":24,"column":20},"end":{"line":24,"column":35}},"5":{"start":{"line":26,"column":2},"end":{"line":26,"column":22}}},"fnMap":{"0":{"name":"calculateWordCount","decl":{"start":{"line":15,"column":16},"end":{"line":15,"column":34}},"loc":{"start":{"line":15,"column":50},"end":{"line":27,"column":1}}},"1":{"name":"(anonymous_1)","decl":{"start":{"line":24,"column":12},"end":{"line":24,"column":16}},"loc":{"start":{"line":24,"column":20},"end":{"line":24,"column":35}}}},"branchMap":{"0":{"loc":{"start":{"line":16,"column":2},"end":{"line":18,"column":3}},"type":"if","locations":[{"start":{"line":16,"column":2},"end":{"line":18,"column":3}},{"start":{},"end":{}}]},"1":{"loc":{"start":{"line":16,"column":6},"end":{"line":16,"column":45}},"type":"binary-expr","locations":[{"start":{"line":16,"column":6},"end":{"line":16,"column":14}},{"start":{"line":16,"column":18},"end":{"line":16,"column":45}}]}},"s":{"0":1,"1":38,"2":7,"3":31,"4":51094,"5":31},"f":{"0":38,"1":51094},"b":{"0":[7,31],"1":[38,35]}}
,"/Users/hoff/My Drive/dev/prompt-stack/content-stack-react/backend/utils/createMetadata.ts": {"path":"/Users/hoff/My Drive/dev/prompt-stack/content-stack-react/backend/utils/createMetadata.ts","statementMap":{"0":{"start":{"line":23,"column":0},"end":{"line":23,"column":16}},"1":{"start":{"line":12,"column":0},"end":{"line":12,"column":56}},"2":{"start":{"line":13,"column":0},"end":{"line":13,"column":56}},"3":{"start":{"line":14,"column":0},"end":{"line":14,"column":46}},"4":{"start":{"line":15,"column":0},"end":{"line":15,"column":58}},"5":{"start":{"line":16,"column":0},"end":{"line":16,"column":46}},"6":{"start":{"line":17,"column":0},"end":{"line":17,"column":64}},"7":{"start":{"line":24,"column":13},"end":{"line":24,"column":32}},"8":{"start":{"line":25,"column":20},"end":{"line":25,"column":44}},"9":{"start":{"line":26,"column":15},"end":{"line":26,"column":63}},"10":{"start":{"line":27,"column":16},"end":{"line":27,"column":77}},"11":{"start":{"line":28,"column":20},"end":{"line":28,"column":53}},"12":{"start":{"line":29,"column":15},"end":{"line":29,"column":42}},"13":{"start":{"line":32,"column":24},"end":{"line":32,"column":62}},"14":{"start":{"line":33,"column":22},"end":{"line":33,"column":66}},"15":{"start":{"line":35,"column":2},"end":{"line":57,"column":4}},"16":{"start":{"line":66,"column":2},"end":{"line":71,"column":3}},"17":{"start":{"line":67,"column":20},"end":{"line":67,"column":45}},"18":{"start":{"line":68,"column":4},"end":{"line":70,"column":5}},"19":{"start":{"line":69,"column":6},"end":{"line":69,"column":45}},"20":{"start":{"line":74,"column":2},"end":{"line":99,"column":3}},"21":{"start":{"line":76,"column":6},"end":{"line":76,"column":19}},"22":{"start":{"line":78,"column":6},"end":{"line":78,"column":18}},"23":{"start":{"line":80,"column":6},"end":{"line":80,"column":20}},"24":{"start":{"line":82,"column":6},"end":{"line":82,"column":19}},"25":{"start":{"line":84,"column":6},"end":{"line":84,"column":19}},"26":{"start":{"line":86,"column":6},"end":{"line":86,"column":19}},"27":{"start":{"line":88,"column":6},"end":{"line":88,"column":19}},"28":{"start":{"line":90,"column":6},"end":{"line":90,"column":20}},"29":{"start":{"line":92,"column":6},"end":{"line":92,"column":19}},"30":{"start":{"line":94,"column":6},"end":{"line":94,"column":19}},"31":{"start":{"line":96,"column":6},"end":{"line":96,"column":19}},"32":{"start":{"line":98,"column":6},"end":{"line":98,"column":19}}},"fnMap":{"0":{"name":"createMetadata","decl":{"start":{"line":23,"column":16},"end":{"line":23,"column":30}},"loc":{"start":{"line":23,"column":62},"end":{"line":58,"column":1}}},"1":{"name":"getFileExtension","decl":{"start":{"line":64,"column":9},"end":{"line":64,"column":25}},"loc":{"start":{"line":64,"column":57},"end":{"line":100,"column":1}}}},"branchMap":{"0":{"loc":{"start":{"line":27,"column":16},"end":{"line":27,"column":77}},"type":"cond-expr","locations":[{"start":{"line":27,"column":33},"end":{"line":27,"column":47}},{"start":{"line":27,"column":50},"end":{"line":27,"column":77}}]},"1":{"loc":{"start":{"line":42,"column":11},"end":{"line":42,"column":61}},"type":"binary-expr","locations":[{"start":{"line":42,"column":11},"end":{"line":42,"column":40}},{"start":{"line":42,"column":44},"end":{"line":42,"column":53}},{"start":{"line":42,"column":57},"end":{"line":42,"column":61}}]},"2":{"loc":{"start":{"line":66,"column":2},"end":{"line":71,"column":3}},"type":"if","locations":[{"start":{"line":66,"column":2},"end":{"line":71,"column":3}},{"start":{},"end":{}}]},"3":{"loc":{"start":{"line":68,"column":4},"end":{"line":70,"column":5}},"type":"if","locations":[{"start":{"line":68,"column":4},"end":{"line":70,"column":5}},{"start":{},"end":{}}]},"4":{"loc":{"start":{"line":74,"column":2},"end":{"line":99,"column":3}},"type":"switch","locations":[{"start":{"line":75,"column":4},"end":{"line":76,"column":19}},{"start":{"line":77,"column":4},"end":{"line":78,"column":18}},{"start":{"line":79,"column":4},"end":{"line":80,"column":20}},{"start":{"line":81,"column":4},"end":{"line":82,"column":19}},{"start":{"line":83,"column":4},"end":{"line":84,"column":19}},{"start":{"line":85,"column":4},"end":{"line":86,"column":19}},{"start":{"line":87,"column":4},"end":{"line":88,"column":19}},{"start":{"line":89,"column":4},"end":{"line":90,"column":20}},{"start":{"line":91,"column":4},"end":{"line":92,"column":19}},{"start":{"line":93,"column":4},"end":{"line":94,"column":19}},{"start":{"line":95,"column":4},"end":{"line":96,"column":19}},{"start":{"line":97,"column":4},"end":{"line":98,"column":19}}]}},"s":{"0":1,"1":1,"2":1,"3":1,"4":1,"5":1,"6":1,"7":12,"8":12,"9":12,"10":12,"11":12,"12":12,"13":12,"14":12,"15":12,"16":12,"17":9,"18":9,"19":9,"20":3,"21":3,"22":0,"23":0,"24":0,"25":0,"26":0,"27":0,"28":0,"29":0,"30":0,"31":0,"32":0},"f":{"0":12,"1":12},"b":{"0":[9,3],"1":[12,10,9],"2":[9,3],"3":[9,0],"4":[3,0,0,0,0,0,0,0,0,0,0,0]}}
,"/Users/hoff/My Drive/dev/prompt-stack/content-stack-react/backend/utils/detectContentType.ts": {"path":"/Users/hoff/My Drive/dev/prompt-stack/content-stack-react/backend/utils/detectContentType.ts","statementMap":{"0":{"start":{"line":20,"column":2},"end":{"line":22,"column":3}},"1":{"start":{"line":21,"column":4},"end":{"line":21,"column":45}},"2":{"start":{"line":27,"column":2},"end":{"line":29,"column":3}},"3":{"start":{"line":28,"column":4},"end":{"line":28,"column":17}},"4":{"start":{"line":32,"column":2},"end":{"line":34,"column":3}},"5":{"start":{"line":33,"column":4},"end":{"line":33,"column":18}},"6":{"start":{"line":37,"column":2},"end":{"line":39,"column":3}},"7":{"start":{"line":38,"column":4},"end":{"line":38,"column":18}},"8":{"start":{"line":42,"column":2},"end":{"line":42,"column":16}},"9":{"start":{"line":50,"column":23},"end":{"line":60,"column":4}},"10":{"start":{"line":62,"column":2},"end":{"line":62,"column":61}},"11":{"start":{"line":62,"column":38},"end":{"line":62,"column":59}},"12":{"start":{"line":70,"column":23},"end":{"line":76,"column":4}},"13":{"start":{"line":78,"column":2},"end":{"line":78,"column":61}},"14":{"start":{"line":78,"column":38},"end":{"line":78,"column":59}},"15":{"start":{"line":86,"column":2},"end":{"line":91,"column":3}},"16":{"start":{"line":87,"column":4},"end":{"line":87,"column":28}},"17":{"start":{"line":88,"column":4},"end":{"line":88,"column":16}},"18":{"start":{"line":90,"column":4},"end":{"line":90,"column":17}}},"fnMap":{"0":{"name":"detectContentType","decl":{"start":{"line":18,"column":16},"end":{"line":18,"column":33}},"loc":{"start":{"line":18,"column":68},"end":{"line":43,"column":1}}},"1":{"name":"hasCodePatterns","decl":{"start":{"line":49,"column":9},"end":{"line":49,"column":24}},"loc":{"start":{"line":49,"column":40},"end":{"line":63,"column":1}}},"2":{"name":"(anonymous_2)","decl":{"start":{"line":62,"column":27},"end":{"line":62,"column":34}},"loc":{"start":{"line":62,"column":38},"end":{"line":62,"column":59}}},"3":{"name":"hasHtmlPatterns","decl":{"start":{"line":69,"column":9},"end":{"line":69,"column":24}},"loc":{"start":{"line":69,"column":40},"end":{"line":79,"column":1}}},"4":{"name":"(anonymous_4)","decl":{"start":{"line":78,"column":27},"end":{"line":78,"column":34}},"loc":{"start":{"line":78,"column":38},"end":{"line":78,"column":59}}},"5":{"name":"isUrl","decl":{"start":{"line":85,"column":9},"end":{"line":85,"column":14}},"loc":{"start":{"line":85,"column":30},"end":{"line":92,"column":1}}}},"branchMap":{"0":{"loc":{"start":{"line":20,"column":2},"end":{"line":22,"column":3}},"type":"if","locations":[{"start":{"line":20,"column":2},"end":{"line":22,"column":3}},{"start":{},"end":{}}]},"1":{"loc":{"start":{"line":27,"column":2},"end":{"line":29,"column":3}},"type":"if","locations":[{"start":{"line":27,"column":2},"end":{"line":29,"column":3}},{"start":{},"end":{}}]},"2":{"loc":{"start":{"line":32,"column":2},"end":{"line":34,"column":3}},"type":"if","locations":[{"start":{"line":32,"column":2},"end":{"line":34,"column":3}},{"start":{},"end":{}}]},"3":{"loc":{"start":{"line":37,"column":2},"end":{"line":39,"column":3}},"type":"if","locations":[{"start":{"line":37,"column":2},"end":{"line":39,"column":3}},{"start":{},"end":{}}]}},"s":{"0":0,"1":0,"2":0,"3":0,"4":0,"5":0,"6":0,"7":0,"8":0,"9":0,"10":0,"11":0,"12":0,"13":0,"14":0,"15":0,"16":0,"17":0,"18":0},"f":{"0":0,"1":0,"2":0,"3":0,"4":0,"5":0},"b":{"0":[0,0],"1":[0,0],"2":[0,0],"3":[0,0]}}
,"/Users/hoff/My Drive/dev/prompt-stack/content-stack-react/backend/utils/detectFileType.ts": {"path":"/Users/hoff/My Drive/dev/prompt-stack/content-stack-react/backend/utils/detectFileType.ts","statementMap":{"0":{"start":{"line":19,"column":0},"end":{"line":19,"column":16}},"1":{"start":{"line":13,"column":0},"end":{"line":13,"column":80}},"2":{"start":{"line":21,"column":2},"end":{"line":23,"column":3}},"3":{"start":{"line":22,"column":4},"end":{"line":22,"column":17}},"4":{"start":{"line":26,"column":23},"end":{"line":26,"column":60}},"5":{"start":{"line":29,"column":2},"end":{"line":31,"column":3}},"6":{"start":{"line":30,"column":4},"end":{"line":30,"column":18}},"7":{"start":{"line":33,"column":2},"end":{"line":33,"column":22}},"8":{"start":{"line":41,"column":2},"end":{"line":41,"column":75}},"9":{"start":{"line":48,"column":23},"end":{"line":61,"column":4}},"10":{"start":{"line":63,"column":2},"end":{"line":63,"column":61}},"11":{"start":{"line":63,"column":38},"end":{"line":63,"column":59}}},"fnMap":{"0":{"name":"detectFileType","decl":{"start":{"line":19,"column":16},"end":{"line":19,"column":30}},"loc":{"start":{"line":19,"column":65},"end":{"line":34,"column":1}}},"1":{"name":"isWebContent","decl":{"start":{"line":40,"column":9},"end":{"line":40,"column":21}},"loc":{"start":{"line":40,"column":38},"end":{"line":42,"column":1}}},"2":{"name":"hasCodePatterns","decl":{"start":{"line":47,"column":9},"end":{"line":47,"column":24}},"loc":{"start":{"line":47,"column":40},"end":{"line":64,"column":1}}},"3":{"name":"(anonymous_3)","decl":{"start":{"line":63,"column":27},"end":{"line":63,"column":34}},"loc":{"start":{"line":63,"column":38},"end":{"line":63,"column":59}}}},"branchMap":{"0":{"loc":{"start":{"line":21,"column":2},"end":{"line":23,"column":3}},"type":"if","locations":[{"start":{"line":21,"column":2},"end":{"line":23,"column":3}},{"start":{},"end":{}}]},"1":{"loc":{"start":{"line":29,"column":2},"end":{"line":31,"column":3}},"type":"if","locations":[{"start":{"line":29,"column":2},"end":{"line":31,"column":3}},{"start":{},"end":{}}]},"2":{"loc":{"start":{"line":29,"column":6},"end":{"line":29,"column":68}},"type":"binary-expr","locations":[{"start":{"line":29,"column":6},"end":{"line":29,"column":29}},{"start":{"line":29,"column":33},"end":{"line":29,"column":40}},{"start":{"line":29,"column":44},"end":{"line":29,"column":68}}]},"3":{"loc":{"start":{"line":41,"column":9},"end":{"line":41,"column":74}},"type":"binary-expr","locations":[{"start":{"line":41,"column":9},"end":{"line":41,"column":39}},{"start":{"line":41,"column":43},"end":{"line":41,"column":74}}]}},"s":{"0":1,"1":1,"2":44,"3":5,"4":39,"5":39,"6":9,"7":30,"8":44,"9":11,"10":11,"11":68},"f":{"0":44,"1":44,"2":11,"3":68},"b":{"0":[5,39],"1":[9,30],"2":[39,19,11],"3":[44,42]}}
,"/Users/hoff/My Drive/dev/prompt-stack/content-stack-react/backend/utils/extractTitle.ts": {"path":"/Users/hoff/My Drive/dev/prompt-stack/content-stack-react/backend/utils/extractTitle.ts","statementMap":{"0":{"start":{"line":15,"column":0},"end":{"line":15,"column":16}},"1":{"start":{"line":16,"column":16},"end":{"line":16,"column":63}},"2":{"start":{"line":16,"column":51},"end":{"line":16,"column":62}},"3":{"start":{"line":18,"column":2},"end":{"line":20,"column":3}},"4":{"start":{"line":19,"column":4},"end":{"line":19,"column":30}},"5":{"start":{"line":22,"column":20},"end":{"line":22,"column":35}},"6":{"start":{"line":25,"column":2},"end":{"line":27,"column":3}},"7":{"start":{"line":26,"column":4},"end":{"line":26,"column":46}},"8":{"start":{"line":30,"column":2},"end":{"line":32,"column":3}},"9":{"start":{"line":31,"column":4},"end":{"line":31,"column":47}},"10":{"start":{"line":35,"column":2},"end":{"line":37,"column":3}},"11":{"start":{"line":36,"column":4},"end":{"line":36,"column":42}},"12":{"start":{"line":39,"column":2},"end":{"line":39,"column":19}}},"fnMap":{"0":{"name":"extractTitle","decl":{"start":{"line":15,"column":16},"end":{"line":15,"column":28}},"loc":{"start":{"line":15,"column":44},"end":{"line":40,"column":1}}},"1":{"name":"(anonymous_1)","decl":{"start":{"line":16,"column":43},"end":{"line":16,"column":47}},"loc":{"start":{"line":16,"column":51},"end":{"line":16,"column":62}}}},"branchMap":{"0":{"loc":{"start":{"line":18,"column":2},"end":{"line":20,"column":3}},"type":"if","locations":[{"start":{"line":18,"column":2},"end":{"line":20,"column":3}},{"start":{},"end":{}}]},"1":{"loc":{"start":{"line":25,"column":2},"end":{"line":27,"column":3}},"type":"if","locations":[{"start":{"line":25,"column":2},"end":{"line":27,"column":3}},{"start":{},"end":{}}]},"2":{"loc":{"start":{"line":30,"column":2},"end":{"line":32,"column":3}},"type":"if","locations":[{"start":{"line":30,"column":2},"end":{"line":32,"column":3}},{"start":{},"end":{}}]},"3":{"loc":{"start":{"line":35,"column":2},"end":{"line":37,"column":3}},"type":"if","locations":[{"start":{"line":35,"column":2},"end":{"line":37,"column":3}},{"start":{},"end":{}}]}},"s":{"0":1,"1":34,"2":62,"3":34,"4":5,"5":29,"6":29,"7":11,"8":18,"9":2,"10":16,"11":1,"12":15},"f":{"0":34,"1":62},"b":{"0":[5,29],"1":[11,18],"2":[2,16],"3":[1,15]}}
,"/Users/hoff/My Drive/dev/prompt-stack/content-stack-react/backend/utils/generateContentId.ts": {"path":"/Users/hoff/My Drive/dev/prompt-stack/content-stack-react/backend/utils/generateContentId.ts","statementMap":{"0":{"start":{"line":16,"column":0},"end":{"line":16,"column":16}},"1":{"start":{"line":17,"column":20},"end":{"line":17,"column":30}},"2":{"start":{"line":18,"column":17},"end":{"line":18,"column":59}},"3":{"start":{"line":19,"column":2},"end":{"line":19,"column":42}}},"fnMap":{"0":{"name":"generateContentId","decl":{"start":{"line":16,"column":16},"end":{"line":16,"column":33}},"loc":{"start":{"line":16,"column":33},"end":{"line":20,"column":1}}}},"branchMap":{},"s":{"0":1,"1":11011,"2":11011,"3":11011},"f":{"0":11011},"b":{}}
,"/Users/hoff/My Drive/dev/prompt-stack/content-stack-react/backend/utils/generateHash.ts": {"path":"/Users/hoff/My Drive/dev/prompt-stack/content-stack-react/backend/utils/generateHash.ts","statementMap":{"0":{"start":{"line":17,"column":0},"end":{"line":17,"column":16}},"1":{"start":{"line":11,"column":0},"end":{"line":11,"column":36}},"2":{"start":{"line":18,"column":15},"end":{"line":20,"column":18}},"3":{"start":{"line":22,"column":2},"end":{"line":22,"column":26}}},"fnMap":{"0":{"name":"generateHash","decl":{"start":{"line":17,"column":16},"end":{"line":17,"column":28}},"loc":{"start":{"line":17,"column":44},"end":{"line":23,"column":1}}}},"branchMap":{},"s":{"0":1,"1":1,"2":1027,"3":1027},"f":{"0":1027},"b":{}}
,"/Users/hoff/My Drive/dev/prompt-stack/content-stack-react/src/App.tsx": {"path":"/Users/hoff/My Drive/dev/prompt-stack/content-stack-react/src/App.tsx","statementMap":{"0":{"start":{"line":18,"column":2},"end":{"line":91,"column":null}}},"fnMap":{"0":{"name":"App","decl":{"start":{"line":17,"column":9},"end":{"line":17,"column":12}},"loc":{"start":{"line":17,"column":12},"end":{"line":92,"column":1}}}},"branchMap":{},"s":{"0":0},"f":{"0":0},"b":{}}
,"/Users/hoff/My Drive/dev/prompt-stack/content-stack-react/src/components/Badge.tsx": {"path":"/Users/hoff/My Drive/dev/prompt-stack/content-stack-react/src/components/Badge.tsx","statementMap":{"0":{"start":{"line":25,"column":0},"end":{"line":25,"column":16}},"1":{"start":{"line":31,"column":23},"end":{"line":36,"column":29}},"2":{"start":{"line":38,"column":2},"end":{"line":42,"column":4}}},"fnMap":{"0":{"name":"Badge","decl":{"start":{"line":25,"column":16},"end":{"line":25,"column":21}},"loc":{"start":{"line":30,"column":13},"end":{"line":43,"column":1}}}},"branchMap":{"0":{"loc":{"start":{"line":27,"column":2},"end":{"line":27,"column":18}},"type":"default-arg","locations":[{"start":{"line":27,"column":12},"end":{"line":27,"column":18}}]},"1":{"loc":{"start":{"line":28,"column":2},"end":{"line":28,"column":13}},"type":"default-arg","locations":[{"start":{"line":28,"column":9},"end":{"line":28,"column":13}}]},"2":{"loc":{"start":{"line":29,"column":2},"end":{"line":29,"column":16}},"type":"default-arg","locations":[{"start":{"line":29,"column":14},"end":{"line":29,"column":16}}]}},"s":{"0":1,"1":15,"2":15},"f":{"0":15},"b":{"0":[15],"1":[15],"2":[14]}}
,"/Users/hoff/My Drive/dev/prompt-stack/content-stack-react/src/components/Box.tsx": {"path":"/Users/hoff/My Drive/dev/prompt-stack/content-stack-react/src/components/Box.tsx","statementMap":{"0":{"start":{"line":16,"column":0},"end":{"line":16,"column":35}},"1":{"start":{"line":17,"column":0},"end":{"line":17,"column":24}},"2":{"start":{"line":50,"column":13},"end":{"line":114,"column":2}},"3":{"start":{"line":71,"column":4},"end":{"line":112,"column":6}},"4":{"start":{"line":116,"column":0},"end":{"line":116,"column":24}}},"fnMap":{"0":{"name":"(anonymous_1)","decl":{"start":{"line":51,"column":2},"end":{"line":51,"column":3}},"loc":{"start":{"line":70,"column":12},"end":{"line":113,"column":3}}}},"branchMap":{"0":{"loc":{"start":{"line":52,"column":8},"end":{"line":52,"column":25}},"type":"default-arg","locations":[{"start":{"line":52,"column":20},"end":{"line":52,"column":25}}]},"1":{"loc":{"start":{"line":77,"column":10},"end":{"line":77,"column":35}},"type":"binary-expr","locations":[{"start":{"line":77,"column":10},"end":{"line":77,"column":17}},{"start":{"line":77,"column":21},"end":{"line":77,"column":35}}]},"2":{"loc":{"start":{"line":80,"column":10},"end":{"line":80,"column":42}},"type":"binary-expr","locations":[{"start":{"line":80,"column":10},"end":{"line":80,"column":19}},{"start":{"line":80,"column":23},"end":{"line":80,"column":42}}]},"3":{"loc":{"start":{"line":81,"column":10},"end":{"line":81,"column":41}},"type":"binary-expr","locations":[{"start":{"line":81,"column":10},"end":{"line":81,"column":17}},{"start":{"line":81,"column":21},"end":{"line":81,"column":41}}]},"4":{"loc":{"start":{"line":82,"column":10},"end":{"line":82,"column":35}},"type":"binary-expr","locations":[{"start":{"line":82,"column":10},"end":{"line":82,"column":15}},{"start":{"line":82,"column":19},"end":{"line":82,"column":35}}]},"5":{"loc":{"start":{"line":85,"column":10},"end":{"line":85,"column":29}},"type":"binary-expr","locations":[{"start":{"line":85,"column":10},"end":{"line":85,"column":13}},{"start":{"line":85,"column":17},"end":{"line":85,"column":29}}]},"6":{"loc":{"start":{"line":88,"column":10},"end":{"line":88,"column":35}},"type":"binary-expr","locations":[{"start":{"line":88,"column":10},"end":{"line":88,"column":17}},{"start":{"line":88,"column":21},"end":{"line":88,"column":35}}]},"7":{"loc":{"start":{"line":89,"column":10},"end":{"line":89,"column":38}},"type":"binary-expr","locations":[{"start":{"line":89,"column":10},"end":{"line":89,"column":18}},{"start":{"line":89,"column":22},"end":{"line":89,"column":38}}]},"8":{"loc":{"start":{"line":90,"column":10},"end":{"line":90,"column":38}},"type":"binary-expr","locations":[{"start":{"line":90,"column":10},"end":{"line":90,"column":18}},{"start":{"line":90,"column":22},"end":{"line":90,"column":38}}]},"9":{"loc":{"start":{"line":93,"column":10},"end":{"line":93,"column":33}},"type":"binary-expr","locations":[{"start":{"line":93,"column":10},"end":{"line":93,"column":16}},{"start":{"line":93,"column":20},"end":{"line":93,"column":33}}]},"10":{"loc":{"start":{"line":94,"column":10},"end":{"line":94,"column":36}},"type":"binary-expr","locations":[{"start":{"line":94,"column":10},"end":{"line":94,"column":17}},{"start":{"line":94,"column":21},"end":{"line":94,"column":36}}]},"11":{"loc":{"start":{"line":95,"column":10},"end":{"line":95,"column":36}},"type":"binary-expr","locations":[{"start":{"line":95,"column":10},"end":{"line":95,"column":17}},{"start":{"line":95,"column":21},"end":{"line":95,"column":36}}]},"12":{"loc":{"start":{"line":98,"column":10},"end":{"line":98,"column":42}},"type":"binary-expr","locations":[{"start":{"line":98,"column":10},"end":{"line":98,"column":20}},{"start":{"line":98,"column":24},"end":{"line":98,"column":42}}]},"13":{"loc":{"start":{"line":101,"column":10},"end":{"line":101,"column":41}},"type":"binary-expr","locations":[{"start":{"line":101,"column":10},"end":{"line":101,"column":17}},{"start":{"line":101,"column":21},"end":{"line":101,"column":41}}]},"14":{"loc":{"start":{"line":104,"column":10},"end":{"line":104,"column":38}},"type":"binary-expr","locations":[{"start":{"line":104,"column":10},"end":{"line":104,"column":16}},{"start":{"line":104,"column":20},"end":{"line":104,"column":38}}]}},"s":{"0":1,"1":1,"2":1,"3":22,"4":1},"f":{"0":22},"b":{"0":[22],"1":[22,1],"2":[22,1],"3":[22,0],"4":[22,0],"5":[22,1],"6":[22,22],"7":[22,0],"8":[22,0],"9":[22,0],"10":[22,0],"11":[22,0],"12":[22,0],"13":[22,22],"14":[22,3]}}
,"/Users/hoff/My Drive/dev/prompt-stack/content-stack-react/src/components/Button.tsx": {"path":"/Users/hoff/My Drive/dev/prompt-stack/content-stack-react/src/components/Button.tsx","statementMap":{"0":{"start":{"line":16,"column":0},"end":{"line":16,"column":35}},"1":{"start":{"line":17,"column":0},"end":{"line":17,"column":24}},"2":{"start":{"line":28,"column":13},"end":{"line":51,"column":2}},"3":{"start":{"line":30,"column":4},"end":{"line":49,"column":6}},"4":{"start":{"line":53,"column":0},"end":{"line":53,"column":30}}},"fnMap":{"0":{"name":"(anonymous_1)","decl":{"start":{"line":29,"column":2},"end":{"line":29,"column":3}},"loc":{"start":{"line":29,"column":113},"end":{"line":50,"column":3}}}},"branchMap":{"0":{"loc":{"start":{"line":29,"column":5},"end":{"line":29,"column":24}},"type":"default-arg","locations":[{"start":{"line":29,"column":15},"end":{"line":29,"column":24}}]},"1":{"loc":{"start":{"line":29,"column":26},"end":{"line":29,"column":41}},"type":"default-arg","locations":[{"start":{"line":29,"column":33},"end":{"line":29,"column":41}}]},"2":{"loc":{"start":{"line":36,"column":10},"end":{"line":36,"column":45}},"type":"binary-expr","locations":[{"start":{"line":36,"column":10},"end":{"line":36,"column":27}},{"start":{"line":36,"column":31},"end":{"line":36,"column":45}}]},"3":{"loc":{"start":{"line":37,"column":10},"end":{"line":37,"column":33}},"type":"binary-expr","locations":[{"start":{"line":37,"column":10},"end":{"line":37,"column":17}},{"start":{"line":37,"column":21},"end":{"line":37,"column":33}}]},"4":{"loc":{"start":{"line":40,"column":18},"end":{"line":40,"column":43}},"type":"binary-expr","locations":[{"start":{"line":40,"column":18},"end":{"line":40,"column":25}},{"start":{"line":40,"column":29},"end":{"line":40,"column":43}}]},"5":{"loc":{"start":{"line":44,"column":9},"end":{"line":44,"column":60}},"type":"binary-expr","locations":[{"start":{"line":44,"column":9},"end":{"line":44,"column":16}},{"start":{"line":44,"column":20},"end":{"line":44,"column":60}}]},"6":{"loc":{"start":{"line":45,"column":9},"end":{"line":45,"column":83}},"type":"binary-expr","locations":[{"start":{"line":45,"column":9},"end":{"line":45,"column":17}},{"start":{"line":45,"column":21},"end":{"line":45,"column":29}},{"start":{"line":45,"column":33},"end":{"line":45,"column":83}}]},"7":{"loc":{"start":{"line":47,"column":9},"end":{"line":47,"column":86}},"type":"binary-expr","locations":[{"start":{"line":47,"column":9},"end":{"line":47,"column":17}},{"start":{"line":47,"column":21},"end":{"line":47,"column":30}},{"start":{"line":47,"column":34},"end":{"line":47,"column":86}}]}},"s":{"0":1,"1":1,"2":1,"3":20,"4":1},"f":{"0":20},"b":{"0":[18],"1":[17],"2":[20,2],"3":[20,4],"4":[20,16],"5":[20,4],"6":[20,16,1],"7":[20,16,1]}}
[...]
"line":77,"column":66},"end":{"line":77,"column":68}}]},"10":{"loc":{"start":{"line":78,"column":16},"end":{"line":78,"column":60}},"type":"binary-expr","locations":[{"start":{"line":78,"column":16},"end":{"line":78,"column":54}},{"start":{"line":78,"column":58},"end":{"line":78,"column":60}}]},"11":{"loc":{"start":{"line":79,"column":18},"end":{"line":79,"column":64}},"type":"binary-expr","locations":[{"start":{"line":79,"column":18},"end":{"line":79,"column":58}},{"start":{"line":79,"column":62},"end":{"line":79,"column":64}}]},"12":{"loc":{"start":{"line":92,"column":6},"end":{"line":102,"column":7}},"type":"if","locations":[{"start":{"line":92,"column":6},"end":{"line":102,"column":7}},{"start":{},"end":{}}]},"13":{"loc":{"start":{"line":115,"column":6},"end":{"line":117,"column":7}},"type":"if","locations":[{"start":{"line":115,"column":6},"end":{"line":117,"column":7}},{"start":{},"end":{}}]},"14":{"loc":{"start":{"line":115,"column":10},"end":{"line":115,"column":59}},"type":"binary-expr","locations":[{"start":{"line":115,"column":10},"end":{"line":115,"column":35}},{"start":{"line":115,"column":39},"end":{"line":115,"column":59}}]},"15":{"loc":{"start":{"line":116,"column":24},"end":{"line":116,"column":83}},"type":"binary-expr","locations":[{"start":{"line":116,"column":24},"end":{"line":116,"column":37}},{"start":{"line":116,"column":41},"end":{"line":116,"column":83}}]},"16":{"loc":{"start":{"line":143,"column":11},"end":{"line":143,"column":33}},"type":"binary-expr","locations":[{"start":{"line":143,"column":11},"end":{"line":143,"column":27}},{"start":{"line":143,"column":31},"end":{"line":143,"column":33}}]}},"s":{"0":0,"1":0,"2":0,"3":0,"4":0,"5":0,"6":0,"7":0,"8":0,"9":0,"10":0,"11":0,"12":0,"13":0,"14":0,"15":0,"16":0,"17":0,"18":0,"19":0,"20":0,"21":0,"22":0,"23":0,"24":0,"25":0,"26":0,"27":0,"28":0,"29":0,"30":0,"31":0,"32":0},"f":{"0":0,"1":0,"2":0,"3":0,"4":0,"5":0,"6":0,"7":0,"8":0,"9":0,"10":0},"b":{"0":[0,0],"1":[0,0],"2":[0,0],"3":[0,0,0],"4":[0,0],"5":[0,0],"6":[0,0],"7":[0,0],"8":[0,0],"9":[0,0],"10":[0,0],"11":[0,0],"12":[0,0],"13":[0,0],"14":[0,0],"15":[0,0],"16":[0,0]}}
,"/Users/hoff/My Drive/dev/prompt-stack/content-stack-react/src/services/ContentInboxApi.ts": {"path":"/Users/hoff/My Drive/dev/prompt-stack/content-stack-react/src/services/ContentInboxApi.ts","statementMap":{"0":{"start":{"line":77,"column":4},"end":{"line":105,"column":6}},"1":{"start":{"line":113,"column":4},"end":{"line":131,"column":5}},"2":{"start":{"line":117,"column":8},"end":{"line":117,"column":22}},"3":{"start":{"line":119,"column":8},"end":{"line":119,"column":22}},"4":{"start":{"line":128,"column":8},"end":{"line":128,"column":22}},"5":{"start":{"line":130,"column":8},"end":{"line":130,"column":22}},"6":{"start":{"line":138,"column":4},"end":{"line":148,"column":5}},"7":{"start":{"line":140,"column":8},"end":{"line":140,"column":23}},"8":{"start":{"line":143,"column":8},"end":{"line":143,"column":29}},"9":{"start":{"line":145,"column":8},"end":{"line":145,"column":25}},"10":{"start":{"line":147,"column":8},"end":{"line":147,"column":23}},"11":{"start":{"line":155,"column":4},"end":{"line":162,"column":5}},"12":{"start":{"line":157,"column":8},"end":{"line":157,"column":21}},"13":{"start":{"line":159,"column":8},"end":{"line":159,"column":27}},"14":{"start":{"line":161,"column":8},"end":{"line":161,"column":21}},"15":{"start":{"line":170,"column":21},"end":{"line":170,"column":109}},"16":{"start":{"line":172,"column":4},"end":{"line":174,"column":5}},"17":{"start":{"line":173,"column":6},"end":{"line":173,"column":75}},"18":{"start":{"line":173,"column":40},"end":{"line":173,"column":73}},"19":{"start":{"line":176,"column":4},"end":{"line":176,"column":14}},"20":{"start":{"line":193,"column":21},"end":{"line":193,"column":114}},"21":{"start":{"line":195,"column":4},"end":{"line":197,"column":5}},"22":{"start":{"line":196,"column":6},"end":{"line":196,"column":56}},"23":{"start":{"line":199,"column":4},"end":{"line":199,"column":63}},"24":{"start":{"line":207,"column":21},"end":{"line":207,"column":114}},"25":{"start":{"line":209,"column":4},"end":{"line":211,"column":5}},"26":{"start":{"line":210,"column":6},"end":{"line":210,"column":56}},"27":{"start":{"line":213,"column":4},"end":{"line":213,"column":59}},"28":{"start":{"line":221,"column":21},"end":{"line":221,"column":123}},"29":{"start":{"line":223,"column":4},"end":{"line":225,"column":5}},"30":{"start":{"line":224,"column":6},"end":{"line":224,"column":56}},"31":{"start":{"line":227,"column":4},"end":{"line":227,"column":66}},"32":{"start":{"line":235,"column":4},"end":{"line":235,"column":53}},"33":{"start":{"line":236,"column":21},"end":{"line":236,"column":100}},"34":{"start":{"line":238,"column":4},"end":{"line":240,"column":5}},"35":{"start":{"line":239,"column":6},"end":{"line":239,"column":68}},"36":{"start":{"line":248,"column":21},"end":{"line":248,"column":141}},"37":{"start":{"line":250,"column":4},"end":{"line":252,"column":5}},"38":{"start":{"line":251,"column":6},"end":{"line":251,"column":77}},"39":{"start":{"line":251,"column":42},"end":{"line":251,"column":75}},"40":{"start":{"line":254,"column":4},"end":{"line":254,"column":14}},"41":{"start":{"line":262,"column":21},"end":{"line":262,"column":92}},"42":{"start":{"line":264,"column":4},"end":{"line":266,"column":5}},"43":{"start":{"line":265,"column":6},"end":{"line":265,"column":28}},"44":{"start":{"line":268,"column":4},"end":{"line":268,"column":61}},"45":{"start":{"line":272,"column":31},"end":{"line":272,"column":52}}},"fnMap":{"0":{"name":"(anonymous_0)","decl":{"start":{"line":76,"column":10},"end":{"line":76,"column":32}},"loc":{"start":{"line":76,"column":65},"end":{"line":106,"column":3}}},"1":{"name":"(anonymous_1)","decl":{"start":{"line":112,"column":10},"end":{"line":112,"column":34}},"loc":{"start":{"line":112,"column":54},"end":{"line":132,"column":3}}},"2":{"name":"(anonymous_2)","decl":{"start":{"line":137,"column":10},"end":{"line":137,"column":36}},"loc":{"start":{"line":137,"column":51},"end":{"line":149,"column":3}}},"3":{"name":"(anonymous_3)","decl":{"start":{"line":154,"column":10},"end":{"line":154,"column":36}},"loc":{"start":{"line":154,"column":51},"end":{"line":163,"column":3}}},"4":{"name":"(anonymous_4)","decl":{"start":{"line":169,"column":2},"end":{"line":169,"column":7}},"loc":{"start":{"line":169,"column":21},"end":{"line":177,"column":3}}},"5":{"name":"(anonymous_5)","decl":{"start":{"line":173,"column":32},"end":{"line":173,"column":36}},"loc":{"start":{"line":173,"column":40},"end":{"line":173,"column":73}}},"6":{"name":"(anonymous_6)","decl":{"start":{"line":183,"column":2},"end":{"line":183,"column":7}},"loc":{"start":{"line":192,"column":3},"end":{"line":200,"column":3}}},"7":{"name":"(anonymous_7)","decl":{"start":{"line":206,"column":2},"end":{"line":206,"column":7}},"loc":{"start":{"line":206,"column":33},"end":{"line":214,"column":3}}},"8":{"name":"(anonymous_8)","decl":{"start":{"line":220,"column":2},"end":{"line":220,"column":7}},"loc":{"start":{"line":220,"column":78},"end":{"line":228,"column":3}}},"9":{"name":"(anonymous_9)","decl":{"start":{"line":234,"column":2},"end":{"line":234,"column":7}},"loc":{"start":{"line":234,"column":36},"end":{"line":241,"column":3}}},"10":{"name":"(anonymous_10)","decl":{"start":{"line":247,"column":2},"end":{"line":247,"column":7}},"loc":{"start":{"line":247,"column":35},"end":{"line":255,"column":3}}},"11":{"name":"(anonymous_11)","decl":{"start":{"line":251,"column":34},"end":{"line":251,"column":38}},"loc":{"start":{"line":251,"column":42},"end":{"line":251,"column":75}}},"12":{"name":"(anonymous_12)","decl":{"start":{"line":261,"column":2},"end":{"line":261,"column":7}},"loc":{"start":{"line":261,"column":21},"end":{"line":269,"column":3}}}},"branchMap":{"0":{"loc":{"start":{"line":85,"column":17},"end":{"line":85,"column":49}},"type":"binary-expr","locations":[{"start":{"line":85,"column":17},"end":{"line":85,"column":36}},{"start":{"line":85,"column":40},"end":{"line":85,"column":49}}]},"1":{"loc":{"start":{"line":90,"column":13},"end":{"line":90,"column":45}},"type":"binary-expr","locations":[{"start":{"line":90,"column":13},"end":{"line":90,"column":32}},{"start":{"line":90,"column":36},"end":{"line":90,"column":45}}]},"2":{"loc":{"start":{"line":93,"column":14},"end":{"line":93,"column":33}},"type":"binary-expr","locations":[{"start":{"line":93,"column":14},"end":{"line":93,"column":27}},{"start":{"line":93,"column":31},"end":{"line":93,"column":33}}]},"3":{"loc":{"start":{"line":96,"column":18},"end":{"line":96,"column":62}},"type":"binary-expr","locations":[{"start":{"line":96,"column":18},"end":{"line":96,"column":49}},{"start":{"line":96,"column":53},"end":{"line":96,"column":62}}]},"4":{"loc":{"start":{"line":99,"column":18},"end":{"line":104,"column":19}},"type":"cond-expr","locations":[{"start":{"line":99,"column":42},"end":{"line":104,"column":8}},{"start":{"line":104,"column":10},"end":{"line":104,"column":19}}]},"5":{"loc":{"start":{"line":100,"column":17},"end":{"line":100,"column":54}},"type":"binary-expr","locations":[{"start":{"line":100,"column":17},"end":{"line":100,"column":48}},{"start":{"line":100,"column":52},"end":{"line":100,"column":54}}]},"6":{"loc":{"start":{"line":103,"column":18},"end":{"line":103,"column":54}},"type":"binary-expr","locations":[{"start":{"line":103,"column":18},"end":{"line":103,"column":48}},{"start":{"line":103,"column":52},"end":{"line":103,"column":54}}]},"7":{"loc":{"start":{"line":113,"column":4},"end":{"line":131,"column":5}},"type":"switch","locations":[{"start":{"line":114,"column":6},"end":{"line":114,"column":18}},{"start":{"line":115,"column":6},"end":{"line":115,"column":18}},{"start":{"line":116,"column":6},"end":{"line":117,"column":22}},{"start":{"line":118,"column":6},"end":{"line":119,"column":22}},{"start":{"line":120,"column":6},"end":{"line":120,"column":22}},{"start":{"line":121,"column":6},"end":{"line":121,"column":19}},{"start":{"line":122,"column":6},"end":{"line":122,"column":19}},{"start":{"line":123,"column":6},"end":{"line":123,"column":19}},{"start":{"line":124,"column":6},"end":{"line":124,"column":18}},{"start":{"line":125,"column":6},"end":{"line":125,"column":20}},{"start":{"line":126,"column":6},"end":{"line":126,"column":21}},{"start":{"line":127,"column":6},"end":{"line":128,"column":22}},{"start":{"line":129,"column":6},"end":{"line":130,"column":22}}]},"8":{"loc":{"start":{"line":138,"column":4},"end":{"line":148,"column":5}},"type":"switch","locations":[{"start":{"line":139,"column":6},"end":{"line":140,"column":23}},{"start":{"line":141,"column":6},"end":{"line":141,"column":20}},{"start":{"line":142,"column":6},"end":{"line":143,"column":29}},{"start":{"line":144,"column":6},"end":{"line":145,"column":25}},{"start":{"line":146,"column":6},"end":{"line":147,"column":23}}]},"9":{"loc":{"start":{"line":155,"column":4},"end":{"line":162,"column":5}},"type":"switch","locations":[{"start":{"line":156,"column":6},"end":{"line":157,"column":21}},{"start":{"line":158,"column":6},"end":{"line":159,"column":27}},{"start":{"line":160,"column":6},"end":{"line":161,"column":21}}]},"10":{"loc":{"start":{"line":172,"column":4},"end":{"line":174,"column":5}},"type":"if","locations":[{"start":{"line":172,"column":4},"end":{"line":174,"column":5}},{"start":{},"end":{}}]},"11":{"loc":{"start":{"line":172,"column":8},"end":{"line":172,"column":42}},"type":"binary-expr","locations":[{"start":{"line":172,"column":8},"end":{"line":172,"column":24}},{"start":{"line":172,"column":28},"end":{"line":172,"column":42}}]},"12":{"loc":{"start":{"line":195,"column":4},"end":{"line":197,"column":5}},"type":"if","locations":[{"start":{"line":195,"column":4},"end":{"line":197,"column":5}},{"start":{},"end":{}}]},"13":{"loc":{"start":{"line":195,"column":8},"end":{"line":195,"column":41}},"type":"binary-expr","locations":[{"start":{"line":195,"column":8},"end":{"line":195,"column":24}},{"start":{"line":195,"column":28},"end":{"line":195,"column":41}}]},"14":{"loc":{"start":{"line":199,"column":20},"end":{"line":199,"column":61}},"type":"binary-expr","locations":[{"start":{"line":199,"column":20},"end":{"line":199,"column":34}},{"start":{"line":199,"column":38},"end":{"line":199,"column":61}}]},"15":{"loc":{"start":{"line":209,"column":4},"end":{"line":211,"column":5}},"type":"if","locations":[{"start":{"line":209,"column":4},"end":{"line":211,"column":5}},{"start":{},"end":{}}]},"16":{"loc":{"start":{"line":209,"column":8},"end":{"line":209,"column":41}},"type":"binary-expr","locations":[{"start":{"line":209,"column":8},"end":{"line":209,"column":24}},{"start":{"line":209,"column":28},"end":{"line":209,"column":41}}]},"17":{"loc":{"start":{"line":213,"column":20},"end":{"line":213,"column":57}},"type":"binary-expr","locations":[{"start":{"line":213,"column":20},"end":{"line":213,"column":34}},{"start":{"line":213,"column":38},"end":{"line":213,"column":57}}]},"18":{"loc":{"start":{"line":223,"column":4},"end":{"line":225,"column":5}},"type":"if","locations":[{"start":{"line":223,"column":4},"end":{"line":225,"column":5}},{"start":{},"end":{}}]},"19":{"loc":{"start":{"line":223,"column":8},"end":{"line":223,"column":41}},"type":"binary-expr","locations":[{"start":{"line":223,"column":8},"end":{"line":223,"column":24}},{"start":{"line":223,"column":28},"end":{"line":223,"column":41}}]},"20":{"loc":{"start":{"line":227,"column":20},"end":{"line":227,"column":64}},"type":"binary-expr","locations":[{"start":{"line":227,"column":20},"end":{"line":227,"column":34}},{"start":{"line":227,"column":38},"end":{"line":227,"column":64}}]},"21":{"loc":{"start":{"line":238,"column":4},"end":{"line":240,"column":5}},"type":"if","locations":[{"start":{"line":238,"column":4},"end":{"line":240,"column":5}},{"start":{},"end":{}}]},"22":{"loc":{"start":{"line":239,"column":22},"end":{"line":239,"column":66}},"type":"binary-expr","locations":[{"start":{"line":239,"column":22},"end":{"line":239,"column":36}},{"start":{"line":239,"column":40},"end":{"line":239,"column":66}}]},"23":{"loc":{"start":{"line":250,"column":4},"end":{"line":252,"column":5}},"type":"if","locations":[{"start":{"line":250,"column":4},"end":{"line":252,"column":5}},{"start":{},"end":{}}]},"24":{"loc":{"start":{"line":250,"column":8},"end":{"line":250,"column":44}},"type":"binary-expr","locations":[{"start":{"line":250,"column":8},"end":{"line":250,"column":24}},{"start":{"line":250,"column":28},"end":{"line":250,"column":44}}]},"25":{"loc":{"start":{"line":264,"column":4},"end":{"line":266,"column":5}},"type":"if","locations":[{"start":{"line":264,"column":4},"end":{"line":266,"column":5}},{"start":{},"end":{}}]},"26":{"loc":{"start":{"line":268,"column":20},"end":{"line":268,"column":59}},"type":"binary-expr","locations":[{"start":{"line":268,"column":20},"end":{"line":268,"column":34}},{"start":{"line":268,"column":38},"end":{"line":268,"column":59}}]}},"s":{"0":0,"1":0,"2":0,"3":0,"4":0,"5":0,"6":0,"7":0,"8":0,"9":0,"10":0,"11":0,"12":0,"13":0,"14":0,"15":0,"16":0,"17":0,"18":0,"19":0,"20":0,"21":0,"22":0,"23":0,"24":0,"25":0,"26":0,"27":0,"28":0,"29":0,"30":0,"31":0,"32":0,"33":0,"34":0,"35":0,"36":0,"37":0,"38":0,"39":0,"40":0,"41":0,"42":0,"43":0,"44":0,"45":0},"f":{"0":0,"1":0,"2":0,"3":0,"4":0,"5":0,"6":0,"7":0,"8":0,"9":0,"10":0,"11":0,"12":0},"b":{"0":[0,0],"1":[0,0],"2":[0,0],"3":[0,0],"4":[0,0],"5":[0,0],"6":[0,0],"7":[0,0,0,0,0,0,0,0,0,0,0,0,0],"8":[0,0,0,0,0],"9":[0,0,0],"10":[0,0],"11":[0,0],"12":[0,0],"13":[0,0],"14":[0,0],"15":[0,0],"16":[0,0],"17":[0,0],"18":[0,0],"19":[0,0],"20":[0,0],"21":[0,0],"22":[0,0],"23":[0,0],"24":[0,0],"25":[0,0],"26":[0,0]}}
,"/Users/hoff/My Drive/dev/prompt-stack/content-stack-react/src/utils/silenceLogs.ts": {"path":"/Users/hoff/My Drive/dev/prompt-stack/content-stack-react/src/utils/silenceLogs.ts","statementMap":{"0":{"start":{"line":9,"column":24},"end":{"line":15,"column":2}},"1":{"start":{"line":17,"column":27},"end":{"line":34,"column":1}},"2":{"start":{"line":18,"column":2},"end":{"line":18,"column":25}},"3":{"start":{"line":19,"column":2},"end":{"line":19,"column":26}},"4":{"start":{"line":20,"column":2},"end":{"line":20,"column":26}},"5":{"start":{"line":21,"column":2},"end":{"line":21,"column":27}},"6":{"start":{"line":23,"column":2},"end":{"line":33,"column":4}},"7":{"start":{"line":25,"column":20},"end":{"line":25,"column":45}},"8":{"start":{"line":26,"column":4},"end":{"line":31,"column":5}},"9":{"start":{"line":30,"column":6},"end":{"line":30,"column":13}},"10":{"start":{"line":32,"column":4},"end":{"line":32,"column":35}},"11":{"start":{"line":36,"column":27},"end":{"line":42,"column":1}},"12":{"start":{"line":37,"column":2},"end":{"line":37,"column":36}},"13":{"start":{"line":38,"column":2},"end":{"line":38,"column":40}},"14":{"start":{"line":39,"column":2},"end":{"line":39,"column":38}},"15":{"start":{"line":40,"column":2},"end":{"line":40,"column":38}},"16":{"start":{"line":41,"column":2},"end":{"line":41,"column":40}},"17":{"start":{"line":45,"column":0},"end":{"line":53,"column":1}},"18":{"start":{"line":46,"column":3},"end":{"line":46,"column":44}},"19":{"start":{"line":47,"column":3},"end":{"line":47,"column":44}},"20":{"start":{"line":50,"column":2},"end":{"line":52,"column":3}},"21":{"start":{"line":51,"column":4},"end":{"line":51,"column":18}}},"fnMap":{"0":{"name":"(anonymous_0)","decl":{"start":{"line":17,"column":27},"end":{"line":17,"column":30}},"loc":{"start":{"line":17,"column":32},"end":{"line":34,"column":1}}},"1":{"name":"(anonymous_1)","decl":{"start":{"line":18,"column":16},"end":{"line":18,"column":19}},"loc":{"start":{"line":18,"column":21},"end":{"line":18,"column":24}}},"2":{"name":"(anonymous_2)","decl":{"start":{"line":19,"column":17},"end":{"line":19,"column":20}},"loc":{"start":{"line":19,"column":22},"end":{"line":19,"column":25}}},"3":{"name":"(anonymous_3)","decl":{"start":{"line":20,"column":17},"end":{"line":20,"column":20}},"loc":{"start":{"line":20,"column":22},"end":{"line":20,"column":25}}},"4":{"name":"(anonymous_4)","decl":{"start":{"line":21,"column":18},"end":{"line":21,"column":21}},"loc":{"start":{"line":21,"column":23},"end":{"line":21,"column":26}}},"5":{"name":"(anonymous_5)","decl":{"start":{"line":23,"column":18},"end":{"line":23,"column":19}},"loc":{"start":{"line":23,"column":37},"end":{"line":33,"column":3}}},"6":{"name":"(anonymous_6)","decl":{"start":{"line":36,"column":27},"end":{"line":36,"column":30}},"loc":{"start":{"line":36,"column":32},"end":{"line":42,"column":1}}}},"branchMap":{"0":{"loc":{"start":{"line":25,"column":20},"end":{"line":25,"column":45}},"type":"binary-expr","locations":[{"start":{"line":25,"column":20},"end":{"line":25,"column":39}},{"start":{"line":25,"column":43},"end":{"line":25,"column":45}}]},"1":{"loc":{"start":{"line":26,"column":4},"end":{"line":31,"column":5}},"type":"if","locations":[{"start":{"line":26,"column":4},"end":{"line":31,"column":5}},{"start":{},"end":{}}]},"2":{"loc":{"start":{"line":26,"column":8},"end":{"line":29,"column":48}},"type":"binary-expr","locations":[{"start":{"line":26,"column":8},"end":{"line":26,"column":43}},{"start":{"line":27,"column":8},"end":{"line":27,"column":50}},{"start":{"line":28,"column":8},"end":{"line":28,"column":45}},{"start":{"line":29,"column":8},"end":{"line":29,"column":48}}]},"3":{"loc":{"start":{"line":45,"column":0},"end":{"line":53,"column":1}},"type":"if","locations":[{"start":{"line":45,"column":0},"end":{"line":53,"column":1}},{"start":{},"end":{}}]},"4":{"loc":{"start":{"line":50,"column":2},"end":{"line":52,"column":3}},"type":"if","locations":[{"start":{"line":50,"column":2},"end":{"line":52,"column":3}},{"start":{},"end":{}}]}},"s":{"0":0,"1":0,"2":0,"3":0,"4":0,"5":0,"6":0,"7":0,"8":0,"9":0,"10":0,"11":0,"12":0,"13":0,"14":0,"15":0,"16":0,"17":0,"18":0,"19":0,"20":0,"21":0},"f":{"0":0,"1":0,"2":0,"3":0,"4":0,"5":0,"6":0},"b":{"0":[0,0],"1":[0,0],"2":[0,0,0,0],"3":[0,0],"4":[0,0]}}
}
