TN:
SF:backend/test.ts
FN:15,testBackendServices
FNF:1
FNH:0
FNDA:0,testBackendServices
DA:16,0
DA:18,0
DA:19,0
DA:21,0
DA:23,0
DA:24,0
DA:29,0
DA:30,0
DA:31,0
DA:32,0
DA:33,0
DA:34,0
DA:36,0
DA:37,0
DA:41,0
DA:42,0
DA:43,0
DA:46,0
DA:47,0
DA:48,0
DA:49,0
DA:50,0
DA:51,0
DA:54,0
DA:55,0
DA:61,0
DA:62,0
DA:63,0
DA:64,0
DA:68,0
DA:69,0
DA:75,0
DA:76,0
DA:77,0
DA:80,0
DA:83,0
DA:88,0
DA:89,0
LF:38
LH:0
BRDA:29,0,0,0
BRDA:29,0,1,0
BRDA:29,1,0,0
BRDA:29,1,1,0
BRDA:61,2,0,0
BRDA:61,2,1,0
BRDA:61,3,0,0
BRDA:61,3,1,0
BRDA:75,4,0,0
BRDA:75,4,1,0
BRDA:75,5,0,0
BRDA:75,5,1,0
BRDA:88,6,0,0
BRDA:88,6,1,0
BRF:14
BRH:0
end_of_record
TN:
SF:backend/routes/contentInbox.ts
FN:26,(anonymous_0)
FN:45,(anonymous_1)
FN:91,(anonymous_2)
FN:119,(anonymous_3)
FN:202,(anonymous_4)
FN:231,(anonymous_5)
FN:250,(anonymous_6)
FNF:7
FNH:0
FNDA:0,(anonymous_0)
FNDA:0,(anonymous_1)
FNDA:0,(anonymous_2)
FNDA:0,(anonymous_3)
FNDA:0,(anonymous_4)
FNDA:0,(anonymous_5)
FNDA:0,(anonymous_6)
DA:18,0
DA:19,0
DA:20,0
DA:26,0
DA:27,0
DA:28,0
DA:29,0
DA:34,0
DA:45,0
DA:46,0
DA:47,0
DA:49,0
DA:50,0
DA:56,0
DA:64,0
DA:66,0
DA:67,0
DA:72,0
DA:78,0
DA:79,0
DA:80,0
DA:91,0
DA:92,0
DA:93,0
DA:94,0
DA:96,0
DA:97,0
DA:102,0
DA:108,0
DA:119,0
DA:120,0
DA:121,0
DA:122,0
DA:125,0
DA:128,0
DA:129,0
DA:130,0
DA:132,0
DA:133,0
DA:137,0
DA:138,0
DA:141,0
DA:142,0
DA:143,0
DA:147,0
DA:148,0
DA:152,0
DA:153,0
DA:154,0
DA:158,0
DA:159,0
DA:160,0
DA:162,0
DA:167,0
DA:168,0
DA:169,0
DA:175,0
DA:177,0
DA:179,0
DA:180,0
DA:185,0
DA:191,0
DA:202,0
DA:203,0
DA:204,0
DA:205,0
DA:206,0
DA:208,0
DA:209,0
DA:214,0
DA:220,0
DA:231,0
DA:232,0
DA:233,0
DA:234,0
DA:239,0
DA:250,0
DA:251,0
DA:252,0
DA:254,0
DA:255,0
DA:261,0
DA:262,0
DA:267,0
LF:84
LH:0
BRDA:36,0,0,0
BRDA:36,0,1,0
BRDA:49,1,0,0
BRDA:49,1,1,0
BRDA:49,2,0,0
BRDA:49,2,1,0
BRDA:66,3,0,0
BRDA:66,3,1,0
BRDA:79,4,0,0
BRDA:79,4,1,0
BRDA:82,5,0,0
BRDA:82,5,1,0
BRDA:96,6,0,0
BRDA:96,6,1,0
BRDA:110,7,0,0
BRDA:110,7,1,0
BRDA:128,8,0,0
BRDA:128,8,1,0
BRDA:129,9,0,0
BRDA:129,9,1,0
BRDA:137,10,0,0
BRDA:137,10,1,0
BRDA:141,11,0,0
BRDA:141,11,1,0
BRDA:142,12,0,0
BRDA:142,12,1,0
BRDA:147,13,0,0
BRDA:147,13,1,0
BRDA:152,14,0,0
BRDA:152,14,1,0
BRDA:153,15,0,0
BRDA:153,15,1,0
BRDA:158,16,0,0
BRDA:158,16,1,0
BRDA:159,17,0,0
BRDA:159,17,1,0
BRDA:162,18,0,0
BRDA:162,18,1,0
BRDA:167,19,0,0
BRDA:167,19,1,0
BRDA:168,20,0,0
BRDA:168,20,1,0
BRDA:177,21,0,0
BRDA:177,21,1,0
BRDA:193,22,0,0
BRDA:193,22,1,0
BRDA:208,23,0,0
BRDA:208,23,1,0
BRDA:222,24,0,0
BRDA:222,24,1,0
BRDA:241,25,0,0
BRDA:241,25,1,0
BRDA:254,26,0,0
BRDA:254,26,1,0
BRDA:254,27,0,0
BRDA:254,27,1,0
BRDA:269,28,0,0
BRDA:269,28,1,0
BRF:58
BRH:0
end_of_record
TN:
SF:backend/routes/storage.ts
FN:24,(anonymous_0)
FN:46,(anonymous_1)
FN:71,(anonymous_2)
FN:139,(anonymous_3)
FN:162,(anonymous_4)
FNF:5
FNH:0
FNDA:0,(anonymous_0)
FNDA:0,(anonymous_1)
FNDA:0,(anonymous_2)
FNDA:0,(anonymous_3)
FNDA:0,(anonymous_4)
DA:18,0
DA:24,0
DA:25,0
DA:26,0
DA:27,0
DA:30,0
DA:31,0
DA:33,0
DA:34,0
DA:35,0
DA:37,0
DA:38,0
DA:39,0
DA:40,0
DA:41,0
DA:45,0
DA:46,0
DA:51,0
DA:55,0
DA:60,0
DA:71,0
DA:72,0
DA:73,0
DA:81,0
DA:84,0
DA:85,0
DA:87,0
DA:89,0
DA:90,0
DA:91,0
DA:93,0
DA:95,0
DA:97,0
DA:98,0
DA:101,0
DA:103,0
DA:104,0
DA:105,0
DA:106,0
DA:107,0
DA:112,0
DA:124,0
DA:125,0
DA:129,0
DA:134,0
DA:135,0
DA:137,0
DA:138,0
DA:139,0
DA:142,0
DA:151,0
DA:162,0
DA:163,0
DA:164,0
DA:165,0
DA:166,0
DA:168,0
DA:169,0
DA:175,0
DA:176,0
DA:178,0
DA:179,0
DA:181,0
DA:182,0
DA:184,0
DA:192,0
DA:198,0
LF:67
LH:0
BRDA:40,0,0,0
BRDA:40,0,1,0
BRDA:62,1,0,0
BRDA:62,1,1,0
BRDA:95,2,0,0
BRDA:95,2,1,0
BRDA:101,3,0,0
BRDA:101,3,1,0
BRDA:124,4,0,0
BRDA:124,4,1,0
BRDA:153,5,0,0
BRDA:153,5,1,0
BRDA:168,6,0,0
BRDA:168,6,1,0
BRDA:168,7,0,0
BRDA:168,7,1,0
BRDA:179,8,0,0
BRDA:179,8,1,0
BRDA:200,9,0,0
BRDA:200,9,1,0
BRF:20
BRH:0
end_of_record
TN:
SF:backend/services/ContentInboxService.ts
FN:35,(anonymous_0)
FN:46,(anonymous_1)
FN:110,(anonymous_2)
FN:116,(anonymous_3)
FN:117,(anonymous_4)
FN:152,(anonymous_5)
FN:163,(anonymous_6)
FN:177,(anonymous_7)
FN:220,(anonymous_8)
FN:276,(anonymous_9)
FN:301,(anonymous_10)
FN:322,(anonymous_11)
FNF:12
FNH:12
FNDA:19,(anonymous_0)
FNDA:5,(anonymous_1)
FNDA:5,(anonymous_2)
FNDA:4,(anonymous_3)
FNDA:3,(anonymous_4)
FNDA:1,(anonymous_5)
FNDA:12,(anonymous_6)
FNDA:3,(anonymous_7)
FNDA:4,(anonymous_8)
FNDA:5,(anonymous_9)
FNDA:6,(anonymous_10)
FNDA:10,(anonymous_11)
DA:13,1
DA:14,1
DA:21,1
DA:22,1
DA:23,1
DA:30,1
DA:31,19
DA:32,19
DA:33,19
DA:36,19
DA:37,19
DA:38,19
DA:47,5
DA:49,5
DA:52,5
DA:55,5
DA:58,5
DA:59,5
DA:62,5
DA:69,5
DA:70,5
DA:71,1
DA:78,4
DA:86,4
DA:87,4
DA:88,1
DA:94,3
DA:99,0
DA:111,5
DA:112,5
DA:114,5
DA:115,4
DA:116,4
DA:117,3
DA:119,4
DA:121,4
DA:122,4
DA:124,4
DA:125,3
DA:126,3
DA:129,3
DA:130,3
DA:131,3
DA:132,2
DA:135,1
DA:136,1
DA:142,4
DA:143,1
DA:144,1
DA:145,1
DA:146,1
DA:148,0
DA:152,4
DA:154,1
DA:155,1
DA:164,12
DA:165,12
DA:166,12
DA:167,9
DA:169,3
DA:178,3
DA:179,3
DA:180,3
DA:181,1
DA:188,2
DA:207,2
DA:209,0
DA:221,4
DA:222,4
DA:223,4
DA:224,1
DA:231,3
DA:232,3
DA:233,3
DA:234,3
DA:235,2
DA:236,1
DA:238,2
DA:239,1
DA:241,1
DA:246,2
DA:247,2
DA:248,2
DA:249,2
DA:250,2
DA:251,2
DA:253,0
DA:254,0
DA:256,0
DA:260,2
DA:265,1
DA:277,5
DA:279,5
DA:280,5
DA:283,5
DA:285,4
DA:290,1
DA:302,6
DA:303,6
DA:304,6
DA:306,4
DA:311,2
DA:323,10
DA:325,10
DA:326,30
LF:105
LH:99
BRDA:35,0,0,0
BRDA:55,1,0,5
BRDA:55,1,1,0
BRDA:58,2,0,5
BRDA:58,2,1,0
BRDA:65,3,0,5
BRDA:65,3,1,0
BRDA:70,4,0,1
BRDA:70,4,1,4
BRDA:87,5,0,1
BRDA:87,5,1,3
BRDA:101,6,0,0
BRDA:101,6,1,0
BRDA:125,7,0,3
BRDA:125,7,1,0
BRDA:125,8,0,3
BRDA:125,8,1,3
BRDA:180,9,0,1
BRDA:180,9,1,2
BRDA:193,10,0,2
BRDA:193,10,1,0
BRDA:197,11,0,0
BRDA:197,11,1,2
BRDA:201,12,0,0
BRDA:201,12,1,2
BRDA:211,13,0,0
BRDA:211,13,1,0
BRDA:223,14,0,1
BRDA:223,14,1,3
BRDA:238,15,0,1
BRDA:238,15,1,1
BRDA:253,16,0,0
BRDA:253,16,1,0
BRDA:267,17,0,1
BRDA:267,17,1,0
BRDA:292,18,0,1
BRDA:292,18,1,0
BRDA:313,19,0,2
BRDA:313,19,1,0
BRF:39
BRH:22
end_of_record
TN:
SF:backend/services/MetadataService.ts
FN:21,(anonymous_0)
FN:29,(anonymous_1)
FN:34,(anonymous_2)
FN:36,(anonymous_3)
FN:49,(anonymous_4)
FN:50,(anonymous_5)
FN:61,(anonymous_6)
FN:63,(anonymous_7)
FN:70,(anonymous_8)
FN:72,(anonymous_9)
FN:79,(anonymous_10)
FN:81,(anonymous_11)
FN:88,(anonymous_12)
FN:104,(anonymous_13)
FN:127,(anonymous_14)
FN:129,(anonymous_15)
FN:136,(anonymous_16)
FN:138,(anonymous_17)
FN:145,(anonymous_18)
FN:149,(anonymous_19)
FN:159,(anonymous_20)
FN:168,(anonymous_21)
FNF:22
FNH:6
FNDA:11,(anonymous_0)
FNDA:5,(anonymous_1)
FNDA:9,(anonymous_2)
FNDA:5,(anonymous_3)
FNDA:5,(anonymous_4)
FNDA:1,(anonymous_5)
FNDA:0,(anonymous_6)
FNDA:0,(anonymous_7)
FNDA:0,(anonymous_8)
FNDA:0,(anonymous_9)
FNDA:0,(anonymous_10)
FNDA:0,(anonymous_11)
FNDA:0,(anonymous_12)
FNDA:0,(anonymous_13)
FNDA:0,(anonymous_14)
FNDA:0,(anonymous_15)
FNDA:0,(anonymous_16)
FNDA:0,(anonymous_17)
FNDA:0,(anonymous_18)
FNDA:0,(anonymous_19)
FNDA:0,(anonymous_20)
FNDA:0,(anonymous_21)
DA:13,1
DA:14,1
DA:16,1
DA:18,1
DA:19,11
DA:22,11
DA:30,5
DA:31,5
DA:33,5
DA:34,9
DA:36,5
DA:37,5
DA:38,5
DA:39,5
DA:40,4
DA:42,2
DA:43,2
DA:47,5
DA:48,5
DA:49,5
DA:50,1
DA:52,0
DA:53,0
DA:62,0
DA:63,0
DA:71,0
DA:72,0
DA:80,0
DA:81,0
DA:94,0
DA:96,0
DA:101,0
DA:102,0
DA:104,0
DA:106,0
DA:109,0
DA:112,0
DA:115,0
DA:128,0
DA:129,0
DA:137,0
DA:138,0
DA:146,0
DA:147,0
DA:149,0
DA:150,0
DA:160,0
DA:161,0
DA:169,0
DA:170,0
LF:50
LH:21
BRDA:21,0,0,0
BRDA:109,1,0,0
BRDA:109,1,1,0
BRDA:112,2,0,0
BRDA:112,2,1,0
BRDA:138,3,0,0
BRDA:138,3,1,0
BRDA:150,4,0,0
BRDA:150,4,1,0
BRDA:159,5,0,0
BRF:10
BRH:0
end_of_record
TN:
SF:backend/utils/calculateWordCount.ts
FN:15,calculateWordCount
FN:24,(anonymous_1)
FNF:2
FNH:2
FNDA:38,calculateWordCount
FNDA:51094,(anonymous_1)
DA:15,1
DA:16,38
DA:17,7
DA:21,31
DA:24,51094
DA:26,31
LF:6
LH:6
BRDA:16,0,0,7
BRDA:16,0,1,31
BRDA:16,1,0,38
BRDA:16,1,1,35
BRF:4
BRH:4
end_of_record
TN:
SF:backend/utils/createMetadata.ts
FN:23,createMetadata
FN:64,getFileExtension
FNF:2
FNH:2
FNDA:12,createMetadata
FNDA:12,getFileExtension
DA:12,1
DA:13,1
DA:14,1
DA:15,1
DA:16,1
DA:17,1
DA:23,1
DA:24,12
DA:25,12
DA:26,12
DA:27,12
DA:28,12
DA:29,12
DA:32,12
DA:33,12
DA:35,12
DA:66,12
DA:67,9
DA:68,9
DA:69,9
DA:74,3
DA:76,3
DA:78,0
DA:80,0
DA:82,0
DA:84,0
DA:86,0
DA:88,0
DA:90,0
DA:92,0
DA:94,0
DA:96,0
DA:98,0
LF:33
LH:22
BRDA:27,0,0,9
BRDA:27,0,1,3
BRDA:42,1,0,12
BRDA:42,1,1,10
BRDA:42,1,2,9
BRDA:66,2,0,9
BRDA:66,2,1,3
BRDA:68,3,0,9
BRDA:68,3,1,0
BRDA:74,4,0,3
BRDA:74,4,1,0
BRDA:74,4,2,0
BRDA:74,4,3,0
BRDA:74,4,4,0
BRDA:74,4,5,0
BRDA:74,4,6,0
BRDA:74,4,7,0
BRDA:74,4,8,0
BRDA:74,4,9,0
BRDA:74,4,10,0
BRDA:74,4,11,0
BRF:21
BRH:9
end_of_record
TN:
SF:backend/utils/detectContentType.ts
FN:18,detectContentType
FN:49,hasCodePatterns
FN:62,(anonymous_2)
FN:69,hasHtmlPatterns
FN:78,(anonymous_4)
FN:85,isUrl
FNF:6
FNH:0
FNDA:0,detectContentType
FNDA:0,hasCodePatterns
FNDA:0,(anonymous_2)
FNDA:0,hasHtmlPatterns
FNDA:0,(anonymous_4)
FNDA:0,isUrl
DA:20,0
DA:21,0
DA:27,0
DA:28,0
DA:32,0
DA:33,0
DA:37,0
DA:38,0
DA:42,0
DA:50,0
DA:62,0
DA:70,0
DA:78,0
DA:86,0
DA:87,0
DA:88,0
DA:90,0
LF:17
LH:0
BRDA:20,0,0,0
BRDA:20,0,1,0
BRDA:27,1,0,0
BRDA:27,1,1,0
BRDA:32,2,0,0
BRDA:32,2,1,0
BRDA:37,3,0,0
BRDA:37,3,1,0
BRF:8
BRH:0
end_of_record
TN:
SF:backend/utils/detectFileType.ts
FN:19,detectFileType
FN:40,isWebContent
FN:47,hasCodePatterns
FN:63,(anonymous_3)
FNF:4
FNH:4
FNDA:44,detectFileType
FNDA:44,isWebContent
FNDA:11,hasCodePatterns
FNDA:68,(anonymous_3)
DA:13,1
DA:19,1
DA:21,44
DA:22,5
DA:26,39
DA:29,39
DA:30,9
DA:33,30
DA:41,44
DA:48,11
DA:63,68
LF:11
LH:11
BRDA:21,0,0,5
BRDA:21,0,1,39
BRDA:29,1,0,9
BRDA:29,1,1,30
BRDA:29,2,0,39
BRDA:29,2,1,19
BRDA:29,2,2,11
BRDA:41,3,0,44
BRDA:41,3,1,42
BRF:9
BRH:9
end_of_record
TN:
SF:backend/utils/extractTitle.ts
FN:15,extractTitle
FN:16,(anonymous_1)
FNF:2
FNH:2
FNDA:34,extractTitle
FNDA:62,(anonymous_1)
DA:15,1
DA:16,62
DA:18,34
DA:19,5
DA:22,29
DA:25,29
DA:26,11
DA:30,18
DA:31,2
DA:35,16
DA:36,1
DA:39,15
LF:12
LH:12
BRDA:18,0,0,5
BRDA:18,0,1,29
BRDA:25,1,0,11
BRDA:25,1,1,18
BRDA:30,2,0,2
BRDA:30,2,1,16
BRDA:35,3,0,1
BRDA:35,3,1,15
BRF:8
BRH:8
end_of_record
TN:
SF:backend/utils/generateContentId.ts
FN:16,generateContentId
FNF:1
FNH:1
FNDA:11011,generateContentId
DA:16,1
DA:17,11011
DA:18,11011
DA:19,11011
LF:4
LH:4
BRF:0
BRH:0
end_of_record
TN:
SF:backend/utils/generateHash.ts
FN:17,generateHash
FNF:1
FNH:1
FNDA:1027,generateHash
DA:11,1
DA:17,1
DA:18,1027
DA:22,1027
LF:4
LH:4
BRF:0
BRH:0
end_of_record
TN:
SF:src/App.tsx
FN:17,App
FNF:1
FNH:0
FNDA:0,App
DA:18,0
LF:1
LH:0
BRF:0
BRH:0
end_of_record
TN:
SF:src/components/Badge.tsx
FN:25,Badge
FNF:1
FNH:1
FNDA:15,Badge
DA:25,1
DA:31,15
DA:38,15
LF:3
LH:3
BRDA:27,0,0,15
BRDA:28,1,0,15
BRDA:29,2,0,14
BRF:3
BRH:3
end_of_record
TN:
SF:src/components/Box.tsx
FN:51,(anonymous_1)
FNF:1
FNH:1
FNDA:22,(anonymous_1)
DA:16,1
DA:17,1
DA:50,1
DA:71,22
DA:116,1
LF:5
LH:5
BRDA:52,0,0,22
BRDA:77,1,0,22
BRDA:77,1,1,1
BRDA:80,2,0,22
BRDA:80,2,1,1
BRDA:81,3,0,22
BRDA:81,3,1,0
BRDA:82,4,0,22
BRDA:82,4,1,0
BRDA:85,5,0,22
BRDA:85,5,1,1
BRDA:88,6,0,22
BRDA:88,6,1,22
BRDA:89,7,0,22
BRDA:89,7,1,0
BRDA:90,8,0,22
BRDA:90,8,1,0
BRDA:93,9,0,22
BRDA:93,9,1,0
BRDA:94,10,0,22
BRDA:94,10,1,0
BRDA:95,11,0,22
BRDA:95,11,1,0
BRDA:98,12,0,22
BRDA:98,12,1,0
BRDA:101,13,0,22
BRDA:101,13,1,22
BRDA:104,14,0,22
BRDA:104,14,1,3
BRF:29
BRH:21
end_of_record
TN:
SF:src/components/Button.tsx
FN:29,(anonymous_1)
FNF:1
FNH:1
FNDA:20,(anonymous_1)
DA:16,1
DA:17,1
DA:28,1
DA:30,20
DA:53,1
LF:5
LH:5
BRDA:29,0,0,18
BRDA:29,1,0,17
BRDA:36,2,0,20
BRDA:36,2,1,2
BRDA:37,3,0,20
BRDA:37,3,1,4
BRDA:40,4,0,20
BRDA:40,4,1,16
BRDA:44,5,0,20
BRDA:44,5,1,4
BRDA:45,6,0,20
BRDA:45,6,1,16
BRDA:45,6,2,1
BRDA:47,7,0,20
BRDA:47,7,1,16
BRDA:47,7,2,1
BRF:16
BRH:16
end_of_record
TN:
SF:src/components/Card.tsx
FN:31,(anonymous_1)
FNF:1
FNH:1
FNDA:22,(anonymous_1)
DA:16,1
DA:17,1
DA:19,1
DA:30,1
DA:43,22
DA:65,1
LF:6
LH:6
BRDA:35,0,0,16
BRDA:38,1,0,21
BRDA:39,2,0,22
BRDA:40,3,0,22
BRDA:40,4,0,3
BRDA:40,4,1,19
BRDA:49,5,0,22
BRDA:49,5,1,4
BRDA:50,6,0,22
BRDA:50,6,1,3
BRF:10
BRH:10
end_of_record
TN:
SF:src/components/Checkbox.tsx
FN:26,(anonymous_0)
FN:30,(anonymous_1)
FNF:2
FNH:0
FNDA:0,(anonymous_0)
FNDA:0,(anonymous_1)
DA:25,0
DA:27,0
DA:31,0
DA:32,0
DA:33,0
DA:45,0
LF:6
LH:0
BRDA:31,0,0,0
BRDA:31,0,1,0
BRDA:32,1,0,0
BRDA:32,1,1,0
BRDA:33,2,0,0
BRDA:33,2,1,0
BRDA:33,3,0,0
BRDA:33,3,1,0
BRDA:39,4,0,0
BRDA:39,4,1,0
BRF:10
BRH:0
end_of_record
TN:
SF:src/components/Dropdown.tsx
FN:37,Dropdown
FN:49,(anonymous_1)
FN:51,(anonymous_2)
FN:52,(anonymous_3)
FN:60,(anonymous_4)
FN:64,(anonymous_5)
FN:83,(anonymous_6)
FN:103,(anonymous_7)
FN:111,(anonymous_8)
FNF:9
FNH:0
FNDA:0,Dropdown
FNDA:0,(anonymous_1)
FNDA:0,(anonymous_2)
FNDA:0,(anonymous_3)
FNDA:0,(anonymous_4)
FNDA:0,(anonymous_5)
FNDA:0,(anonymous_6)
FNDA:0,(anonymous_7)
FNDA:0,(anonymous_8)
DA:46,0
DA:47,0
DA:49,0
DA:51,0
DA:52,0
DA:53,0
DA:54,0
DA:58,0
DA:59,0
DA:60,0
DA:64,0
DA:65,0
DA:66,0
DA:67,0
DA:71,0
DA:83,0
DA:104,0
DA:111,0
LF:18
LH:0
BRDA:41,0,0,0
BRDA:53,1,0,0
BRDA:53,1,1,0
BRDA:53,2,0,0
BRDA:53,2,1,0
BRDA:58,3,0,0
BRDA:58,3,1,0
BRDA:65,4,0,0
BRDA:65,4,1,0
BRDA:76,5,0,0
BRDA:76,5,1,0
BRDA:77,6,0,0
BRDA:77,6,1,0
BRDA:83,7,0,0
BRDA:83,7,1,0
BRDA:89,8,0,0
BRDA:89,8,1,0
BRDA:91,9,0,0
BRDA:91,9,1,0
BRDA:98,10,0,0
BRDA:98,10,1,0
BRDA:101,11,0,0
BRDA:101,11,1,0
BRDA:108,12,0,0
BRDA:108,12,1,0
BRDA:109,13,0,0
BRDA:109,13,1,0
BRDA:116,14,0,0
BRDA:116,14,1,0
BRDA:118,15,0,0
BRDA:118,15,1,0
BRF:31
BRH:0
end_of_record
TN:
SF:src/components/Dropzone.tsx
FN:30,Dropzone
FN:33,(anonymous_2)
FN:41,(anonymous_3)
FN:52,(anonymous_4)
FN:64,(anonymous_5)
FN:70,(anonymous_6)
FN:145,(anonymous_7)
FN:189,(anonymous_8)
FNF:8
FNH:4
FNDA:17,Dropzone
FNDA:6,(anonymous_2)
FNDA:10,(anonymous_3)
FNDA:0,(anonymous_4)
FNDA:0,(anonymous_5)
FNDA:68,(anonymous_6)
FNDA:0,(anonymous_7)
FNDA:0,(anonymous_8)
DA:16,1
DA:17,1
DA:18,1
DA:19,1
DA:20,1
DA:21,1
DA:30,1
DA:31,17
DA:33,17
DA:35,6
DA:38,6
DA:39,6
DA:41,6
DA:42,10
DA:43,4
DA:44,6
DA:45,1
DA:47,5
DA:52,6
DA:53,0
DA:56,6
DA:58,6
DA:59,3
DA:63,6
DA:64,5
DA:68,17
DA:72,68
DA:88,68
DA:89,68
DA:91,68
DA:98,17
DA:99,3
DA:127,14
DA:128,1
DA:146,0
DA:157,13
DA:190,0
LF:37
LH:34
BRDA:42,0,0,4
BRDA:42,0,1,6
BRDA:44,1,0,1
BRDA:44,1,1,5
BRDA:58,2,0,3
BRDA:58,2,1,3
BRDA:63,3,0,5
BRDA:63,3,1,1
BRDA:88,4,0,68
BRDA:88,4,1,0
BRDA:94,5,0,17
BRDA:94,5,1,14
BRDA:95,6,0,17
BRDA:95,6,1,14
BRDA:98,7,0,3
BRDA:98,7,1,14
BRDA:105,8,0,3
BRDA:105,8,1,0
BRDA:106,9,0,3
BRDA:106,9,1,0
BRDA:113,10,0,3
BRDA:113,10,1,1
BRDA:127,11,0,1
BRDA:127,11,1,13
BRDA:131,12,0,1
BRDA:131,12,1,0
BRDA:135,13,0,1
BRDA:135,13,1,0
BRDA:143,14,0,1
BRDA:143,14,1,0
BRDA:163,15,0,13
BRDA:163,15,1,2
BRDA:164,16,0,13
BRDA:164,16,1,0
BRDA:172,17,0,2
BRDA:172,17,1,11
BRDA:187,18,0,13
BRDA:187,18,1,0
BRF:38
BRH:30
end_of_record
TN:
SF:src/components/EditableField.tsx
FN:37,EditableField
FN:60,(anonymous_1)
FN:64,(anonymous_2)
FN:73,(anonymous_3)
FN:81,(anonymous_4)
FN:88,(anonymous_5)
FN:110,(anonymous_6)
FN:142,(anonymous_7)
FN:144,(anonymous_8)
FN:155,(anonymous_9)
FN:157,(anonymous_10)
FN:215,(anonymous_11)
FNF:12
FNH:0
FNDA:0,EditableField
FNDA:0,(anonymous_1)
FNDA:0,(anonymous_2)
FNDA:0,(anonymous_3)
FNDA:0,(anonymous_4)
FNDA:0,(anonymous_5)
FNDA:0,(anonymous_6)
FNDA:0,(anonymous_7)
FNDA:0,(anonymous_8)
FNDA:0,(anonymous_9)
FNDA:0,(anonymous_10)
FNDA:0,(anonymous_11)
DA:55,0
DA:56,0
DA:57,0
DA:58,0
DA:60,0
DA:61,0
DA:64,0
DA:65,0
DA:66,0
DA:67,0
DA:68,0
DA:73,0
DA:74,0
DA:75,0
DA:76,0
DA:77,0
DA:78,0
DA:81,0
DA:82,0
DA:83,0
DA:84,0
DA:85,0
DA:88,0
DA:90,0
DA:91,0
DA:92,0
DA:95,0
DA:96,0
DA:97,0
DA:98,0
DA:99,0
DA:104,0
DA:105,0
DA:106,0
DA:107,0
DA:110,0
DA:111,0
DA:112,0
DA:113,0
DA:114,0
DA:115,0
DA:116,0
DA:120,0
DA:128,0
DA:129,0
DA:142,0
DA:144,0
DA:155,0
DA:157,0
DA:190,0
DA:216,0
DA:217,0
LF:52
LH:0
BRDA:41,0,0,0
BRDA:42,1,0,0
BRDA:43,2,0,0
BRDA:44,3,0,0
BRDA:47,4,0,0
BRDA:49,5,0,0
BRDA:50,6,0,0
BRDA:51,7,0,0
BRDA:65,8,0,0
BRDA:65,8,1,0
BRDA:65,9,0,0
BRDA:65,9,1,0
BRDA:67,10,0,0
BRDA:67,10,1,0
BRDA:74,11,0,0
BRDA:74,11,1,0
BRDA:90,12,0,0
BRDA:90,12,1,0
BRDA:90,13,0,0
BRDA:90,13,1,0
BRDA:95,14,0,0
BRDA:95,14,1,0
BRDA:97,15,0,0
BRDA:97,15,1,0
BRDA:111,16,0,0
BRDA:111,16,1,0
BRDA:111,17,0,0
BRDA:111,17,1,0
BRDA:114,18,0,0
BRDA:114,18,1,0
BRDA:122,19,0,0
BRDA:122,19,1,0
BRDA:123,20,0,0
BRDA:123,20,1,0
BRDA:124,21,0,0
BRDA:124,21,1,0
BRDA:128,22,0,0
BRDA:128,22,1,0
BRDA:131,23,0,0
BRDA:131,23,1,0
BRDA:134,24,0,0
BRDA:134,24,1,0
BRDA:138,25,0,0
BRDA:138,25,1,0
BRDA:181,26,0,0
BRDA:181,26,1,0
BRDA:192,27,0,0
BRDA:192,27,1,0
BRDA:195,28,0,0
BRDA:195,28,1,0
BRDA:200,29,0,0
BRDA:200,29,1,0
BRDA:203,30,0,0
BRDA:203,30,1,0
BRDA:207,31,0,0
BRDA:207,31,1,0
BRDA:211,32,0,0
BRDA:211,32,1,0
BRDA:211,32,2,0
BRF:59
BRH:0
end_of_record
TN:
SF:src/components/EditableText.tsx
FN:26,EditableText
FN:31,(anonymous_1)
FN:35,(anonymous_2)
FN:42,(anonymous_3)
FN:50,(anonymous_4)
FN:55,(anonymous_5)
FN:71,(anonymous_6)
FN:81,(anonymous_7)
FNF:8
FNH:0
FNDA:0,EditableText
FNDA:0,(anonymous_1)
FNDA:0,(anonymous_2)
FNDA:0,(anonymous_3)
FNDA:0,(anonymous_4)
FNDA:0,(anonymous_5)
FNDA:0,(anonymous_6)
FNDA:0,(anonymous_7)
DA:27,0
DA:28,0
DA:29,0
DA:31,0
DA:32,0
DA:35,0
DA:36,0
DA:37,0
DA:38,0
DA:42,0
DA:43,0
DA:44,0
DA:45,0
DA:47,0
DA:50,0
DA:51,0
DA:52,0
DA:55,0
DA:56,0
DA:57,0
DA:58,0
DA:59,0
DA:60,0
DA:64,0
DA:65,0
DA:66,0
DA:71,0
DA:79,0
DA:81,0
LF:29
LH:0
BRDA:26,0,0,0
BRDA:26,1,0,0
BRDA:36,2,0,0
BRDA:36,2,1,0
BRDA:36,3,0,0
BRDA:36,3,1,0
BRDA:44,4,0,0
BRDA:44,4,1,0
BRDA:45,5,0,0
BRDA:45,5,1,0
BRDA:56,6,0,0
BRDA:56,6,1,0
BRDA:56,7,0,0
BRDA:56,7,1,0
BRDA:59,8,0,0
BRDA:59,8,1,0
BRDA:64,9,0,0
BRDA:64,9,1,0
BRDA:65,10,0,0
BRDA:65,10,1,0
BRDA:85,11,0,0
BRDA:85,11,1,0
BRF:22
BRH:0
end_of_record
TN:
SF:src/components/FileInput.tsx
FN:28,(anonymous_0)
FN:31,(anonymous_1)
FN:37,(anonymous_2)
FN:47,(anonymous_3)
FNF:4
FNH:0
FNDA:0,(anonymous_0)
FNDA:0,(anonymous_1)
FNDA:0,(anonymous_2)
FNDA:0,(anonymous_3)
DA:27,0
DA:29,0
DA:31,0
DA:32,0
DA:33,0
DA:37,0
DA:38,0
DA:41,0
DA:48,0
DA:49,0
DA:50,0
DA:70,0
LF:12
LH:0
BRDA:28,0,0,0
BRDA:28,1,0,0
BRDA:32,2,0,0
BRDA:32,2,1,0
BRDA:32,3,0,0
BRDA:32,3,1,0
BRDA:43,4,0,0
BRDA:43,4,1,0
BRDA:46,5,0,0
BRDA:46,5,1,0
BRDA:48,6,0,0
BRDA:48,6,1,0
BRDA:48,7,0,0
BRDA:48,7,1,0
BRDA:55,8,0,0
BRDA:55,8,1,0
BRDA:64,9,0,0
BRDA:64,9,1,0
BRF:18
BRH:0
end_of_record
TN:
SF:src/components/Image.tsx
FN:26,(anonymous_0)
FN:35,(anonymous_1)
FNF:2
FNH:0
FNDA:0,(anonymous_0)
FNDA:0,(anonymous_1)
DA:25,0
DA:27,0
DA:36,0
DA:37,0
DA:46,0
LF:5
LH:0
BRDA:26,0,0,0
BRDA:32,1,0,0
BRDA:32,1,1,0
BRDA:36,2,0,0
BRDA:36,2,1,0
BRDA:36,3,0,0
BRDA:36,3,1,0
BRF:7
BRH:0
end_of_record
TN:
SF:src/components/Input.tsx
FN:26,(anonymous_0)
FNF:1
FNH:0
FNDA:0,(anonymous_0)
DA:25,0
DA:27,0
DA:42,0
LF:3
LH:0
BRDA:26,0,0,0
BRDA:32,1,0,0
BRDA:32,1,1,0
BRDA:33,2,0,0
BRDA:33,2,1,0
BRF:5
BRH:0
end_of_record
TN:
SF:src/components/Label.tsx
FN:25,(anonymous_0)
FNF:1
FNH:0
FNDA:0,(anonymous_0)
DA:24,0
DA:26,0
DA:39,0
LF:3
LH:0
BRDA:33,0,0,0
BRDA:33,0,1,0
BRF:2
BRH:0
end_of_record
TN:
SF:src/components/Link.tsx
FN:26,(anonymous_0)
FNF:1
FNH:0
FNDA:0,(anonymous_0)
DA:25,0
DA:27,0
DA:32,0
DA:48,0
LF:4
LH:0
BRDA:26,0,0,0
BRDA:27,1,0,0
BRDA:27,1,1,0
BRDA:36,2,0,0
BRDA:36,2,1,0
BRF:5
BRH:0
end_of_record
TN:
SF:src/components/Modal.tsx
FN:32,Modal
FN:44,(anonymous_1)
FN:47,(anonymous_2)
FN:54,(anonymous_3)
FN:57,(anonymous_4)
FN:63,(anonymous_5)
FN:70,(anonymous_6)
FNF:7
FNH:0
FNDA:0,Modal
FNDA:0,(anonymous_1)
FNDA:0,(anonymous_2)
FNDA:0,(anonymous_3)
FNDA:0,(anonymous_4)
FNDA:0,(anonymous_5)
FNDA:0,(anonymous_6)
DA:42,0
DA:44,0
DA:45,0
DA:47,0
DA:48,0
DA:49,0
DA:53,0
DA:54,0
DA:57,0
DA:58,0
DA:59,0
DA:61,0
DA:63,0
DA:64,0
DA:68,0
DA:70,0
DA:71,0
DA:72,0
DA:76,0
LF:19
LH:0
BRDA:37,0,0,0
BRDA:38,1,0,0
BRDA:39,2,0,0
BRDA:45,3,0,0
BRDA:45,3,1,0
BRDA:45,4,0,0
BRDA:45,4,1,0
BRDA:48,5,0,0
BRDA:48,5,1,0
BRDA:58,6,0,0
BRDA:58,6,1,0
BRDA:68,7,0,0
BRDA:68,7,1,0
BRDA:71,8,0,0
BRDA:71,8,1,0
BRDA:71,9,0,0
BRDA:71,9,1,0
BRDA:91,10,0,0
BRDA:91,10,1,0
BRF:19
BRH:0
end_of_record
TN:
SF:src/components/Radio.tsx
FN:25,(anonymous_0)
FNF:1
FNH:0
FNDA:0,(anonymous_0)
DA:24,0
DA:26,0
DA:40,0
LF:3
LH:0
BRDA:34,0,0,0
BRDA:34,0,1,0
BRF:2
BRH:0
end_of_record
TN:
SF:src/components/ScrollContainer.tsx
FN:37,(anonymous_0)
FNF:1
FNH:0
FNDA:0,(anonymous_0)
DA:37,0
DA:54,0
DA:63,0
DA:71,0
DA:72,0
DA:75,0
DA:89,0
LF:7
LH:0
BRDA:39,0,0,0
BRDA:44,1,0,0
BRDA:45,2,0,0
BRDA:46,3,0,0
BRDA:49,4,0,0
BRDA:50,5,0,0
BRDA:57,6,0,0
BRDA:57,6,1,0
BRDA:58,7,0,0
BRDA:58,7,1,0
BRDA:59,8,0,0
BRDA:59,8,1,0
BRDA:71,9,0,0
BRDA:71,9,1,0
BRF:14
BRH:0
end_of_record
TN:
SF:src/components/Select.tsx
FN:26,(anonymous_0)
FNF:1
FNH:0
FNDA:0,(anonymous_0)
DA:25,0
DA:27,0
DA:44,0
LF:3
LH:0
BRDA:26,0,0,0
BRDA:32,1,0,0
BRDA:32,1,1,0
BRDA:33,2,0,0
BRDA:33,2,1,0
BRF:5
BRH:0
end_of_record
TN:
SF:src/components/Tag.tsx
FN:26,Tag
FN:48,(anonymous_1)
FNF:2
FNH:0
FNDA:0,Tag
FNDA:0,(anonymous_1)
DA:34,0
DA:49,0
DA:50,0
LF:3
LH:0
BRDA:28,0,0,0
BRDA:29,1,0,0
BRDA:40,2,0,0
BRDA:40,2,1,0
BRDA:46,3,0,0
BRDA:46,3,1,0
BRF:6
BRH:0
end_of_record
TN:
SF:src/components/Text.tsx
FN:38,(anonymous_0)
FNF:1
FNH:0
FNDA:0,(anonymous_0)
DA:37,0
DA:52,0
DA:77,0
LF:3
LH:0
BRDA:39,0,0,0
BRDA:40,1,0,0
BRDA:56,2,0,0
BRDA:56,2,1,0
BRDA:57,3,0,0
BRDA:57,3,1,0
BRDA:58,4,0,0
BRDA:58,4,1,0
BRDA:59,5,0,0
BRDA:59,5,1,0
BRDA:60,6,0,0
BRDA:60,6,1,0
BRDA:61,7,0,0
BRDA:61,7,1,0
BRDA:65,8,0,0
BRDA:65,8,1,0
BRDA:66,9,0,0
BRDA:66,9,1,0
BRF:18
BRH:0
end_of_record
TN:
SF:src/components/Textarea.tsx
FN:27,(anonymous_0)
FNF:1
FNH:0
FNDA:0,(anonymous_0)
DA:26,0
DA:28,0
DA:43,0
LF:3
LH:0
BRDA:27,0,0,0
BRDA:33,1,0,0
BRDA:33,1,1,0
BRDA:34,2,0,0
BRDA:34,2,1,0
BRF:5
BRH:0
end_of_record
TN:
SF:src/components/VirtualList.tsx
FN:41,(anonymous_0)
FN:47,(anonymous_1)
FN:60,(anonymous_2)
FN:79,(anonymous_3)
FNF:4
FNH:0
FNDA:0,(anonymous_0)
FNDA:0,(anonymous_1)
FNDA:0,(anonymous_2)
FNDA:0,(anonymous_3)
DA:41,0
DA:42,0
DA:43,0
DA:46,0
DA:60,0
DA:64,0
DA:67,0
DA:73,0
DA:74,0
DA:80,0
DA:87,0
DA:108,0
LF:12
LH:0
BRDA:50,0,0,0
BRDA:52,1,0,0
BRDA:55,2,0,0
BRDA:56,3,0,0
BRDA:57,4,0,0
BRDA:73,5,0,0
BRDA:73,5,1,0
BRF:7
BRH:0
end_of_record
TN:
SF:src/components/Sidebar/Sidebar.tsx
FN:34,Sidebar
FN:42,(anonymous_1)
FN:45,(anonymous_2)
FN:52,(anonymous_3)
FN:56,(anonymous_4)
FN:57,(anonymous_5)
FN:64,(anonymous_6)
FN:80,(anonymous_7)
FN:98,(anonymous_8)
FN:117,(anonymous_9)
FNF:10
FNH:0
FNDA:0,Sidebar
FNDA:0,(anonymous_1)
FNDA:0,(anonymous_2)
FNDA:0,(anonymous_3)
FNDA:0,(anonymous_4)
FNDA:0,(anonymous_5)
FNDA:0,(anonymous_6)
FNDA:0,(anonymous_7)
FNDA:0,(anonymous_8)
FNDA:0,(anonymous_9)
DA:35,0
DA:36,0
DA:39,0
DA:42,0
DA:43,0
DA:45,0
DA:46,0
DA:47,0
DA:51,0
DA:52,0
DA:56,0
DA:57,0
DA:58,0
DA:59,0
DA:63,0
DA:64,0
DA:67,0
DA:74,0
DA:80,0
DA:98,0
DA:118,0
LF:21
LH:0
BRDA:34,0,0,0
BRDA:39,1,0,0
BRDA:39,1,1,0
BRDA:43,2,0,0
BRDA:43,2,1,0
BRDA:43,3,0,0
BRDA:43,3,1,0
BRDA:46,4,0,0
BRDA:46,4,1,0
BRDA:46,5,0,0
BRDA:46,5,1,0
BRDA:58,6,0,0
BRDA:58,6,1,0
BRDA:58,7,0,0
BRDA:58,7,1,0
BRDA:58,7,2,0
BRDA:69,8,0,0
BRDA:69,8,1,0
BRDA:69,8,2,0
BRDA:70,9,0,0
BRDA:70,9,1,0
BRDA:70,9,2,0
BRDA:77,10,0,0
BRDA:77,10,1,0
BRDA:79,11,0,0
BRDA:79,11,1,0
BRDA:92,12,0,0
BRDA:92,12,1,0
BRDA:95,13,0,0
BRDA:95,13,1,0
BRDA:99,14,0,0
BRDA:99,14,1,0
BRDA:102,15,0,0
BRDA:102,15,1,0
BRDA:109,16,0,0
BRDA:109,16,1,0
BRDA:123,17,0,0
BRDA:123,17,1,0
BRF:38
BRH:0
end_of_record
TN:
SF:src/components/Sidebar/SidebarItem.tsx
FN:28,SidebarItem
FN:34,(anonymous_1)
FN:48,(anonymous_2)
FN:70,(anonymous_3)
FN:125,(anonymous_4)
FNF:5
FNH:0
FNDA:0,SidebarItem
FNDA:0,(anonymous_1)
FNDA:0,(anonymous_2)
FNDA:0,(anonymous_3)
FNDA:0,(anonymous_4)
DA:29,0
DA:30,0
DA:31,0
DA:32,0
DA:34,0
DA:35,0
DA:36,0
DA:37,0
DA:39,0
DA:40,0
DA:41,0
DA:42,0
DA:43,0
DA:44,0
DA:48,0
DA:49,0
DA:50,0
DA:51,0
DA:55,0
DA:56,0
DA:59,0
DA:60,0
DA:70,0
DA:84,0
DA:126,0
LF:25
LH:0
BRDA:28,0,0,0
BRDA:32,1,0,0
BRDA:32,1,1,0
BRDA:35,2,0,0
BRDA:35,2,1,0
BRDA:39,3,0,0
BRDA:39,3,1,0
BRDA:42,4,0,0
BRDA:42,4,1,0
BRDA:42,5,0,0
BRDA:42,5,1,0
BRDA:49,6,0,0
BRDA:49,6,1,0
BRDA:49,7,0,0
BRDA:49,7,1,0
BRDA:49,7,2,0
BRDA:55,8,0,0
BRDA:55,8,1,0
BRDA:56,9,0,0
BRDA:56,9,1,0
BRDA:59,10,0,0
BRDA:59,10,1,0
BRDA:64,11,0,0
BRDA:64,11,1,0
BRDA:68,12,0,0
BRDA:68,12,1,0
BRDA:74,13,0,0
BRDA:74,13,1,0
BRDA:74,13,2,0
BRDA:87,14,0,0
BRDA:87,14,1,0
BRDA:87,15,0,0
BRDA:87,15,1,0
BRDA:87,16,0,0
BRDA:87,16,1,0
BRDA:88,17,0,0
BRDA:88,17,1,0
BRDA:90,18,0,0
BRDA:90,18,1,0
BRDA:92,19,0,0
BRDA:92,19,1,0
BRDA:97,20,0,0
BRDA:97,20,1,0
BRDA:100,21,0,0
BRDA:100,21,1,0
BRDA:105,22,0,0
BRDA:105,22,1,0
BRDA:107,23,0,0
BRDA:107,23,1,0
BRDA:115,24,0,0
BRDA:115,24,1,0
BRDA:115,24,2,0
BRDA:117,25,0,0
BRDA:117,25,1,0
BRDA:123,26,0,0
BRDA:123,26,1,0
BRDA:123,26,2,0
BRDA:123,26,3,0
BRDA:123,26,4,0
BRF:59
BRH:0
end_of_record
TN:
SF:src/components/Sidebar/SidebarSection.tsx
FN:27,SidebarSection
FN:38,(anonymous_1)
FN:55,(anonymous_2)
FNF:3
FNH:0
FNDA:0,SidebarSection
FNDA:0,(anonymous_1)
FNDA:0,(anonymous_2)
DA:28,0
DA:29,0
DA:31,0
DA:33,0
DA:38,0
DA:56,0
LF:6
LH:0
BRDA:31,0,0,0
BRDA:31,0,1,0
BRDA:31,0,2,0
BRDA:35,1,0,0
BRDA:35,1,1,0
BRDA:38,2,0,0
BRDA:38,2,1,0
BRDA:44,3,0,0
BRDA:44,3,1,0
BRDA:46,4,0,0
BRDA:46,4,1,0
BRDA:53,5,0,0
BRDA:53,5,1,0
BRDA:53,5,2,0
BRF:14
BRH:0
end_of_record
TN:
SF:src/components/Sidebar/SidebarToggle.tsx
FN:24,SidebarToggle
FNF:1
FNH:0
FNDA:0,SidebarToggle
DA:25,0
DA:27,0
LF:2
LH:0
BRDA:24,0,0,0
BRDA:34,1,0,0
BRDA:34,1,1,0
BRDA:36,2,0,0
BRDA:36,2,1,0
BRDA:41,3,0,0
BRDA:41,3,1,0
BRDA:45,4,0,0
BRDA:45,4,1,0
BRF:9
BRH:0
end_of_record
TN:
SF:src/contexts/ContentInboxContext.tsx
FN:28,ContentInboxProvider
FN:36,useContentInbox
FNF:2
FNH:0
FNDA:0,ContentInboxProvider
FNDA:0,useContentInbox
DA:21,0
DA:29,0
DA:37,0
DA:38,0
DA:39,0
DA:41,0
LF:6
LH:0
BRDA:38,0,0,0
BRDA:38,0,1,0
BRF:2
BRH:0
end_of_record
TN:
SF:src/contexts/SidebarContext.tsx
FN:50,SidebarProvider
FN:55,(anonymous_1)
FN:60,(anonymous_2)
FN:70,(anonymous_3)
FN:71,(anonymous_4)
FN:82,(anonymous_5)
FN:86,(anonymous_6)
FN:93,(anonymous_7)
FN:99,(anonymous_8)
FN:113,(anonymous_9)
FN:114,(anonymous_10)
FN:125,useSidebar
FNF:12
FNH:0
FNDA:0,SidebarProvider
FNDA:0,(anonymous_1)
FNDA:0,(anonymous_2)
FNDA:0,(anonymous_3)
FNDA:0,(anonymous_4)
FNDA:0,(anonymous_5)
FNDA:0,(anonymous_6)
FNDA:0,(anonymous_7)
FNDA:0,(anonymous_8)
FNDA:0,(anonymous_9)
FNDA:0,(anonymous_10)
FNDA:0,useSidebar
DA:34,0
DA:43,0
DA:51,0
DA:52,0
DA:55,0
DA:56,0
DA:60,0
DA:61,0
DA:62,0
DA:63,0
DA:67,0
DA:70,0
DA:71,0
DA:72,0
DA:73,0
DA:75,0
DA:76,0
DA:80,0
DA:81,0
DA:82,0
DA:86,0
DA:87,0
DA:88,0
DA:93,0
DA:94,0
DA:95,0
DA:99,0
DA:100,0
DA:101,0
DA:103,0
DA:107,0
DA:113,0
DA:114,0
DA:118,0
DA:126,0
DA:127,0
DA:128,0
DA:130,0
LF:38
LH:0
BRDA:50,0,0,0
BRDA:56,1,0,0
BRDA:56,1,1,0
BRDA:61,2,0,0
BRDA:61,2,1,0
BRDA:61,3,0,0
BRDA:61,3,1,0
BRDA:63,4,0,0
BRDA:63,4,1,0
BRDA:75,5,0,0
BRDA:75,5,1,0
BRDA:75,6,0,0
BRDA:75,6,1,0
BRDA:87,7,0,0
BRDA:87,7,1,0
BRDA:87,8,0,0
BRDA:87,8,1,0
BRDA:87,8,2,0
BRDA:94,9,0,0
BRDA:94,9,1,0
BRDA:100,10,0,0
BRDA:100,10,1,0
BRDA:127,11,0,0
BRDA:127,11,1,0
BRF:24
BRH:0
end_of_record
TN:
SF:src/features/content-inbox/ContentInboxFeature.tsx
FN:21,ContentInboxFeature
FN:26,(anonymous_1)
FN:40,(anonymous_2)
FN:49,(anonymous_3)
FN:50,(anonymous_4)
FN:56,(anonymous_5)
FN:115,(anonymous_6)
FN:146,(anonymous_7)
FNF:8
FNH:0
FNDA:0,ContentInboxFeature
FNDA:0,(anonymous_1)
FNDA:0,(anonymous_2)
FNDA:0,(anonymous_3)
FNDA:0,(anonymous_4)
FNDA:0,(anonymous_5)
FNDA:0,(anonymous_6)
FNDA:0,(anonymous_7)
DA:22,0
DA:26,0
DA:27,0
DA:28,0
DA:30,0
DA:31,0
DA:33,0
DA:35,0
DA:36,0
DA:37,0
DA:39,0
DA:40,0
DA:49,0
DA:50,0
DA:52,0
DA:53,0
DA:55,0
DA:56,0
DA:57,0
DA:58,0
DA:59,0
DA:60,0
DA:61,0
DA:62,0
DA:63,0
DA:65,0
DA:66,0
DA:69,0
DA:70,0
DA:71,0
DA:72,0
DA:73,0
DA:74,0
DA:75,0
DA:78,0
DA:115,0
DA:146,0
LF:37
LH:0
BRDA:33,0,0,0
BRDA:33,0,1,0
BRDA:33,0,2,0
BRDA:41,1,0,0
BRDA:41,1,1,0
BRDA:43,2,0,0
BRDA:43,2,1,0
BRDA:57,3,0,0
BRDA:57,3,1,0
BRDA:59,4,0,0
BRDA:59,4,1,0
BRDA:81,5,0,0
BRDA:81,5,1,0
BRDA:106,6,0,0
BRDA:106,6,1,0
BRDA:119,7,0,0
BRDA:119,7,1,0
BRDA:150,8,0,0
BRDA:150,8,1,0
BRDA:153,9,0,0
BRDA:153,9,1,0
BRDA:167,10,0,0
BRDA:167,10,1,0
BRF:23
BRH:0
end_of_record
TN:
SF:src/features/content-inbox/config.ts
FN:140,(anonymous_0)
FN:142,(anonymous_1)
FN:152,(anonymous_2)
FN:153,(anonymous_3)
FN:158,(anonymous_4)
FN:162,(anonymous_5)
FN:164,(anonymous_6)
FN:171,(anonymous_7)
FN:175,(anonymous_8)
FNF:9
FNH:0
FNDA:0,(anonymous_0)
FNDA:0,(anonymous_1)
FNDA:0,(anonymous_2)
FNDA:0,(anonymous_3)
FNDA:0,(anonymous_4)
FNDA:0,(anonymous_5)
FNDA:0,(anonymous_6)
FNDA:0,(anonymous_7)
FNDA:0,(anonymous_8)
DA:16,0
DA:19,0
DA:140,0
DA:141,0
DA:142,0
DA:143,0
DA:146,0
DA:147,0
DA:152,0
DA:153,0
DA:154,0
DA:158,0
DA:159,0
DA:160,0
DA:162,0
DA:163,0
DA:165,0
DA:168,0
DA:171,0
DA:172,0
DA:175,0
DA:176,0
LF:22
LH:0
BRDA:141,0,0,0
BRDA:141,0,1,0
BRDA:146,1,0,0
BRDA:146,1,1,0
BRDA:147,2,0,0
BRDA:147,2,1,0
BRDA:159,3,0,0
BRDA:159,3,1,0
BRDA:160,4,0,0
BRDA:160,4,1,0
BRDA:162,5,0,0
BRDA:162,5,1,0
BRF:12
BRH:0
end_of_record
TN:
SF:src/features/content-inbox/components/ContentInboxInputPanel.tsx
FN:26,ContentInboxInputPanel
FN:35,(anonymous_1)
FN:57,(anonymous_2)
FN:76,(anonymous_3)
FN:94,(anonymous_4)
FN:101,(anonymous_5)
FN:109,(anonymous_6)
FN:114,(anonymous_7)
FN:139,(anonymous_8)
FN:151,(anonymous_9)
FN:190,(anonymous_10)
FN:230,(anonymous_11)
FN:243,(anonymous_12)
FN:278,(anonymous_13)
FNF:14
FNH:0
FNDA:0,ContentInboxInputPanel
FNDA:0,(anonymous_1)
FNDA:0,(anonymous_2)
FNDA:0,(anonymous_3)
FNDA:0,(anonymous_4)
FNDA:0,(anonymous_5)
FNDA:0,(anonymous_6)
FNDA:0,(anonymous_7)
FNDA:0,(anonymous_8)
FNDA:0,(anonymous_9)
FNDA:0,(anonymous_10)
FNDA:0,(anonymous_11)
FNDA:0,(anonymous_12)
FNDA:0,(anonymous_13)
DA:27,0
DA:28,0
DA:29,0
DA:30,0
DA:31,0
DA:32,0
DA:33,0
DA:35,0
DA:36,0
DA:37,0
DA:39,0
DA:40,0
DA:41,0
DA:42,0
DA:47,0
DA:48,0
DA:51,0
DA:53,0
DA:57,0
DA:58,0
DA:60,0
DA:61,0
DA:62,0
DA:63,0
DA:64,0
DA:70,0
DA:72,0
DA:76,0
DA:77,0
DA:79,0
DA:80,0
DA:81,0
DA:82,0
DA:86,0
DA:88,0
DA:90,0
DA:94,0
DA:95,0
DA:96,0
DA:97,0
DA:98,0
DA:101,0
DA:102,0
DA:103,0
DA:104,0
DA:105,0
DA:109,0
DA:110,0
DA:111,0
DA:114,0
DA:115,0
DA:116,0
DA:117,0
DA:119,0
DA:120,0
DA:121,0
DA:125,0
DA:139,0
DA:151,0
DA:190,0
DA:230,0
DA:243,0
DA:278,0
LF:63
LH:0
BRDA:36,0,0,0
BRDA:36,0,1,0
BRDA:37,1,0,0
BRDA:37,1,1,0
BRDA:47,2,0,0
BRDA:47,2,1,0
BRDA:51,3,0,0
BRDA:51,3,1,0
BRDA:58,4,0,0
BRDA:58,4,1,0
BRDA:58,5,0,0
BRDA:58,5,1,0
BRDA:70,6,0,0
BRDA:70,6,1,0
BRDA:77,7,0,0
BRDA:77,7,1,0
BRDA:88,8,0,0
BRDA:88,8,1,0
BRDA:104,9,0,0
BRDA:104,9,1,0
BRDA:120,10,0,0
BRDA:120,10,1,0
BRDA:135,11,0,0
BRDA:135,11,1,0
BRDA:149,12,0,0
BRDA:149,12,1,0
BRDA:159,13,0,0
BRDA:159,13,1,0
BRDA:178,14,0,0
BRDA:178,14,1,0
BRDA:188,15,0,0
BRDA:188,15,1,0
BRDA:198,16,0,0
BRDA:198,16,1,0
BRDA:228,17,0,0
BRDA:228,17,1,0
BRDA:238,18,0,0
BRDA:238,18,1,0
BRDA:259,19,0,0
BRDA:259,19,1,0
BRDA:262,20,0,0
BRDA:262,20,1,0
BRDA:273,21,0,0
BRDA:273,21,1,0
BRDA:274,22,0,0
BRDA:274,22,1,0
BRDA:287,23,0,0
BRDA:287,23,1,0
BRDA:287,23,2,0
BRDA:293,24,0,0
BRDA:293,24,1,0
BRDA:296,25,0,0
BRDA:296,25,1,0
BRDA:305,26,0,0
BRDA:305,26,1,0
BRF:55
BRH:0
end_of_record
TN:
SF:src/features/content-inbox/components/ContentInboxQueuePanel.tsx
FN:41,ContentInboxQueuePanelComponent
FN:46,(anonymous_1)
FN:60,(anonymous_2)
FN:61,(anonymous_3)
FN:74,(anonymous_4)
FN:96,(anonymous_5)
FN:97,(anonymous_6)
FN:109,(anonymous_7)
FN:114,(anonymous_8)
FN:124,(anonymous_9)
FN:132,(anonymous_10)
FN:145,(anonymous_11)
FN:156,(anonymous_12)
FN:174,(anonymous_13)
FN:185,(anonymous_14)
FN:196,(anonymous_15)
FN:207,(anonymous_16)
FN:275,(anonymous_17)
FN:290,(anonymous_18)
FN:292,(anonymous_19)
FN:298,(anonymous_20)
FN:310,(anonymous_21)
FN:315,(anonymous_22)
FN:317,(anonymous_23)
FN:319,(anonymous_24)
FN:330,(anonymous_25)
FN:332,(anonymous_26)
FN:339,(anonymous_27)
FN:358,(anonymous_28)
FN:364,(anonymous_29)
FN:365,(anonymous_30)
FN:368,(anonymous_31)
FN:369,(anonymous_32)
FN:385,(anonymous_33)
FN:398,(anonymous_34)
FN:406,(anonymous_35)
FN:420,(anonymous_36)
FN:436,(anonymous_37)
FN:439,(anonymous_38)
FN:441,(anonymous_39)
FN:454,(anonymous_40)
FN:461,(anonymous_41)
FN:464,(anonymous_42)
FN:492,(anonymous_43)
FN:503,(anonymous_44)
FN:515,(anonymous_45)
FN:525,(anonymous_46)
FN:577,(anonymous_47)
FN:586,(anonymous_48)
FN:596,(anonymous_49)
FN:633,(anonymous_50)
FN:644,(anonymous_51)
FN:682,(anonymous_52)
FN:690,(anonymous_53)
FN:704,(anonymous_54)
FN:715,(anonymous_55)
FN:726,(anonymous_56)
FN:746,(anonymous_57)
FN:749,(anonymous_58)
FN:761,(anonymous_59)
FN:763,(anonymous_60)
FN:764,(anonymous_61)
FN:779,(anonymous_62)
FN:790,(anonymous_63)
FN:793,(anonymous_64)
FN:794,(anonymous_65)
FN:818,(anonymous_66)
FN:838,(anonymous_67)
FN:851,(anonymous_68)
FN:867,(anonymous_69)
FN:870,(anonymous_70)
FN:872,(anonymous_71)
FN:885,(anonymous_72)
FN:889,(anonymous_73)
FN:902,(anonymous_74)
FN:905,(anonymous_75)
FN:909,(anonymous_76)
FN:939,(anonymous_77)
FN:948,(anonymous_78)
FN:954,(anonymous_79)
FN:956,(anonymous_80)
FN:975,(anonymous_81)
FN:1019,(anonymous_82)
FN:1029,(anonymous_83)
FN:1039,(anonymous_84)
FN:1058,(anonymous_85)
FN:1070,(anonymous_86)
FN:1094,(anonymous_87)
FN:1107,(anonymous_88)
FN:1139,(anonymous_89)
FN:1142,(anonymous_90)
FN:1162,(anonymous_91)
FN:1191,(anonymous_92)
FN:1212,(anonymous_93)
FN:1216,(anonymous_94)
FN:1228,(anonymous_95)
FN:1244,(anonymous_96)
FN:1271,(anonymous_97)
FN:1299,(anonymous_98)
FNF:99
FNH:0
FNDA:0,ContentInboxQueuePanelComponent
FNDA:0,(anonymous_1)
FNDA:0,(anonymous_2)
FNDA:0,(anonymous_3)
FNDA:0,(anonymous_4)
FNDA:0,(anonymous_5)
FNDA:0,(anonymous_6)
FNDA:0,(anonymous_7)
FNDA:0,(anonymous_8)
FNDA:0,(anonymous_9)
FNDA:0,(anonymous_10)
FNDA:0,(anonymous_11)
FNDA:0,(anonymous_12)
FNDA:0,(anonymous_13)
FNDA:0,(anonymous_14)
FNDA:0,(anonymous_15)
FNDA:0,(anonymous_16)
FNDA:0,(anonymous_17)
FNDA:0,(anonymous_18)
FNDA:0,(anonymous_19)
FNDA:0,(anonymous_20)
FNDA:0,(anonymous_21)
FNDA:0,(anonymous_22)
FNDA:0,(anonymous_23)
FNDA:0,(anonymous_24)
FNDA:0,(anonymous_25)
FNDA:0,(anonymous_26)
FNDA:0,(anonymous_27)
FNDA:0,(anonymous_28)
FNDA:0,(anonymous_29)
FNDA:0,(anonymous_30)
FNDA:0,(anonymous_31)
FNDA:0,(anonymous_32)
FNDA:0,(anonymous_33)
FNDA:0,(anonymous_34)
FNDA:0,(anonymous_35)
FNDA:0,(anonymous_36)
FNDA:0,(anonymous_37)
FNDA:0,(anonymous_38)
FNDA:0,(anonymous_39)
FNDA:0,(anonymous_40)
FNDA:0,(anonymous_41)
FNDA:0,(anonymous_42)
FNDA:0,(anonymous_43)
FNDA:0,(anonymous_44)
FNDA:0,(anonymous_45)
FNDA:0,(anonymous_46)
FNDA:0,(anonymous_47)
FNDA:0,(anonymous_48)
FNDA:0,(anonymous_49)
FNDA:0,(anonymous_50)
FNDA:0,(anonymous_51)
FNDA:0,(anonymous_52)
FNDA:0,(anonymous_53)
FNDA:0,(anonymous_54)
FNDA:0,(anonymous_55)
FNDA:0,(anonymous_56)
FNDA:0,(anonymous_57)
FNDA:0,(anonymous_58)
FNDA:0,(anonymous_59)
FNDA:0,(anonymous_60)
FNDA:0,(anonymous_61)
FNDA:0,(anonymous_62)
FNDA:0,(anonymous_63)
FNDA:0,(anonymous_64)
FNDA:0,(anonymous_65)
FNDA:0,(anonymous_66)
FNDA:0,(anonymous_67)
FNDA:0,(anonymous_68)
FNDA:0,(anonymous_69)
FNDA:0,(anonymous_70)
FNDA:0,(anonymous_71)
FNDA:0,(anonymous_72)
FNDA:0,(anonymous_73)
FNDA:0,(anonymous_74)
FNDA:0,(anonymous_75)
FNDA:0,(anonymous_76)
FNDA:0,(anonymous_77)
FNDA:0,(anonymous_78)
FNDA:0,(anonymous_79)
FNDA:0,(anonymous_80)
FNDA:0,(anonymous_81)
FNDA:0,(anonymous_82)
FNDA:0,(anonymous_83)
FNDA:0,(anonymous_84)
FNDA:0,(anonymous_85)
FNDA:0,(anonymous_86)
FNDA:0,(anonymous_87)
FNDA:0,(anonymous_88)
FNDA:0,(anonymous_89)
FNDA:0,(anonymous_90)
FNDA:0,(anonymous_91)
FNDA:0,(anonymous_92)
FNDA:0,(anonymous_93)
FNDA:0,(anonymous_94)
FNDA:0,(anonymous_95)
FNDA:0,(anonymous_96)
FNDA:0,(anonymous_97)
FNDA:0,(anonymous_98)
DA:42,0
DA:43,0
DA:44,0
DA:45,0
DA:46,0
DA:48,0
DA:49,0
DA:51,0
DA:52,0
DA:53,0
DA:54,0
DA:55,0
DA:56,0
DA:57,0
DA:60,0
DA:61,0
DA:62,0
DA:63,0
DA:64,0
DA:65,0
DA:67,0
DA:68,0
DA:72,0
DA:73,0
DA:74,0
DA:78,0
DA:81,0
DA:87,0
DA:89,0
DA:90,0
DA:91,0
DA:92,0
DA:93,0
DA:96,0
DA:97,0
DA:99,0
DA:100,0
DA:103,0
DA:104,0
DA:108,0
DA:109,0
DA:110,0
DA:114,0
DA:115,0
DA:124,0
DA:125,0
DA:126,0
DA:127,0
DA:128,0
DA:129,0
DA:132,0
DA:133,0
DA:135,0
DA:136,0
DA:137,0
DA:138,0
DA:141,0
DA:142,0
DA:145,0
DA:146,0
DA:147,0
DA:148,0
DA:149,0
DA:151,0
DA:156,0
DA:157,0
DA:158,0
DA:159,0
DA:160,0
DA:161,0
DA:162,0
DA:163,0
DA:164,0
DA:165,0
DA:166,0
DA:167,0
DA:168,0
DA:169,0
DA:174,0
DA:175,0
DA:176,0
DA:177,0
DA:178,0
DA:179,0
DA:180,0
DA:181,0
DA:185,0
DA:186,0
DA:187,0
DA:188,0
DA:189,0
DA:190,0
DA:191,0
DA:192,0
DA:196,0
DA:197,0
DA:198,0
DA:199,0
DA:200,0
DA:201,0
DA:202,0
DA:203,0
DA:207,0
DA:208,0
DA:210,0
DA:257,0
DA:258,0
DA:261,0
DA:262,0
DA:263,0
DA:264,0
DA:269,0
DA:275,0
DA:276,0
DA:277,0
DA:278,0
DA:280,0
DA:281,0
DA:282,0
DA:283,0
DA:285,0
DA:290,0
DA:292,0
DA:294,0
DA:295,0
DA:296,0
DA:297,0
DA:298,0
DA:299,0
DA:300,0
DA:301,0
DA:302,0
DA:305,0
DA:307,0
DA:310,0
DA:312,0
DA:313,0
DA:315,0
DA:317,0
DA:319,0
DA:320,0
DA:322,0
DA:326,0
DA:327,0
DA:330,0
DA:331,0
DA:332,0
DA:334,0
DA:339,0
DA:341,0
DA:342,0
DA:345,0
DA:346,0
DA:347,0
DA:349,0
DA:350,0
DA:351,0
DA:352,0
DA:354,0
DA:358,0
DA:359,0
DA:361,0
DA:362,0
DA:363,0
DA:364,0
DA:365,0
DA:368,0
DA:369,0
DA:370,0
DA:372,0
DA:373,0
DA:375,0
DA:377,0
DA:379,0
DA:380,0
DA:385,0
DA:386,0
DA:398,0
DA:399,0
DA:400,0
DA:401,0
DA:406,0
DA:407,0
DA:421,0
DA:422,0
DA:437,0
DA:438,0
DA:439,0
DA:441,0
DA:442,0
DA:443,0
DA:444,0
DA:447,0
DA:454,0
DA:462,0
DA:465,0
DA:466,0
DA:469,0
DA:492,0
DA:503,0
DA:516,0
DA:517,0
DA:526,0
DA:527,0
DA:577,0
DA:587,0
DA:588,0
DA:597,0
DA:598,0
DA:614,0
DA:633,0
DA:645,0
DA:646,0
DA:647,0
DA:682,0
DA:690,0
DA:705,0
DA:706,0
DA:716,0
DA:717,0
DA:727,0
DA:728,0
DA:747,0
DA:749,0
DA:762,0
DA:763,0
DA:764,0
DA:765,0
DA:766,0
DA:780,0
DA:791,0
DA:792,0
DA:793,0
DA:794,0
DA:795,0
DA:796,0
DA:804,0
DA:818,0
DA:839,0
DA:853,0
DA:854,0
DA:868,0
DA:869,0
DA:870,0
DA:872,0
DA:873,0
DA:874,0
DA:875,0
DA:886,0
DA:887,0
DA:890,0
DA:891,0
DA:892,0
DA:893,0
DA:903,0
DA:906,0
DA:907,0
DA:910,0
DA:911,0
DA:912,0
DA:913,0
DA:916,0
DA:939,0
DA:949,0
DA:955,0
DA:956,0
DA:957,0
DA:975,0
DA:1019,0
DA:1030,0
DA:1031,0
DA:1040,0
DA:1041,0
DA:1059,0
DA:1070,0
DA:1094,0
DA:1108,0
DA:1109,0
DA:1110,0
DA:1112,0
DA:1140,0
DA:1143,0
DA:1144,0
DA:1162,0
DA:1191,0
DA:1213,0
DA:1214,0
DA:1215,0
DA:1216,0
DA:1217,0
DA:1219,0
DA:1221,0
DA:1222,0
DA:1223,0
DA:1224,0
DA:1225,0
DA:1226,0
DA:1227,0
DA:1228,0
DA:1229,0
DA:1231,0
DA:1233,0
DA:1245,0
DA:1247,0
DA:1248,0
DA:1249,0
DA:1253,0
DA:1254,0
DA:1255,0
DA:1265,0
DA:1267,0
DA:1270,0
DA:1271,0
DA:1274,0
DA:1276,0
DA:1299,0
DA:1302,0
DA:1310,0
DA:1311,0
DA:1313,0
DA:1316,0
LF:321
LH:0
BRDA:49,0,0,0
BRDA:49,0,1,0
BRDA:62,1,0,0
BRDA:62,1,1,0
BRDA:62,2,0,0
BRDA:62,2,1,0
BRDA:99,3,0,0
BRDA:99,3,1,0
BRDA:99,4,0,0
BRDA:99,4,1,0
BRDA:103,5,0,0
BRDA:103,5,1,0
BRDA:103,6,0,0
BRDA:103,6,1,0
BRDA:125,7,0,0
BRDA:125,7,1,0
BRDA:135,8,0,0
BRDA:135,8,1,0
BRDA:135,9,0,0
BRDA:135,9,1,0
BRDA:136,10,0,0
BRDA:136,10,1,0
BRDA:137,11,0,0
BRDA:137,11,1,0
BRDA:142,12,0,0
BRDA:142,12,1,0
BRDA:146,13,0,0
BRDA:146,13,1,0
BRDA:157,14,0,0
BRDA:157,14,1,0
BRDA:157,14,2,0
BRDA:157,14,3,0
BRDA:157,14,4,0
BRDA:157,14,5,0
BRDA:157,14,6,0
BRDA:157,14,7,0
BRDA:157,14,8,0
BRDA:157,14,9,0
BRDA:157,14,10,0
BRDA:157,14,11,0
BRDA:175,15,0,0
BRDA:175,15,1,0
BRDA:175,15,2,0
BRDA:175,15,3,0
BRDA:175,15,4,0
BRDA:175,15,5,0
BRDA:186,16,0,0
BRDA:186,16,1,0
BRDA:186,16,2,0
BRDA:186,16,3,0
BRDA:186,16,4,0
BRDA:186,16,5,0
BRDA:197,17,0,0
BRDA:197,17,1,0
BRDA:197,17,2,0
BRDA:197,17,3,0
BRDA:197,17,4,0
BRDA:197,17,5,0
BRDA:208,18,0,0
BRDA:208,18,1,0
BRDA:208,19,0,0
BRDA:208,19,1,0
BRDA:261,20,0,0
BRDA:261,20,1,0
BRDA:263,21,0,0
BRDA:263,21,1,0
BRDA:263,22,0,0
BRDA:263,22,1,0
BRDA:269,23,0,0
BRDA:269,23,1,0
BRDA:280,24,0,0
BRDA:280,24,1,0
BRDA:280,25,0,0
BRDA:280,25,1,0
BRDA:294,26,0,0
BRDA:294,26,1,0
BRDA:296,27,0,0
BRDA:296,27,1,0
BRDA:299,28,0,0
BRDA:299,28,1,0
BRDA:302,29,0,0
BRDA:302,29,1,0
BRDA:302,30,0,0
BRDA:302,30,1,0
BRDA:302,30,2,0
BRDA:302,30,3,0
BRDA:302,30,4,0
BRDA:302,30,5,0
BRDA:313,31,0,0
BRDA:313,31,1,0
BRDA:313,31,2,0
BRDA:313,31,3,0
BRDA:320,32,0,0
BRDA:320,32,1,0
BRDA:320,33,0,0
BRDA:320,33,1,0
BRDA:326,34,0,0
BRDA:326,34,1,0
BRDA:327,35,0,0
BRDA:327,35,1,0
BRDA:331,36,0,0
BRDA:331,36,1,0
BRDA:342,37,0,0
BRDA:342,37,1,0
BRDA:345,38,0,0
BRDA:345,38,1,0
BRDA:350,39,0,0
BRDA:350,39,1,0
BRDA:351,40,0,0
BRDA:351,40,1,0
BRDA:352,41,0,0
BRDA:352,41,1,0
BRDA:359,42,0,0
BRDA:359,42,1,0
BRDA:372,43,0,0
BRDA:372,43,1,0
BRDA:372,44,0,0
BRDA:372,44,1,0
BRDA:372,44,2,0
BRDA:399,45,0,0
BRDA:399,45,1,0
BRDA:412,46,0,0
BRDA:412,46,1,0
BRDA:414,47,0,0
BRDA:414,47,1,0
BRDA:416,48,0,0
BRDA:416,48,1,0
BRDA:418,49,0,0
BRDA:418,49,1,0
BRDA:421,50,0,0
BRDA:421,50,1,0
BRDA:421,51,0,0
BRDA:421,51,1,0
BRDA:429,52,0,0
BRDA:429,52,1,0
BRDA:438,53,0,0
BRDA:438,53,1,0
BRDA:451,54,0,0
BRDA:451,54,1,0
BRDA:453,55,0,0
BRDA:453,55,1,0
BRDA:454,56,0,0
BRDA:454,56,1,0
BRDA:457,57,0,0
BRDA:457,57,1,0
BRDA:459,58,0,0
BRDA:459,58,1,0
BRDA:472,59,0,0
BRDA:472,59,1,0
BRDA:488,60,0,0
BRDA:488,60,1,0
BRDA:488,60,2,0
BRDA:491,61,0,0
BRDA:491,61,1,0
BRDA:499,62,0,0
BRDA:499,62,1,0
BRDA:511,63,0,0
BRDA:511,63,1,0
BRDA:538,64,0,0
BRDA:538,64,1,0
BRDA:546,65,0,0
BRDA:546,65,1,0
BRDA:552,66,0,0
BRDA:552,66,1,0
BRDA:562,67,0,0
BRDA:562,67,1,0
BRDA:568,68,0,0
BRDA:568,68,1,0
BRDA:408,69,0,0
BRDA:408,69,1,0
BRDA:622,70,0,0
BRDA:622,70,1,0
BRDA:629,71,0,0
BRDA:629,71,1,0
BRDA:641,72,0,0
BRDA:641,72,1,0
BRDA:642,73,0,0
BRDA:642,73,1,0
BRDA:643,74,0,0
BRDA:643,74,1,0
BRDA:644,75,0,0
BRDA:644,75,1,0
BRDA:645,76,0,0
BRDA:645,76,1,0
BRDA:645,77,0,0
BRDA:645,77,1,0
BRDA:651,78,0,0
BRDA:651,78,1,0
BRDA:652,79,0,0
BRDA:652,79,1,0
BRDA:653,80,0,0
BRDA:653,80,1,0
BRDA:658,81,0,0
BRDA:658,81,1,0
BRDA:662,82,0,0
BRDA:662,82,1,0
BRDA:665,83,0,0
BRDA:665,83,1,0
BRDA:687,84,0,0
BRDA:687,84,1,0
BRDA:703,85,0,0
BRDA:703,85,1,0
BRDA:714,86,0,0
BRDA:714,86,1,0
BRDA:725,87,0,0
BRDA:725,87,1,0
BRDA:739,88,0,0
BRDA:739,88,1,0
BRDA:747,89,0,0
BRDA:747,89,1,0
BRDA:762,90,0,0
BRDA:762,90,1,0
BRDA:765,91,0,0
BRDA:765,91,1,0
BRDA:791,92,0,0
BRDA:791,92,1,0
BRDA:791,93,0,0
BRDA:791,93,1,0
BRDA:795,94,0,0
BRDA:795,94,1,0
BRDA:795,95,0,0
BRDA:795,95,1,0
BRDA:829,96,0,0
BRDA:829,96,1,0
BRDA:835,97,0,0
BRDA:835,97,1,0
BRDA:843,98,0,0
BRDA:843,98,1,0
BRDA:845,99,0,0
BRDA:845,99,1,0
BRDA:847,100,0,0
BRDA:847,100,1,0
BRDA:849,101,0,0
BRDA:849,101,1,0
BRDA:853,102,0,0
BRDA:853,102,1,0
BRDA:853,103,0,0
BRDA:853,103,1,0
BRDA:869,104,0,0
BRDA:869,104,1,0
BRDA:883,105,0,0
BRDA:883,105,1,0
BRDA:893,106,0,0
BRDA:893,106,1,0
BRDA:896,107,0,0
BRDA:896,107,1,0
BRDA:896,108,0,0
BRDA:896,108,1,0
BRDA:897,109,0,0
BRDA:897,109,1,0
BRDA:898,110,0,0
BRDA:898,110,1,0
BRDA:900,111,0,0
BRDA:900,111,1,0
BRDA:935,112,0,0
BRDA:935,112,1,0
BRDA:938,113,0,0
BRDA:938,113,1,0
BRDA:951,114,0,0
BRDA:951,114,1,0
BRDA:968,115,0,0
BRDA:968,115,1,0
BRDA:986,116,0,0
BRDA:986,116,1,0
BRDA:996,117,0,0
BRDA:996,117,1,0
BRDA:1010,118,0,0
BRDA:1010,118,1,0
BRDA:840,119,0,0
BRDA:840,119,1,0
BRDA:1065,120,0,0
BRDA:1065,120,1,0
BRDA:1080,121,0,0
BRDA:1080,121,1,0
BRDA:1084,122,0,0
BRDA:1084,122,1,0
BRDA:1109,123,0,0
BRDA:1109,123,1,0
BRDA:1109,124,0,0
BRDA:1109,124,1,0
BRDA:1115,125,0,0
BRDA:1115,125,1,0
BRDA:1118,126,0,0
BRDA:1118,126,1,0
BRDA:1132,127,0,0
BRDA:1132,127,1,0
BRDA:1135,128,0,0
BRDA:1135,128,1,0
BRDA:1137,129,0,0
BRDA:1137,129,1,0
BRDA:1175,130,0,0
BRDA:1175,130,1,0
BRDA:1178,131,0,0
BRDA:1178,131,1,0
BRDA:1211,132,0,0
BRDA:1211,132,1,0
BRDA:1214,133,0,0
BRDA:1214,133,1,0
BRDA:1222,134,0,0
BRDA:1222,134,1,0
BRDA:1236,135,0,0
BRDA:1236,135,1,0
BRDA:1238,136,0,0
BRDA:1238,136,1,0
BRDA:1243,137,0,0
BRDA:1243,137,1,0
BRDA:1247,138,0,0
BRDA:1247,138,1,0
BRDA:1247,139,0,0
BRDA:1247,139,1,0
BRDA:1259,140,0,0
BRDA:1259,140,1,0
BRDA:1260,141,0,0
BRDA:1260,141,1,0
BRDA:1262,142,0,0
BRDA:1262,142,1,0
BRDA:1279,143,0,0
BRDA:1279,143,1,0
BRDA:1281,144,0,0
BRDA:1281,144,1,0
BRDA:1302,145,0,0
BRDA:1302,145,1,0
BRDA:1302,145,2,0
BRDA:1302,145,3,0
BRDA:1302,145,4,0
BRDA:1302,145,5,0
BRDA:1310,146,0,0
BRDA:1310,146,1,0
BRF:328
BRH:0
end_of_record
TN:
SF:src/features/content-inbox/components/ContentInboxTagEditor.tsx
FN:20,ContentInboxTagEditor
FN:24,(anonymous_1)
FN:35,(anonymous_2)
FN:38,(anonymous_3)
FN:39,(anonymous_4)
FN:46,(anonymous_5)
FN:47,(anonymous_6)
FN:50,(anonymous_7)
FN:60,(anonymous_8)
FN:82,(anonymous_9)
FN:86,(anonymous_10)
FN:102,(anonymous_11)
FN:110,(anonymous_12)
FN:116,(anonymous_13)
FNF:14
FNH:0
FNDA:0,ContentInboxTagEditor
FNDA:0,(anonymous_1)
FNDA:0,(anonymous_2)
FNDA:0,(anonymous_3)
FNDA:0,(anonymous_4)
FNDA:0,(anonymous_5)
FNDA:0,(anonymous_6)
FNDA:0,(anonymous_7)
FNDA:0,(anonymous_8)
FNDA:0,(anonymous_9)
FNDA:0,(anonymous_10)
FNDA:0,(anonymous_11)
FNDA:0,(anonymous_12)
FNDA:0,(anonymous_13)
DA:21,0
DA:22,0
DA:24,0
DA:25,0
DA:26,0
DA:27,0
DA:29,0
DA:30,0
DA:31,0
DA:35,0
DA:36,0
DA:38,0
DA:39,0
DA:41,0
DA:42,0
DA:46,0
DA:47,0
DA:50,0
DA:51,0
DA:52,0
DA:53,0
DA:54,0
DA:55,0
DA:56,0
DA:60,0
DA:61,0
DA:64,0
DA:66,0
DA:67,0
DA:68,0
DA:69,0
DA:70,0
DA:72,0
DA:73,0
DA:76,0
DA:80,0
DA:83,0
DA:87,0
DA:88,0
DA:89,0
DA:102,0
DA:111,0
DA:112,0
DA:113,0
DA:114,0
DA:117,0
DA:118,0
LF:47
LH:0
BRDA:24,0,0,0
BRDA:26,1,0,0
BRDA:26,1,1,0
BRDA:26,2,0,0
BRDA:26,2,1,0
BRDA:30,3,0,0
BRDA:30,3,1,0
BRDA:39,4,0,0
BRDA:39,4,1,0
BRDA:41,5,0,0
BRDA:41,5,1,0
BRDA:51,6,0,0
BRDA:51,6,1,0
BRDA:51,7,0,0
BRDA:51,7,1,0
BRDA:54,8,0,0
BRDA:54,8,1,0
BRDA:64,9,0,0
BRDA:64,9,1,0
BRDA:67,10,0,0
BRDA:67,10,1,0
BRDA:70,11,0,0
BRDA:70,11,1,0
BRDA:97,12,0,0
BRDA:97,12,1,0
BRF:25
BRH:0
end_of_record
TN:
SF:src/features/content-inbox/hooks/useContentQueue.ts
FN:22,(anonymous_0)
FN:25,(anonymous_1)
FN:38,(anonymous_2)
FN:48,(anonymous_3)
FN:65,useContentQueue
FN:84,(anonymous_5)
FN:107,(anonymous_6)
FN:111,(anonymous_7)
FN:146,(anonymous_8)
FN:254,(anonymous_9)
FN:256,(anonymous_10)
FN:265,(anonymous_11)
FN:265,(anonymous_12)
FN:272,(anonymous_13)
FN:277,(anonymous_14)
FN:293,(anonymous_15)
FN:299,(anonymous_16)
FN:302,(anonymous_17)
FN:306,(anonymous_18)
FN:307,(anonymous_19)
FN:317,(anonymous_20)
FN:318,(anonymous_21)
FN:337,(anonymous_22)
FN:341,(anonymous_23)
FN:349,(anonymous_24)
FN:349,(anonymous_25)
FN:363,(anonymous_26)
FN:374,(anonymous_27)
FN:378,(anonymous_28)
FN:383,(anonymous_29)
FN:390,(anonymous_30)
FN:395,(anonymous_31)
FN:402,(anonymous_32)
FN:406,(anonymous_33)
FN:406,(anonymous_34)
FN:424,(anonymous_35)
FN:425,(anonymous_36)
FN:426,(anonymous_37)
FN:439,(anonymous_38)
FN:452,(anonymous_39)
FN:457,(anonymous_40)
FNF:41
FNH:0
FNDA:0,(anonymous_0)
FNDA:0,(anonymous_1)
FNDA:0,(anonymous_2)
FNDA:0,(anonymous_3)
FNDA:0,useContentQueue
FNDA:0,(anonymous_5)
FNDA:0,(anonymous_6)
FNDA:0,(anonymous_7)
FNDA:0,(anonymous_8)
FNDA:0,(anonymous_9)
FNDA:0,(anonymous_10)
FNDA:0,(anonymous_11)
FNDA:0,(anonymous_12)
FNDA:0,(anonymous_13)
FNDA:0,(anonymous_14)
FNDA:0,(anonymous_15)
FNDA:0,(anonymous_16)
FNDA:0,(anonymous_17)
FNDA:0,(anonymous_18)
FNDA:0,(anonymous_19)
FNDA:0,(anonymous_20)
FNDA:0,(anonymous_21)
FNDA:0,(anonymous_22)
FNDA:0,(anonymous_23)
FNDA:0,(anonymous_24)
FNDA:0,(anonymous_25)
FNDA:0,(anonymous_26)
FNDA:0,(anonymous_27)
FNDA:0,(anonymous_28)
FNDA:0,(anonymous_29)
FNDA:0,(anonymous_30)
FNDA:0,(anonymous_31)
FNDA:0,(anonymous_32)
FNDA:0,(anonymous_33)
FNDA:0,(anonymous_34)
FNDA:0,(anonymous_35)
FNDA:0,(anonymous_36)
FNDA:0,(anonymous_37)
FNDA:0,(anonymous_38)
FNDA:0,(anonymous_39)
FNDA:0,(anonymous_40)
DA:19,0
DA:22,0
DA:25,0
DA:26,0
DA:38,0
DA:39,0
DA:40,0
DA:41,0
DA:44,0
DA:47,0
DA:48,0
DA:49,0
DA:50,0
DA:54,0
DA:66,0
DA:67,0
DA:68,0
DA:69,0
DA:70,0
DA:76,0
DA:84,0
DA:85,0
DA:86,0
DA:87,0
DA:89,0
DA:92,0
DA:94,0
DA:95,0
DA:97,0
DA:98,0
DA:99,0
DA:102,0
DA:107,0
DA:108,0
DA:111,0
DA:112,0
DA:113,0
DA:116,0
DA:118,0
DA:119,0
DA:146,0
DA:148,0
DA:151,0
DA:152,0
DA:156,0
DA:157,0
DA:160,0
DA:161,0
DA:162,0
DA:163,0
DA:164,0
DA:165,0
DA:172,0
DA:174,0
DA:177,0
DA:178,0
DA:179,0
DA:182,0
DA:185,0
DA:187,0
DA:188,0
DA:190,0
DA:191,0
DA:193,0
DA:194,0
DA:198,0
DA:200,0
DA:204,0
DA:205,0
DA:206,0
DA:210,0
DA:211,0
DA:212,0
DA:213,0
DA:216,0
DA:220,0
DA:232,0
DA:254,0
DA:256,0
DA:257,0
DA:261,0
DA:265,0
DA:268,0
DA:270,0
DA:273,0
DA:275,0
DA:278,0
DA:281,0
DA:284,0
DA:285,0
DA:286,0
DA:288,0
DA:293,0
DA:296,0
DA:299,0
DA:300,0
DA:302,0
DA:303,0
DA:306,0
DA:307,0
DA:308,0
DA:313,0
DA:317,0
DA:318,0
DA:319,0
DA:326,0
DA:331,0
DA:332,0
DA:333,0
DA:337,0
DA:341,0
DA:342,0
DA:344,0
DA:349,0
DA:351,0
DA:352,0
DA:356,0
DA:359,0
DA:363,0
DA:365,0
DA:368,0
DA:369,0
DA:370,0
DA:374,0
DA:375,0
DA:378,0
DA:379,0
DA:383,0
DA:387,0
DA:391,0
DA:393,0
DA:396,0
DA:402,0
DA:406,0
DA:409,0
DA:410,0
DA:412,0
DA:418,0
DA:419,0
DA:420,0
DA:424,0
DA:425,0
DA:426,0
DA:427,0
DA:428,0
DA:431,0
DA:432,0
DA:439,0
DA:440,0
DA:441,0
DA:445,0
DA:447,0
DA:452,0
DA:453,0
DA:457,0
DA:458,0
DA:459,0
DA:460,0
DA:466,0
DA:467,0
DA:468,0
DA:470,0
DA:474,0
LF:163
LH:0
BRDA:19,0,0,0
BRDA:19,0,1,0
BRDA:38,1,0,0
BRDA:41,2,0,0
BRDA:41,2,1,0
BRDA:44,3,0,0
BRDA:44,3,1,0
BRDA:47,4,0,0
BRDA:47,4,1,0
BRDA:47,5,0,0
BRDA:47,5,1,0
BRDA:49,6,0,0
BRDA:49,6,1,0
BRDA:94,7,0,0
BRDA:94,7,1,0
BRDA:97,8,0,0
BRDA:97,8,1,0
BRDA:98,9,0,0
BRDA:98,9,1,0
BRDA:98,10,0,0
BRDA:98,10,1,0
BRDA:121,11,0,0
BRDA:121,11,1,0
BRDA:121,12,0,0
BRDA:121,12,1,0
BRDA:122,13,0,0
BRDA:122,13,1,0
BRDA:123,14,0,0
BRDA:123,14,1,0
BRDA:124,15,0,0
BRDA:124,15,1,0
BRDA:126,16,0,0
BRDA:126,16,1,0
BRDA:127,17,0,0
BRDA:127,17,1,0
BRDA:127,18,0,0
BRDA:127,18,1,0
BRDA:129,19,0,0
BRDA:129,19,1,0
BRDA:130,20,0,0
BRDA:130,20,1,0
BRDA:135,21,0,0
BRDA:135,21,1,0
BRDA:135,22,0,0
BRDA:135,22,1,0
BRDA:156,23,0,0
BRDA:156,23,1,0
BRDA:161,24,0,0
BRDA:161,24,1,0
BRDA:162,25,0,0
BRDA:162,25,1,0
BRDA:163,26,0,0
BRDA:163,26,1,0
BRDA:164,27,0,0
BRDA:164,27,1,0
BRDA:172,28,0,0
BRDA:172,28,1,0
BRDA:174,29,0,0
BRDA:174,29,1,0
BRDA:177,30,0,0
BRDA:177,30,1,0
BRDA:178,31,0,0
BRDA:178,31,1,0
BRDA:182,32,0,0
BRDA:182,32,1,0
BRDA:185,33,0,0
BRDA:185,33,1,0
BRDA:188,34,0,0
BRDA:188,34,1,0
BRDA:193,35,0,0
BRDA:193,35,1,0
BRDA:205,36,0,0
BRDA:205,36,1,0
BRDA:205,37,0,0
BRDA:205,37,1,0
BRDA:210,38,0,0
BRDA:210,38,1,0
BRDA:211,39,0,0
BRDA:211,39,1,0
BRDA:221,40,0,0
BRDA:221,40,1,0
BRDA:222,41,0,0
BRDA:222,41,1,0
BRDA:223,42,0,0
BRDA:223,42,1,0
BRDA:225,43,0,0
BRDA:225,43,1,0
BRDA:257,44,0,0
BRDA:257,44,1,0
BRDA:268,45,0,0
BRDA:268,45,1,0
BRDA:268,46,0,0
BRDA:268,46,1,0
BRDA:284,47,0,0
BRDA:284,47,1,0
BRDA:303,48,0,0
BRDA:303,48,1,0
BRDA:308,49,0,0
BRDA:308,49,1,0
BRDA:319,50,0,0
BRDA:319,50,1,0
BRDA:331,51,0,0
BRDA:331,51,1,0
BRDA:342,52,0,0
BRDA:342,52,1,0
BRDA:356,53,0,0
BRDA:356,53,1,0
BRDA:356,54,0,0
BRDA:356,54,1,0
BRDA:356,54,2,0
BRDA:368,55,0,0
BRDA:368,55,1,0
BRDA:419,56,0,0
BRDA:419,56,1,0
BRDA:427,57,0,0
BRDA:427,57,1,0
BRDA:431,58,0,0
BRDA:431,58,1,0
BRDA:440,59,0,0
BRDA:440,59,1,0
BRDA:466,60,0,0
BRDA:466,60,1,0
BRDA:467,61,0,0
BRDA:467,61,1,0
BRDA:467,62,0,0
BRDA:467,62,1,0
BRF:126
BRH:0
end_of_record
TN:
SF:src/features/content-inbox/hooks/useModalFormReducer.ts
FN:59,modalFormReducer
FN:135,useModalFormReducer
FN:138,(anonymous_2)
FN:142,(anonymous_3)
FN:146,(anonymous_4)
FN:153,(anonymous_5)
FN:157,(anonymous_6)
FN:161,(anonymous_7)
FN:165,(anonymous_8)
FN:169,(anonymous_9)
FNF:10
FNH:0
FNDA:0,modalFormReducer
FNDA:0,useModalFormReducer
FNDA:0,(anonymous_2)
FNDA:0,(anonymous_3)
FNDA:0,(anonymous_4)
FNDA:0,(anonymous_5)
FNDA:0,(anonymous_6)
FNDA:0,(anonymous_7)
FNDA:0,(anonymous_8)
FNDA:0,(anonymous_9)
DA:44,0
DA:60,0
DA:62,0
DA:79,0
DA:82,0
DA:92,0
DA:98,0
DA:104,0
DA:113,0
DA:114,0
DA:128,0
DA:131,0
DA:136,0
DA:138,0
DA:139,0
DA:142,0
DA:143,0
DA:146,0
DA:150,0
DA:153,0
DA:154,0
DA:157,0
DA:158,0
DA:161,0
DA:162,0
DA:165,0
DA:166,0
DA:169,0
DA:170,0
DA:173,0
LF:30
LH:0
BRDA:60,0,0,0
BRDA:60,0,1,0
BRDA:60,0,2,0
BRDA:60,0,3,0
BRDA:60,0,4,0
BRDA:60,0,5,0
BRDA:60,0,6,0
BRDA:60,0,7,0
BRDA:60,0,8,0
BRDA:67,1,0,0
BRDA:67,1,1,0
BRDA:68,2,0,0
BRDA:68,2,1,0
BRDA:70,3,0,0
BRDA:70,3,1,0
BRDA:71,4,0,0
BRDA:71,4,1,0
BRDA:113,5,0,0
BRDA:113,5,1,0
BRF:19
BRH:0
end_of_record
TN:
SF:src/features/search/SearchFeature.tsx
FN:41,SearchFeature
FN:52,(anonymous_1)
FN:77,(anonymous_2)
FN:101,(anonymous_3)
FN:120,(anonymous_4)
FN:130,(anonymous_5)
FN:135,(anonymous_6)
FN:144,(anonymous_7)
FN:188,(anonymous_8)
FN:189,(anonymous_9)
FN:192,(anonymous_10)
FN:236,(anonymous_11)
FN:248,(anonymous_12)
FN:266,(anonymous_13)
FN:269,(anonymous_14)
FN:271,(anonymous_15)
FN:273,(anonymous_16)
FN:280,(anonymous_17)
FN:284,(anonymous_18)
FN:292,(anonymous_19)
FN:304,(anonymous_20)
FN:319,(anonymous_21)
FN:343,(anonymous_22)
FN:350,(anonymous_23)
FN:363,(anonymous_24)
FN:366,(anonymous_25)
FN:366,(anonymous_26)
FN:367,(anonymous_27)
FN:388,(anonymous_28)
FN:391,(anonymous_29)
FN:391,(anonymous_30)
FN:392,(anonymous_31)
FN:407,(anonymous_32)
FN:432,(anonymous_33)
FN:498,(anonymous_34)
FNF:35
FNH:0
FNDA:0,SearchFeature
FNDA:0,(anonymous_1)
FNDA:0,(anonymous_2)
FNDA:0,(anonymous_3)
FNDA:0,(anonymous_4)
FNDA:0,(anonymous_5)
FNDA:0,(anonymous_6)
FNDA:0,(anonymous_7)
FNDA:0,(anonymous_8)
FNDA:0,(anonymous_9)
FNDA:0,(anonymous_10)
FNDA:0,(anonymous_11)
FNDA:0,(anonymous_12)
FNDA:0,(anonymous_13)
FNDA:0,(anonymous_14)
FNDA:0,(anonymous_15)
FNDA:0,(anonymous_16)
FNDA:0,(anonymous_17)
FNDA:0,(anonymous_18)
FNDA:0,(anonymous_19)
FNDA:0,(anonymous_20)
FNDA:0,(anonymous_21)
FNDA:0,(anonymous_22)
FNDA:0,(anonymous_23)
FNDA:0,(anonymous_24)
FNDA:0,(anonymous_25)
FNDA:0,(anonymous_26)
FNDA:0,(anonymous_27)
FNDA:0,(anonymous_28)
FNDA:0,(anonymous_29)
FNDA:0,(anonymous_30)
FNDA:0,(anonymous_31)
FNDA:0,(anonymous_32)
FNDA:0,(anonymous_33)
FNDA:0,(anonymous_34)
DA:42,0
DA:43,0
DA:44,0
DA:45,0
DA:46,0
DA:47,0
DA:49,0
DA:52,0
DA:53,0
DA:54,0
DA:55,0
DA:56,0
DA:58,0
DA:59,0
DA:60,0
DA:61,0
DA:62,0
DA:63,0
DA:64,0
DA:67,0
DA:69,0
DA:74,0
DA:77,0
DA:78,0
DA:80,0
DA:81,0
DA:82,0
DA:85,0
DA:86,0
DA:88,0
DA:93,0
DA:95,0
DA:96,0
DA:99,0
DA:100,0
DA:101,0
DA:102,0
DA:106,0
DA:107,0
DA:108,0
DA:109,0
DA:110,0
DA:112,0
DA:114,0
DA:115,0
DA:117,0
DA:120,0
DA:121,0
DA:124,0
DA:125,0
DA:129,0
DA:130,0
DA:134,0
DA:135,0
DA:138,0
DA:141,0
DA:144,0
DA:150,0
DA:151,0
DA:152,0
DA:153,0
DA:154,0
DA:155,0
DA:159,0
DA:160,0
DA:163,0
DA:164,0
DA:187,0
DA:188,0
DA:189,0
DA:190,0
DA:192,0
DA:194,0
DA:195,0
DA:197,0
DA:198,0
DA:221,0
DA:222,0
DA:223,0
DA:226,0
DA:227,0
DA:229,0
DA:231,0
DA:236,0
DA:237,0
DA:239,0
DA:240,0
DA:243,0
DA:244,0
DA:248,0
DA:249,0
DA:253,0
DA:254,0
DA:258,0
DA:259,0
DA:262,0
DA:266,0
DA:267,0
DA:269,0
DA:271,0
DA:273,0
DA:275,0
DA:280,0
DA:281,0
DA:284,0
DA:285,0
DA:286,0
DA:287,0
DA:288,0
DA:289,0
DA:292,0
DA:293,0
DA:294,0
DA:295,0
DA:297,0
DA:298,0
DA:299,0
DA:300,0
DA:301,0
DA:304,0
DA:305,0
DA:316,0
DA:319,0
DA:320,0
DA:321,0
DA:327,0
DA:330,0
DA:343,0
DA:350,0
DA:364,0
DA:366,0
DA:367,0
DA:389,0
DA:391,0
DA:392,0
DA:407,0
DA:433,0
DA:499,0
LF:138
LH:0
BRDA:53,0,0,0
BRDA:53,0,1,0
BRDA:58,1,0,0
BRDA:58,1,1,0
BRDA:58,2,0,0
BRDA:58,2,1,0
BRDA:59,3,0,0
BRDA:59,3,1,0
BRDA:60,4,0,0
BRDA:60,4,1,0
BRDA:61,5,0,0
BRDA:61,5,1,0
BRDA:61,6,0,0
BRDA:61,6,1,0
BRDA:62,7,0,0
BRDA:62,7,1,0
BRDA:63,8,0,0
BRDA:63,8,1,0
BRDA:64,9,0,0
BRDA:64,9,1,0
BRDA:80,10,0,0
BRDA:80,10,1,0
BRDA:80,11,0,0
BRDA:80,11,1,0
BRDA:80,11,2,0
BRDA:99,12,0,0
BRDA:99,12,1,0
BRDA:99,13,0,0
BRDA:99,13,1,0
BRDA:106,14,0,0
BRDA:106,14,1,0
BRDA:106,14,2,0
BRDA:107,15,0,0
BRDA:107,15,1,0
BRDA:107,15,2,0
BRDA:108,16,0,0
BRDA:108,16,1,0
BRDA:108,16,2,0
BRDA:109,17,0,0
BRDA:109,17,1,0
BRDA:110,18,0,0
BRDA:110,18,1,0
BRDA:110,18,2,0
BRDA:112,19,0,0
BRDA:112,19,1,0
BRDA:112,19,2,0
BRDA:114,20,0,0
BRDA:114,20,1,0
BRDA:115,21,0,0
BRDA:115,21,1,0
BRDA:124,22,0,0
BRDA:124,22,1,0
BRDA:129,23,0,0
BRDA:129,23,1,0
BRDA:134,24,0,0
BRDA:134,24,1,0
BRDA:134,25,0,0
BRDA:134,25,1,0
BRDA:141,26,0,0
BRDA:141,26,1,0
BRDA:141,26,2,0
BRDA:141,26,3,0
BRDA:141,26,4,0
BRDA:141,26,5,0
BRDA:141,26,6,0
BRDA:141,26,7,0
BRDA:151,27,0,0
BRDA:151,27,1,0
BRDA:151,28,0,0
BRDA:151,28,1,0
BRDA:152,29,0,0
BRDA:152,29,1,0
BRDA:152,29,2,0
BRDA:154,30,0,0
BRDA:154,30,1,0
BRDA:154,31,0,0
BRDA:154,31,1,0
BRDA:154,31,2,0
BRDA:159,32,0,0
BRDA:159,32,1,0
BRDA:160,33,0,0
BRDA:160,33,1,0
BRDA:160,33,2,0
BRDA:163,34,0,0
BRDA:163,34,1,0
BRDA:163,35,0,0
BRDA:163,35,1,0
BRDA:163,35,2,0
BRDA:172,36,0,0
BRDA:172,36,1,0
BRDA:173,37,0,0
BRDA:173,37,1,0
BRDA:175,38,0,0
BRDA:175,38,1,0
BRDA:176,39,0,0
BRDA:176,39,1,0
BRDA:178,40,0,0
BRDA:178,40,1,0
BRDA:187,41,0,0
BRDA:187,41,1,0
BRDA:187,42,0,0
BRDA:187,42,1,0
BRDA:189,43,0,0
BRDA:189,43,1,0
BRDA:190,44,0,0
BRDA:190,44,1,0
BRDA:190,44,2,0
BRDA:194,45,0,0
BRDA:194,45,1,0
BRDA:197,46,0,0
BRDA:197,46,1,0
BRDA:197,47,0,0
BRDA:197,47,1,0
BRDA:197,47,2,0
BRDA:203,48,0,0
BRDA:203,48,1,0
BRDA:205,49,0,0
BRDA:205,49,1,0
BRDA:213,50,0,0
BRDA:213,50,1,0
BRDA:237,51,0,0
BRDA:237,51,1,0
BRDA:243,52,0,0
BRDA:243,52,1,0
BRDA:248,53,0,0
BRDA:248,53,1,0
BRDA:253,54,0,0
BRDA:253,54,1,0
BRDA:258,55,0,0
BRDA:258,55,1,0
BRDA:267,56,0,0
BRDA:267,56,1,0
BRDA:267,56,2,0
BRDA:267,56,3,0
BRDA:269,57,0,0
BRDA:269,57,1,0
BRDA:269,58,0,0
BRDA:269,58,1,0
BRDA:285,59,0,0
BRDA:285,59,1,0
BRDA:297,60,0,0
BRDA:297,60,1,0
BRDA:297,61,0,0
BRDA:297,61,1,0
BRDA:299,62,0,0
BRDA:299,62,1,0
BRDA:299,63,0,0
BRDA:299,63,1,0
BRDA:301,64,0,0
BRDA:301,64,1,0
BRDA:316,65,0,0
BRDA:316,65,1,0
BRDA:320,66,0,0
BRDA:320,66,1,0
BRDA:320,67,0,0
BRDA:320,67,1,0
BRDA:327,68,0,0
BRDA:327,68,1,0
BRDA:348,69,0,0
BRDA:348,69,1,0
BRDA:367,70,0,0
BRDA:367,70,1,0
BRDA:369,71,0,0
BRDA:369,71,1,0
BRDA:392,72,0,0
BRDA:392,72,1,0
BRDA:394,73,0,0
BRDA:394,73,1,0
BRDA:419,74,0,0
BRDA:419,74,1,0
BRDA:424,75,0,0
BRDA:424,75,1,0
BRDA:428,76,0,0
BRDA:428,76,1,0
BRDA:438,77,0,0
BRDA:438,77,1,0
BRDA:438,77,2,0
BRDA:447,78,0,0
BRDA:447,78,1,0
BRDA:447,79,0,0
BRDA:447,79,1,0
BRDA:460,80,0,0
BRDA:460,80,1,0
BRDA:463,81,0,0
BRDA:463,81,1,0
BRDA:468,82,0,0
BRDA:468,82,1,0
BRDA:468,82,2,0
BRDA:470,83,0,0
BRDA:470,83,1,0
BRDA:475,84,0,0
BRDA:475,84,1,0
BRDA:480,85,0,0
BRDA:480,85,1,0
BRDA:485,86,0,0
BRDA:485,86,1,0
BRDA:495,87,0,0
BRDA:495,87,1,0
BRDA:503,88,0,0
BRDA:503,88,1,0
BRDA:522,89,0,0
BRDA:522,89,1,0
BRDA:522,90,0,0
BRDA:522,90,1,0
BRDA:522,90,2,0
BRF:205
BRH:0
end_of_record
TN:
SF:src/features/storage/components/StorageView.tsx
FN:53,StorageView
FN:73,(anonymous_1)
FN:77,(anonymous_2)
FN:82,(anonymous_3)
FN:97,(anonymous_4)
FN:98,(anonymous_5)
FN:130,(anonymous_6)
FN:154,(anonymous_7)
FN:177,(anonymous_8)
FN:191,(anonymous_9)
FN:207,(anonymous_10)
FN:251,(anonymous_11)
FN:290,(anonymous_12)
FN:298,(anonymous_13)
FN:314,(anonymous_14)
FN:316,(anonymous_15)
FN:322,(anonymous_16)
FN:332,(anonymous_17)
FN:341,(anonymous_18)
FN:353,(anonymous_19)
FN:363,(anonymous_20)
FN:401,(anonymous_21)
FN:402,(anonymous_22)
FN:411,(anonymous_23)
FN:417,(anonymous_24)
FN:426,(anonymous_25)
FN:448,(anonymous_26)
FN:455,(anonymous_27)
FN:463,(anonymous_28)
FN:466,(anonymous_29)
FN:466,(anonymous_30)
FN:471,(anonymous_31)
FN:474,(anonymous_32)
FN:474,(anonymous_33)
FN:479,(anonymous_34)
FN:482,(anonymous_35)
FN:482,(anonymous_36)
FN:489,(anonymous_37)
FN:501,(anonymous_38)
FN:512,(anonymous_39)
FN:516,(anonymous_40)
FN:520,(anonymous_41)
FN:526,(anonymous_42)
FN:537,(anonymous_43)
FN:548,(anonymous_44)
FN:552,(anonymous_45)
FN:556,(anonymous_46)
FN:564,(anonymous_47)
FN:575,(anonymous_48)
FN:605,(anonymous_49)
FN:616,(anonymous_50)
FN:620,(anonymous_51)
FN:624,(anonymous_52)
FN:633,(anonymous_53)
FN:648,(anonymous_54)
FN:660,(anonymous_55)
FN:667,(anonymous_56)
FN:674,(anonymous_57)
FN:683,(anonymous_58)
FN:690,(anonymous_59)
FN:698,(anonymous_60)
FN:703,(anonymous_61)
FN:724,(anonymous_62)
FN:762,(anonymous_63)
FN:773,(anonymous_64)
FN:780,(anonymous_65)
FN:787,(anonymous_66)
FN:797,(anonymous_67)
FN:799,(anonymous_68)
FN:849,(anonymous_69)
FN:856,(anonymous_70)
FNF:71
FNH:0
FNDA:0,StorageView
FNDA:0,(anonymous_1)
FNDA:0,(anonymous_2)
FNDA:0,(anonymous_3)
FNDA:0,(anonymous_4)
FNDA:0,(anonymous_5)
FNDA:0,(anonymous_6)
FNDA:0,(anonymous_7)
FNDA:0,(anonymous_8)
FNDA:0,(anonymous_9)
FNDA:0,(anonymous_10)
FNDA:0,(anonymous_11)
FNDA:0,(anonymous_12)
FNDA:0,(anonymous_13)
FNDA:0,(anonymous_14)
FNDA:0,(anonymous_15)
FNDA:0,(anonymous_16)
FNDA:0,(anonymous_17)
FNDA:0,(anonymous_18)
FNDA:0,(anonymous_19)
FNDA:0,(anonymous_20)
FNDA:0,(anonymous_21)
FNDA:0,(anonymous_22)
FNDA:0,(anonymous_23)
FNDA:0,(anonymous_24)
FNDA:0,(anonymous_25)
FNDA:0,(anonymous_26)
FNDA:0,(anonymous_27)
FNDA:0,(anonymous_28)
FNDA:0,(anonymous_29)
FNDA:0,(anonymous_30)
FNDA:0,(anonymous_31)
FNDA:0,(anonymous_32)
FNDA:0,(anonymous_33)
FNDA:0,(anonymous_34)
FNDA:0,(anonymous_35)
FNDA:0,(anonymous_36)
FNDA:0,(anonymous_37)
FNDA:0,(anonymous_38)
FNDA:0,(anonymous_39)
FNDA:0,(anonymous_40)
FNDA:0,(anonymous_41)
FNDA:0,(anonymous_42)
FNDA:0,(anonymous_43)
FNDA:0,(anonymous_44)
FNDA:0,(anonymous_45)
FNDA:0,(anonymous_46)
FNDA:0,(anonymous_47)
FNDA:0,(anonymous_48)
FNDA:0,(anonymous_49)
FNDA:0,(anonymous_50)
FNDA:0,(anonymous_51)
FNDA:0,(anonymous_52)
FNDA:0,(anonymous_53)
FNDA:0,(anonymous_54)
FNDA:0,(anonymous_55)
FNDA:0,(anonymous_56)
FNDA:0,(anonymous_57)
FNDA:0,(anonymous_58)
FNDA:0,(anonymous_59)
FNDA:0,(anonymous_60)
FNDA:0,(anonymous_61)
FNDA:0,(anonymous_62)
FNDA:0,(anonymous_63)
FNDA:0,(anonymous_64)
FNDA:0,(anonymous_65)
FNDA:0,(anonymous_66)
FNDA:0,(anonymous_67)
FNDA:0,(anonymous_68)
FNDA:0,(anonymous_69)
FNDA:0,(anonymous_70)
DA:54,0
DA:55,0
DA:56,0
DA:57,0
DA:58,0
DA:59,0
DA:62,0
DA:63,0
DA:66,0
DA:71,0
DA:73,0
DA:74,0
DA:77,0
DA:78,0
DA:80,0
DA:81,0
DA:82,0
DA:88,0
DA:92,0
DA:93,0
DA:94,0
DA:95,0
DA:97,0
DA:98,0
DA:100,0
DA:101,0
DA:103,0
DA:120,0
DA:123,0
DA:125,0
DA:130,0
DA:132,0
DA:145,0
DA:146,0
DA:147,0
DA:148,0
DA:149,0
DA:151,0
DA:154,0
DA:155,0
DA:156,0
DA:159,0
DA:160,0
DA:161,0
DA:162,0
DA:163,0
DA:164,0
DA:165,0
DA:168,0
DA:169,0
DA:170,0
DA:171,0
DA:174,0
DA:177,0
DA:179,0
DA:182,0
DA:183,0
DA:184,0
DA:185,0
DA:188,0
DA:191,0
DA:192,0
DA:204,0
DA:207,0
DA:208,0
DA:248,0
DA:251,0
DA:253,0
DA:256,0
DA:277,0
DA:278,0
DA:282,0
DA:283,0
DA:287,0
DA:290,0
DA:291,0
DA:292,0
DA:293,0
DA:294,0
DA:295,0
DA:298,0
DA:299,0
DA:300,0
DA:301,0
DA:303,0
DA:304,0
DA:305,0
DA:306,0
DA:307,0
DA:309,0
DA:310,0
DA:314,0
DA:315,0
DA:316,0
DA:318,0
DA:322,0
DA:323,0
DA:324,0
DA:325,0
DA:327,0
DA:329,0
DA:332,0
DA:333,0
DA:334,0
DA:336,0
DA:337,0
DA:341,0
DA:342,0
DA:350,0
DA:353,0
DA:354,0
DA:355,0
DA:356,0
DA:357,0
DA:358,0
DA:359,0
DA:363,0
DA:364,0
DA:370,0
DA:373,0
DA:377,0
DA:380,0
DA:382,0
DA:384,0
DA:389,0
DA:392,0
DA:394,0
DA:396,0
DA:401,0
DA:402,0
DA:403,0
DA:404,0
DA:405,0
DA:409,0
DA:410,0
DA:411,0
DA:416,0
DA:419,0
DA:421,0
DA:423,0
DA:424,0
DA:427,0
DA:428,0
DA:430,0
DA:431,0
DA:433,0
DA:434,0
DA:436,0
DA:437,0
DA:439,0
DA:440,0
DA:442,0
DA:443,0
DA:445,0
DA:448,0
DA:449,0
DA:455,0
DA:464,0
DA:466,0
DA:472,0
DA:474,0
DA:480,0
DA:482,0
DA:489,0
DA:501,0
DA:513,0
DA:517,0
DA:518,0
DA:520,0
DA:526,0
DA:537,0
DA:549,0
DA:553,0
DA:554,0
DA:556,0
DA:564,0
DA:575,0
DA:605,0
DA:617,0
DA:621,0
DA:622,0
DA:624,0
DA:633,0
DA:648,0
DA:660,0
DA:667,0
DA:674,0
DA:683,0
DA:690,0
DA:699,0
DA:703,0
DA:725,0
DA:762,0
DA:773,0
DA:780,0
DA:787,0
DA:797,0
DA:798,0
DA:800,0
DA:840,0
DA:849,0
DA:856,0
LF:202
LH:0
BRDA:81,0,0,0
BRDA:81,0,1,0
BRDA:81,1,0,0
BRDA:81,1,1,0
BRDA:93,2,0,0
BRDA:93,2,1,0
BRDA:93,3,0,0
BRDA:93,3,1,0
BRDA:100,4,0,0
BRDA:100,4,1,0
BRDA:112,5,0,0
BRDA:112,5,1,0
BRDA:112,6,0,0
BRDA:112,6,1,0
BRDA:113,7,0,0
BRDA:113,7,1,0
BRDA:114,8,0,0
BRDA:114,8,1,0
BRDA:115,9,0,0
BRDA:115,9,1,0
BRDA:115,10,0,0
BRDA:115,10,1,0
BRDA:146,11,0,0
BRDA:146,11,1,0
BRDA:146,12,0,0
BRDA:146,12,1,0
BRDA:147,13,0,0
BRDA:147,13,1,0
BRDA:147,14,0,0
BRDA:147,14,1,0
BRDA:147,14,2,0
BRDA:148,15,0,0
BRDA:148,15,1,0
BRDA:148,16,0,0
BRDA:148,16,1,0
BRDA:148,16,2,0
BRDA:149,17,0,0
BRDA:149,17,1,0
BRDA:149,18,0,0
BRDA:149,18,1,0
BRDA:149,18,2,0
BRDA:151,19,0,0
BRDA:151,19,1,0
BRDA:159,20,0,0
BRDA:159,20,1,0
BRDA:159,21,0,0
BRDA:159,21,1,0
BRDA:160,22,0,0
BRDA:160,22,1,0
BRDA:161,23,0,0
BRDA:161,23,1,0
BRDA:161,24,0,0
BRDA:161,24,1,0
BRDA:162,25,0,0
BRDA:162,25,1,0
BRDA:163,26,0,0
BRDA:163,26,1,0
BRDA:163,27,0,0
BRDA:163,27,1,0
BRDA:164,28,0,0
BRDA:164,28,1,0
BRDA:164,29,0,0
BRDA:164,29,1,0
BRDA:165,30,0,0
BRDA:165,30,1,0
BRDA:165,31,0,0
BRDA:165,31,1,0
BRDA:168,32,0,0
BRDA:168,32,1,0
BRDA:169,33,0,0
BRDA:169,33,1,0
BRDA:169,34,0,0
BRDA:169,34,1,0
BRDA:170,35,0,0
BRDA:170,35,1,0
BRDA:170,36,0,0
BRDA:170,36,1,0
BRDA:182,37,0,0
BRDA:182,37,1,0
BRDA:182,38,0,0
BRDA:182,38,1,0
BRDA:183,39,0,0
BRDA:183,39,1,0
BRDA:183,40,0,0
BRDA:183,40,1,0
BRDA:184,41,0,0
BRDA:184,41,1,0
BRDA:184,42,0,0
BRDA:184,42,1,0
BRDA:185,43,0,0
BRDA:185,43,1,0
BRDA:185,44,0,0
BRDA:185,44,1,0
BRDA:188,45,0,0
BRDA:188,45,1,0
BRDA:204,46,0,0
BRDA:204,46,1,0
BRDA:248,47,0,0
BRDA:248,47,1,0
BRDA:277,48,0,0
BRDA:277,48,1,0
BRDA:282,49,0,0
BRDA:282,49,1,0
BRDA:291,50,0,0
BRDA:291,50,1,0
BRDA:303,51,0,0
BRDA:303,51,1,0
BRDA:305,52,0,0
BRDA:305,52,1,0
BRDA:306,53,0,0
BRDA:306,53,1,0
BRDA:307,54,0,0
BRDA:307,54,1,0
BRDA:310,55,0,0
BRDA:310,55,1,0
BRDA:315,56,0,0
BRDA:315,56,1,0
BRDA:324,57,0,0
BRDA:324,57,1,0
BRDA:333,58,0,0
BRDA:333,58,1,0
BRDA:334,59,0,0
BRDA:334,59,1,0
BRDA:350,60,0,0
BRDA:350,60,1,0
BRDA:354,61,0,0
BRDA:354,61,1,0
BRDA:354,61,2,0
BRDA:354,61,3,0
BRDA:354,61,4,0
BRDA:364,62,0,0
BRDA:364,62,1,0
BRDA:364,62,2,0
BRDA:364,62,3,0
BRDA:364,62,4,0
BRDA:364,62,5,0
BRDA:364,62,6,0
BRDA:364,62,7,0
BRDA:364,62,8,0
BRDA:364,62,9,0
BRDA:364,62,10,0
BRDA:364,62,11,0
BRDA:364,62,12,0
BRDA:364,62,13,0
BRDA:364,62,14,0
BRDA:364,62,15,0
BRDA:364,62,16,0
BRDA:364,62,17,0
BRDA:364,62,18,0
BRDA:364,62,19,0
BRDA:364,62,20,0
BRDA:364,62,21,0
BRDA:404,63,0,0
BRDA:404,63,1,0
BRDA:409,64,0,0
BRDA:409,64,1,0
BRDA:419,65,0,0
BRDA:419,65,1,0
BRDA:419,66,0,0
BRDA:419,66,1,0
BRDA:421,67,0,0
BRDA:421,67,1,0
BRDA:421,68,0,0
BRDA:421,68,1,0
BRDA:421,68,2,0
BRDA:423,69,0,0
BRDA:423,69,1,0
BRDA:423,70,0,0
BRDA:423,70,1,0
BRDA:423,70,2,0
BRDA:428,71,0,0
BRDA:428,71,1,0
BRDA:428,71,2,0
BRDA:428,71,3,0
BRDA:428,71,4,0
BRDA:442,72,0,0
BRDA:442,72,1,0
BRDA:442,73,0,0
BRDA:442,73,1,0
BRDA:445,74,0,0
BRDA:445,74,1,0
BRDA:453,75,0,0
BRDA:453,75,1,0
BRDA:454,76,0,0
BRDA:454,76,1,0
BRDA:461,77,0,0
BRDA:461,77,1,0
BRDA:461,77,2,0
BRDA:461,77,3,0
BRDA:500,78,0,0
BRDA:500,78,1,0
BRDA:501,79,0,0
BRDA:501,79,1,0
BRDA:507,80,0,0
BRDA:507,80,1,0
BRDA:517,81,0,0
BRDA:517,81,1,0
BRDA:536,82,0,0
BRDA:536,82,1,0
BRDA:537,83,0,0
BRDA:537,83,1,0
BRDA:543,84,0,0
BRDA:543,84,1,0
BRDA:553,85,0,0
BRDA:553,85,1,0
BRDA:574,86,0,0
BRDA:574,86,1,0
BRDA:575,87,0,0
BRDA:575,87,1,0
BRDA:581,88,0,0
BRDA:581,88,1,0
BRDA:604,89,0,0
BRDA:604,89,1,0
BRDA:605,90,0,0
BRDA:605,90,1,0
BRDA:611,91,0,0
BRDA:611,91,1,0
BRDA:621,92,0,0
BRDA:621,92,1,0
BRDA:709,93,0,0
BRDA:709,93,1,0
BRDA:717,94,0,0
BRDA:717,94,1,0
BRDA:727,95,0,0
BRDA:727,95,1,0
BRDA:727,95,2,0
BRDA:732,96,0,0
BRDA:732,96,1,0
BRDA:749,97,0,0
BRDA:749,97,1,0
BRDA:756,98,0,0
BRDA:756,98,1,0
BRDA:760,99,0,0
BRDA:760,99,1,0
BRDA:761,100,0,0
BRDA:761,100,1,0
BRDA:818,101,0,0
BRDA:818,101,1,0
BRDA:820,102,0,0
BRDA:820,102,1,0
BRDA:829,103,0,0
BRDA:829,103,1,0
BRDA:848,104,0,0
BRDA:848,104,1,0
BRDA:855,105,0,0
BRDA:855,105,1,0
BRDA:867,106,0,0
BRDA:867,106,1,0
BRDA:871,107,0,0
BRDA:871,107,1,0
BRF:250
BRH:0
end_of_record
TN:
SF:src/hooks/useBodyScrollLock.ts
FN:18,useBodyScrollLock
FN:19,(anonymous_1)
FN:38,(anonymous_2)
FNF:3
FNH:0
FNDA:0,useBodyScrollLock
FNDA:0,(anonymous_1)
FNDA:0,(anonymous_2)
DA:19,0
DA:20,0
DA:23,0
DA:24,0
DA:27,0
DA:30,0
DA:33,0
DA:34,0
DA:38,0
DA:39,0
DA:40,0
LF:11
LH:0
BRDA:20,0,0,0
BRDA:20,0,1,0
BRDA:33,1,0,0
BRDA:33,1,1,0
BRF:4
BRH:0
end_of_record
TN:
SF:src/hooks/useBreakpoint.ts
FN:28,useBreakpoint
FNF:1
FNH:0
FNDA:0,useBreakpoint
DA:29,0
DA:30,0
DA:31,0
DA:32,0
DA:33,0
DA:34,0
DA:36,0
LF:7
LH:0
BRF:0
BRH:0
end_of_record
TN:
SF:src/hooks/useDebounce.ts
FN:17,useDebounce
FN:20,(anonymous_1)
FN:21,(anonymous_2)
FN:25,(anonymous_3)
FNF:4
FNH:4
FNDA:37,useDebounce
FNDA:27,(anonymous_1)
FNDA:11,(anonymous_2)
FNDA:27,(anonymous_3)
DA:15,1
DA:17,1
DA:18,37
DA:20,37
DA:21,27
DA:22,11
DA:25,27
DA:26,27
DA:30,37
LF:9
LH:9
BRF:0
BRH:0
end_of_record
TN:
SF:src/hooks/useInbox.ts
FN:20,useInbox
FN:30,(anonymous_1)
FN:34,(anonymous_2)
FN:49,(anonymous_3)
FN:53,(anonymous_4)
FN:60,(anonymous_5)
FN:64,(anonymous_6)
FNF:7
FNH:0
FNDA:0,useInbox
FNDA:0,(anonymous_1)
FNDA:0,(anonymous_2)
FNDA:0,(anonymous_3)
FNDA:0,(anonymous_4)
FNDA:0,(anonymous_5)
FNDA:0,(anonymous_6)
DA:21,0
DA:23,0
DA:28,0
DA:31,0
DA:32,0
DA:36,0
DA:37,0
DA:42,0
DA:47,0
DA:50,0
DA:51,0
DA:54,0
DA:58,0
DA:61,0
DA:62,0
DA:65,0
DA:69,0
LF:17
LH:0
BRDA:23,0,0,0
BRDA:36,1,0,0
BRDA:36,1,1,0
BRF:3
BRH:0
end_of_record
TN:
SF:src/hooks/useMediaQuery.ts
FN:18,useMediaQuery
FN:22,(anonymous_1)
FN:31,(anonymous_2)
FN:45,(anonymous_3)
FNF:4
FNH:4
FNDA:30,useMediaQuery
FNDA:27,(anonymous_1)
FNDA:5,(anonymous_2)
FNDA:27,(anonymous_3)
DA:16,1
DA:18,1
DA:20,30
DA:22,30
DA:23,27
DA:26,27
DA:27,4
DA:31,27
DA:32,5
DA:37,27
DA:38,23
DA:41,4
DA:45,27
DA:46,27
DA:47,26
DA:50,1
DA:55,30
LF:17
LH:17
BRDA:26,0,0,4
BRDA:26,0,1,23
BRDA:37,1,0,23
BRDA:37,1,1,4
BRDA:46,2,0,26
BRDA:46,2,1,1
BRF:6
BRH:6
end_of_record
TN:
SF:src/hooks/useScrollPosition.ts
FN:29,useScrollPosition
FN:41,(anonymous_1)
FN:61,(anonymous_2)
FN:66,(anonymous_3)
FN:72,(anonymous_4)
FN:93,(anonymous_5)
FN:111,(anonymous_6)
FN:142,(anonymous_7)
FN:157,(anonymous_8)
FN:165,(anonymous_9)
FN:166,(anonymous_10)
FNF:11
FNH:0
FNDA:0,useScrollPosition
FNDA:0,(anonymous_1)
FNDA:0,(anonymous_2)
FNDA:0,(anonymous_3)
FNDA:0,(anonymous_4)
FNDA:0,(anonymous_5)
FNDA:0,(anonymous_6)
FNDA:0,(anonymous_7)
FNDA:0,(anonymous_8)
FNDA:0,(anonymous_9)
FNDA:0,(anonymous_10)
DA:34,0
DA:36,0
DA:37,0
DA:38,0
DA:41,0
DA:42,0
DA:44,0
DA:49,0
DA:51,0
DA:52,0
DA:53,0
DA:55,0
DA:61,0
DA:62,0
DA:63,0
DA:66,0
DA:67,0
DA:72,0
DA:73,0
DA:75,0
DA:77,0
DA:78,0
DA:79,0
DA:80,0
DA:81,0
DA:84,0
DA:88,0
DA:89,0
DA:93,0
DA:94,0
DA:96,0
DA:97,0
DA:103,0
DA:104,0
DA:107,0
DA:111,0
DA:112,0
DA:114,0
DA:119,0
DA:124,0
DA:125,0
DA:130,0
DA:131,0
DA:133,0
DA:134,0
DA:138,0
DA:142,0
DA:144,0
DA:145,0
DA:148,0
DA:151,0
DA:152,0
DA:155,0
DA:157,0
DA:158,0
DA:165,0
DA:166,0
DA:167,0
DA:168,0
DA:170,0
DA:171,0
DA:176,0
LF:62
LH:0
BRDA:29,0,0,0
BRDA:32,1,0,0
BRDA:33,2,0,0
BRDA:42,3,0,0
BRDA:42,3,1,0
BRDA:51,4,0,0
BRDA:51,4,1,0
BRDA:62,5,0,0
BRDA:62,5,1,0
BRDA:73,6,0,0
BRDA:73,6,1,0
BRDA:77,7,0,0
BRDA:77,7,1,0
BRDA:80,8,0,0
BRDA:80,8,1,0
BRDA:93,9,0,0
BRDA:94,10,0,0
BRDA:94,10,1,0
BRDA:96,11,0,0
BRDA:96,11,1,0
BRDA:96,12,0,0
BRDA:96,12,1,0
BRDA:111,13,0,0
BRDA:112,14,0,0
BRDA:112,14,1,0
BRDA:124,15,0,0
BRDA:124,15,1,0
BRDA:124,16,0,0
BRDA:124,16,1,0
BRDA:130,17,0,0
BRDA:130,17,1,0
BRDA:133,18,0,0
BRDA:133,18,1,0
BRDA:144,19,0,0
BRDA:144,19,1,0
BRDA:151,20,0,0
BRDA:151,20,1,0
BRDA:155,21,0,0
BRDA:155,21,1,0
BRDA:167,22,0,0
BRDA:167,22,1,0
BRDA:170,23,0,0
BRDA:170,23,1,0
BRF:43
BRH:0
end_of_record
TN:
SF:src/hooks/useSidebarShortcuts.ts
FN:18,useSidebarShortcuts
FN:21,(anonymous_1)
FN:22,(anonymous_2)
FN:31,(anonymous_3)
FNF:4
FNH:0
FNDA:0,useSidebarShortcuts
FNDA:0,(anonymous_1)
FNDA:0,(anonymous_2)
FNDA:0,(anonymous_3)
DA:19,0
DA:21,0
DA:22,0
DA:24,0
DA:25,0
DA:26,0
DA:30,0
DA:31,0
LF:8
LH:0
BRDA:24,0,0,0
BRDA:24,0,1,0
BRDA:24,1,0,0
BRDA:24,1,1,0
BRDA:24,1,2,0
BRF:5
BRH:0
end_of_record
TN:
SF:src/hooks/useTheme.ts
FN:30,useTheme
FN:31,(anonymous_1)
FN:40,(anonymous_2)
FN:41,(anonymous_3)
FN:56,(anonymous_4)
FN:60,(anonymous_5)
FN:72,(anonymous_6)
FN:77,(anonymous_7)
FNF:8
FNH:8
FNDA:37,useTheme
FNDA:14,(anonymous_1)
FNDA:23,(anonymous_2)
FNDA:24,(anonymous_3)
FNDA:23,(anonymous_4)
FNDA:27,(anonymous_5)
FNDA:9,(anonymous_6)
FNDA:3,(anonymous_7)
DA:16,1
DA:28,1
DA:30,1
DA:31,37
DA:33,14
DA:34,14
DA:37,37
DA:40,37
DA:41,23
DA:42,24
DA:43,10
DA:44,10
DA:46,14
DA:50,23
DA:53,23
DA:54,23
DA:56,23
DA:60,37
DA:61,27
DA:63,27
DA:64,10
DA:65,10
DA:67,17
DA:68,17
DA:72,37
DA:73,9
DA:74,9
DA:77,37
DA:78,3
DA:81,37
LF:30
LH:30
BRDA:34,0,0,14
BRDA:34,0,1,1
BRDA:42,1,0,10
BRDA:42,1,1,14
BRDA:44,2,0,2
BRDA:44,2,1,8
BRDA:63,3,0,10
BRDA:63,3,1,17
BRDA:78,4,0,2
BRDA:78,4,1,1
BRF:10
BRH:10
end_of_record
TN:
SF:src/hooks/useUser.ts
FN:32,useUser
FN:37,(anonymous_1)
FN:40,(anonymous_2)
FN:45,(anonymous_3)
FN:65,(anonymous_4)
FN:66,(anonymous_5)
FNF:6
FNH:6
FNDA:21,useUser
FNDA:10,(anonymous_1)
FNDA:10,(anonymous_2)
FNDA:10,(anonymous_3)
FNDA:6,(anonymous_4)
FNDA:6,(anonymous_5)
DA:16,1
DA:32,1
DA:33,21
DA:34,21
DA:35,21
DA:37,21
DA:40,10
DA:41,10
DA:42,10
DA:45,10
DA:48,8
DA:54,8
DA:56,0
DA:58,8
DA:62,10
DA:65,21
DA:66,6
DA:69,21
LF:18
LH:17
BRDA:56,0,0,0
BRDA:56,0,1,0
BRDA:66,1,0,5
BRDA:66,1,1,1
BRF:4
BRH:2
end_of_record
TN:
SF:src/hooks/useUserTier.ts
FN:20,useUserTier
FNF:1
FNH:0
FNDA:0,useUserTier
DA:21,0
DA:26,0
LF:2
LH:0
BRDA:26,0,0,0
BRDA:26,0,1,0
BRF:2
BRH:0
end_of_record
TN:
SF:src/layout/BaseLayout.tsx
FN:43,BaseLayoutContent
FN:53,(anonymous_1)
FN:57,(anonymous_2)
FN:64,(anonymous_3)
FN:85,(anonymous_4)
FN:102,(anonymous_5)
FN:105,(anonymous_6)
FN:115,(anonymous_7)
FN:118,(anonymous_8)
FN:130,(anonymous_9)
FN:175,(anonymous_10)
FN:180,(anonymous_11)
FN:185,(anonymous_12)
FN:193,(anonymous_13)
FN:292,BaseLayout
FNF:15
FNH:0
FNDA:0,BaseLayoutContent
FNDA:0,(anonymous_1)
FNDA:0,(anonymous_2)
FNDA:0,(anonymous_3)
FNDA:0,(anonymous_4)
FNDA:0,(anonymous_5)
FNDA:0,(anonymous_6)
FNDA:0,(anonymous_7)
FNDA:0,(anonymous_8)
FNDA:0,(anonymous_9)
FNDA:0,(anonymous_10)
FNDA:0,(anonymous_11)
FNDA:0,(anonymous_12)
FNDA:0,(anonymous_13)
FNDA:0,BaseLayout
DA:44,0
DA:45,0
DA:46,0
DA:51,0
DA:53,0
DA:54,0
DA:57,0
DA:58,0
DA:59,0
DA:60,0
DA:61,0
DA:62,0
DA:64,0
DA:65,0
DA:66,0
DA:70,0
DA:72,0
DA:75,0
DA:80,0
DA:81,0
DA:82,0
DA:83,0
DA:85,0
DA:86,0
DA:87,0
DA:88,0
DA:89,0
DA:90,0
DA:93,0
DA:104,0
DA:105,0
DA:106,0
DA:107,0
DA:117,0
DA:118,0
DA:119,0
DA:120,0
DA:132,0
DA:173,0
DA:175,0
DA:176,0
DA:177,0
DA:180,0
DA:181,0
DA:182,0
DA:185,0
DA:186,0
DA:187,0
DA:190,0
DA:191,0
DA:193,0
DA:198,0
DA:199,0
DA:203,0
DA:293,0
LF:55
LH:0
BRDA:60,0,0,0
BRDA:60,0,1,0
BRDA:60,1,0,0
BRDA:60,1,1,0
BRDA:81,2,0,0
BRDA:81,2,1,0
BRDA:82,3,0,0
BRDA:82,3,1,0
BRDA:86,4,0,0
BRDA:86,4,1,0
BRDA:107,5,0,0
BRDA:107,5,1,0
BRDA:120,6,0,0
BRDA:120,6,1,0
BRDA:137,7,0,0
BRDA:137,7,1,0
BRDA:138,8,0,0
BRDA:138,8,1,0
BRDA:140,9,0,0
BRDA:140,9,1,0
BRDA:141,10,0,0
BRDA:141,10,1,0
BRDA:191,11,0,0
BRDA:191,11,1,0
BRDA:216,12,0,0
BRDA:216,12,1,0
BRDA:221,13,0,0
BRDA:221,13,1,0
BRDA:227,14,0,0
BRDA:227,14,1,0
BRDA:234,15,0,0
BRDA:234,15,1,0
BRDA:240,16,0,0
BRDA:240,16,1,0
BRDA:250,17,0,0
BRDA:250,17,1,0
BRDA:259,18,0,0
BRDA:259,18,1,0
BRDA:263,19,0,0
BRDA:263,19,1,0
BRDA:269,20,0,0
BRDA:269,20,1,0
BRDA:277,21,0,0
BRDA:277,21,1,0
BRDA:277,22,0,0
BRDA:277,22,1,0
BRDA:278,23,0,0
BRDA:278,23,1,0
BRF:48
BRH:0
end_of_record
TN:
SF:src/layout/Header.tsx
FN:27,UserInfoSection
FN:49,ThemeToggleSection
FN:59,(anonymous_2)
FN:66,(anonymous_3)
FN:77,Header
FN:86,(anonymous_5)
FN:87,(anonymous_6)
FN:96,(anonymous_7)
FN:109,(anonymous_8)
FN:117,(anonymous_9)
FN:124,(anonymous_10)
FN:128,(anonymous_11)
FN:142,(anonymous_12)
FN:164,(anonymous_13)
FN:168,(anonymous_14)
FN:188,(anonymous_15)
FN:198,(anonymous_16)
FN:230,(anonymous_17)
FN:253,(anonymous_18)
FN:256,(anonymous_19)
FN:260,(anonymous_20)
FN:263,(anonymous_21)
FNF:22
FNH:0
FNDA:0,UserInfoSection
FNDA:0,ThemeToggleSection
FNDA:0,(anonymous_2)
FNDA:0,(anonymous_3)
FNDA:0,Header
FNDA:0,(anonymous_5)
FNDA:0,(anonymous_6)
FNDA:0,(anonymous_7)
FNDA:0,(anonymous_8)
FNDA:0,(anonymous_9)
FNDA:0,(anonymous_10)
FNDA:0,(anonymous_11)
FNDA:0,(anonymous_12)
FNDA:0,(anonymous_13)
FNDA:0,(anonymous_14)
FNDA:0,(anonymous_15)
FNDA:0,(anonymous_16)
FNDA:0,(anonymous_17)
FNDA:0,(anonymous_18)
FNDA:0,(anonymous_19)
FNDA:0,(anonymous_20)
FNDA:0,(anonymous_21)
DA:28,0
DA:34,0
DA:50,0
DA:55,0
DA:60,0
DA:66,0
DA:78,0
DA:79,0
DA:80,0
DA:81,0
DA:82,0
DA:83,0
DA:86,0
DA:87,0
DA:88,0
DA:89,0
DA:90,0
DA:94,0
DA:95,0
DA:96,0
DA:100,0
DA:105,0
DA:110,0
DA:111,0
DA:118,0
DA:119,0
DA:124,0
DA:125,0
DA:128,0
DA:129,0
DA:130,0
DA:133,0
DA:142,0
DA:165,0
DA:169,0
DA:188,0
DA:198,0
DA:231,0
DA:253,0
DA:258,0
DA:261,0
DA:264,0
LF:42
LH:0
BRDA:64,0,0,0
BRDA:64,0,1,0
BRDA:89,1,0,0
BRDA:89,1,1,0
BRDA:94,2,0,0
BRDA:94,2,1,0
BRDA:139,3,0,0
BRDA:139,3,1,0
BRDA:162,4,0,0
BRDA:162,4,1,0
BRDA:169,5,0,0
BRDA:169,5,1,0
BRDA:182,6,0,0
BRDA:182,6,1,0
BRDA:194,7,0,0
BRDA:194,7,1,0
BRDA:205,8,0,0
BRDA:205,8,1,0
BRDA:209,9,0,0
BRDA:209,9,1,0
BRDA:213,10,0,0
BRDA:213,10,1,0
BRDA:215,11,0,0
BRDA:215,11,1,0
BRF:24
BRH:0
end_of_record
TN:
SF:src/layout/InboxLayout.tsx
FN:42,InboxLayoutContent
FN:54,(anonymous_1)
FN:59,(anonymous_2)
FN:64,(anonymous_3)
FN:78,(anonymous_4)
FN:84,(anonymous_5)
FN:101,(anonymous_6)
FN:105,(anonymous_7)
FN:123,(anonymous_8)
FN:133,(anonymous_9)
FN:275,(anonymous_10)
FN:291,(anonymous_11)
FN:314,(anonymous_12)
FN:329,(anonymous_13)
FN:339,(anonymous_14)
FN:366,InboxLayout
FNF:16
FNH:0
FNDA:0,InboxLayoutContent
FNDA:0,(anonymous_1)
FNDA:0,(anonymous_2)
FNDA:0,(anonymous_3)
FNDA:0,(anonymous_4)
FNDA:0,(anonymous_5)
FNDA:0,(anonymous_6)
FNDA:0,(anonymous_7)
FNDA:0,(anonymous_8)
FNDA:0,(anonymous_9)
FNDA:0,(anonymous_10)
FNDA:0,(anonymous_11)
FNDA:0,(anonymous_12)
FNDA:0,(anonymous_13)
FNDA:0,(anonymous_14)
FNDA:0,InboxLayout
DA:43,0
DA:44,0
DA:45,0
DA:46,0
DA:47,0
DA:48,0
DA:50,0
DA:52,0
DA:54,0
DA:55,0
DA:56,0
DA:59,0
DA:60,0
DA:61,0
DA:64,0
DA:65,0
DA:66,0
DA:68,0
DA:69,0
DA:70,0
DA:78,0
DA:79,0
DA:80,0
DA:81,0
DA:82,0
DA:84,0
DA:85,0
DA:86,0
DA:87,0
DA:88,0
DA:89,0
DA:92,0
DA:102,0
DA:103,0
DA:104,0
DA:105,0
DA:106,0
DA:107,0
DA:108,0
DA:109,0
DA:116,0
DA:124,0
DA:134,0
DA:179,0
DA:184,0
DA:276,0
DA:277,0
DA:278,0
DA:291,0
DA:314,0
DA:330,0
DA:331,0
DA:332,0
DA:340,0
DA:341,0
DA:346,0
DA:347,0
DA:348,0
DA:367,0
LF:59
LH:0
BRDA:78,0,0,0
BRDA:78,0,1,0
BRDA:80,1,0,0
BRDA:80,1,1,0
BRDA:81,2,0,0
BRDA:81,2,1,0
BRDA:85,3,0,0
BRDA:85,3,1,0
BRDA:107,4,0,0
BRDA:107,4,1,0
BRDA:107,5,0,0
BRDA:107,5,1,0
BRDA:142,6,0,0
BRDA:142,6,1,0
BRDA:143,7,0,0
BRDA:143,7,1,0
BRDA:145,8,0,0
BRDA:145,8,1,0
BRDA:146,9,0,0
BRDA:146,9,1,0
BRDA:158,10,0,0
BRDA:158,10,1,0
BRDA:181,11,0,0
BRDA:181,11,1,0
BRDA:181,11,2,0
BRDA:197,12,0,0
BRDA:197,12,1,0
BRDA:205,13,0,0
BRDA:205,13,1,0
BRDA:209,14,0,0
BRDA:209,14,1,0
BRDA:212,15,0,0
BRDA:212,15,1,0
BRDA:218,16,0,0
BRDA:218,16,1,0
BRDA:225,17,0,0
BRDA:225,17,1,0
BRDA:231,18,0,0
BRDA:231,18,1,0
BRDA:250,19,0,0
BRDA:250,19,1,0
BRDA:260,20,0,0
BRDA:260,20,1,0
BRDA:340,21,0,0
BRDA:340,21,1,0
BRDA:344,22,0,0
BRDA:344,22,1,0
BRF:47
BRH:0
end_of_record
TN:
SF:src/layout/Layout.tsx
FN:16,Layout
FNF:1
FNH:0
FNDA:0,Layout
DA:17,0
LF:1
LH:0
BRF:0
BRH:0
end_of_record
TN:
SF:src/layout/MobileMenu.tsx
FN:35,MobileMenu
FN:48,(anonymous_1)
FN:102,(anonymous_2)
FN:106,(anonymous_3)
FN:126,(anonymous_4)
FN:136,(anonymous_5)
FN:148,(anonymous_6)
FN:155,(anonymous_7)
FN:162,(anonymous_8)
FNF:9
FNH:0
FNDA:0,MobileMenu
FNDA:0,(anonymous_1)
FNDA:0,(anonymous_2)
FNDA:0,(anonymous_3)
FNDA:0,(anonymous_4)
FNDA:0,(anonymous_5)
FNDA:0,(anonymous_6)
FNDA:0,(anonymous_7)
FNDA:0,(anonymous_8)
DA:45,0
DA:46,0
DA:48,0
DA:49,0
DA:50,0
DA:53,0
DA:103,0
DA:107,0
DA:126,0
DA:136,0
DA:148,0
DA:155,0
DA:162,0
LF:13
LH:0
BRDA:59,0,0,0
BRDA:59,0,1,0
BRDA:69,1,0,0
BRDA:69,1,1,0
BRDA:91,2,0,0
BRDA:91,2,1,0
BRDA:107,3,0,0
BRDA:107,3,1,0
BRDA:124,4,0,0
BRDA:124,4,1,0
BRDA:134,5,0,0
BRDA:134,5,1,0
BRF:12
BRH:0
end_of_record
TN:
SF:src/lib/api.ts
FN:19,(anonymous_0)
FN:25,handleResponse
FN:51,(anonymous_2)
FN:56,(anonymous_3)
FN:65,(anonymous_4)
FN:74,(anonymous_5)
FN:85,(anonymous_6)
FN:95,(anonymous_7)
FNF:8
FNH:0
FNDA:0,(anonymous_0)
FNDA:0,handleResponse
FNDA:0,(anonymous_2)
FNDA:0,(anonymous_3)
FNDA:0,(anonymous_4)
FNDA:0,(anonymous_5)
FNDA:0,(anonymous_6)
FNDA:0,(anonymous_7)
DA:15,0
DA:16,0
DA:19,0
DA:20,0
DA:21,0
DA:26,0
DA:27,0
DA:29,0
DA:31,0
DA:32,0
DA:33,0
DA:34,0
DA:35,0
DA:40,0
DA:43,0
DA:44,0
DA:47,0
DA:50,0
DA:52,0
DA:53,0
DA:57,0
DA:62,0
DA:66,0
DA:71,0
DA:75,0
DA:76,0
DA:77,0
DA:80,0
DA:81,0
DA:86,0
DA:90,0
DA:95,0
LF:32
LH:0
BRDA:15,0,0,0
BRDA:15,0,1,0
BRDA:27,1,0,0
BRDA:27,1,1,0
BRDA:29,2,0,0
BRDA:29,2,1,0
BRDA:32,3,0,0
BRDA:32,3,1,0
BRDA:35,4,0,0
BRDA:35,4,1,0
BRDA:35,4,2,0
BRDA:43,5,0,0
BRDA:43,5,1,0
BRF:13
BRH:0
end_of_record
TN:
SF:src/lib/breakpoints.ts
FNF:0
FNH:0
DA:13,0
DA:20,0
LF:2
LH:0
BRF:0
BRH:0
end_of_record
TN:
SF:src/lib/constants.ts
FNF:0
FNH:0
DA:15,0
DA:17,0
DA:38,0
DA:44,0
LF:4
LH:0
BRDA:15,0,0,0
BRDA:15,0,1,0
BRF:2
BRH:0
end_of_record
TN:
SF:src/lib/formatters.ts
FN:13,formatDate
FN:22,formatRelativeTime
FN:44,formatFileSize
FN:54,truncateText
FNF:4
FNH:4
FNDA:6,formatDate
FNDA:18,formatRelativeTime
FNDA:19,formatFileSize
FNDA:14,truncateText
DA:13,1
DA:14,6
DA:15,6
DA:22,1
DA:23,18
DA:25,16
DA:28,16
DA:30,14
DA:31,14
DA:32,14
DA:33,14
DA:34,14
DA:35,14
DA:37,14
DA:38,12
DA:39,9
DA:40,5
DA:41,2
DA:44,1
DA:45,19
DA:47,18
[...]
FN:35,detectPlatform
FN:43,validateFileType
FN:45,(anonymous_4)
FN:48,validateFileSize
FNF:6
FNH:6
FNDA:16,validateURL
FNDA:21,extractVideoId
FNDA:15,detectPlatform
FNDA:8,validateFileType
FNDA:11,(anonymous_4)
FNDA:10,validateFileSize
DA:13,1
DA:14,16
DA:15,16
DA:17,11
DA:19,5
DA:23,1
DA:25,21
DA:26,21
DA:29,13
DA:30,13
DA:32,7
DA:35,1
DA:36,15
DA:37,12
DA:38,10
DA:39,7
DA:40,4
DA:43,1
DA:44,8
DA:45,11
DA:48,1
DA:49,10
LF:22
LH:22
BRDA:26,0,0,8
BRDA:26,0,1,13
BRDA:30,1,0,6
BRDA:30,1,1,7
BRDA:36,2,0,3
BRDA:36,2,1,12
BRDA:36,3,0,15
BRDA:36,3,1,13
BRDA:37,4,0,2
BRDA:37,4,1,10
BRDA:38,5,0,3
BRDA:38,5,1,7
BRDA:39,6,0,3
BRDA:39,6,1,4
BRDA:39,7,0,7
BRDA:39,7,1,5
BRF:16
BRH:16
end_of_record
TN:
SF:src/pages/HealthPage.tsx
FN:43,HealthPage
FN:49,(anonymous_1)
FN:52,(anonymous_2)
FN:55,(anonymous_3)
FN:86,(anonymous_4)
FNF:5
FNH:0
FNDA:0,HealthPage
FNDA:0,(anonymous_1)
FNDA:0,(anonymous_2)
FNDA:0,(anonymous_3)
FNDA:0,(anonymous_4)
DA:44,0
DA:45,0
DA:46,0
DA:47,0
DA:49,0
DA:50,0
DA:51,0
DA:52,0
DA:55,0
DA:56,0
DA:58,0
DA:59,0
DA:62,0
DA:63,0
DA:64,0
DA:67,0
DA:70,0
DA:72,0
DA:73,0
DA:74,0
DA:79,0
DA:82,0
DA:86,0
DA:87,0
DA:88,0
DA:89,0
DA:91,0
DA:92,0
DA:93,0
DA:96,0
DA:97,0
DA:106,0
LF:32
LH:0
BRDA:73,0,0,0
BRDA:73,0,1,0
BRDA:74,1,0,0
BRDA:74,1,1,0
BRDA:91,2,0,0
BRDA:91,2,1,0
BRDA:92,3,0,0
BRDA:92,3,1,0
BRDA:96,4,0,0
BRDA:96,4,1,0
BRDA:118,5,0,0
BRDA:118,5,1,0
BRDA:129,6,0,0
BRDA:129,6,1,0
BRDA:150,7,0,0
BRDA:150,7,1,0
BRDA:174,8,0,0
BRDA:174,8,1,0
BRDA:184,9,0,0
BRDA:184,9,1,0
BRDA:228,10,0,0
BRDA:228,10,1,0
BRF:22
BRH:0
end_of_record
TN:
SF:src/pages/InboxPage.tsx
FN:26,InboxPage
FN:31,InboxPageContent
FNF:2
FNH:0
FNDA:0,InboxPage
FNDA:0,InboxPageContent
DA:28,0
DA:32,0
DA:34,0
LF:3
LH:0
BRF:0
BRH:0
end_of_record
TN:
SF:src/pages/PlaygroundPage.tsx
FN:30,PlaygroundPage
FN:46,(anonymous_1)
FN:52,(anonymous_2)
FN:58,(anonymous_3)
FN:64,(anonymous_4)
FN:70,(anonymous_5)
FN:76,(anonymous_6)
FN:82,(anonymous_7)
FN:88,(anonymous_8)
FN:94,(anonymous_9)
FN:100,(anonymous_10)
FN:106,(anonymous_11)
FN:112,(anonymous_12)
FNF:13
FNH:0
FNDA:0,PlaygroundPage
FNDA:0,(anonymous_1)
FNDA:0,(anonymous_2)
FNDA:0,(anonymous_3)
FNDA:0,(anonymous_4)
FNDA:0,(anonymous_5)
FNDA:0,(anonymous_6)
FNDA:0,(anonymous_7)
FNDA:0,(anonymous_8)
FNDA:0,(anonymous_9)
FNDA:0,(anonymous_10)
FNDA:0,(anonymous_11)
FNDA:0,(anonymous_12)
DA:31,0
DA:33,0
DA:46,0
DA:52,0
DA:58,0
DA:64,0
DA:70,0
DA:76,0
DA:82,0
DA:88,0
DA:94,0
DA:100,0
DA:106,0
DA:112,0
LF:14
LH:0
BRDA:45,0,0,0
BRDA:45,0,1,0
BRDA:51,1,0,0
BRDA:51,1,1,0
BRDA:57,2,0,0
BRDA:57,2,1,0
BRDA:63,3,0,0
BRDA:63,3,1,0
BRDA:69,4,0,0
BRDA:69,4,1,0
BRDA:75,5,0,0
BRDA:75,5,1,0
BRDA:81,6,0,0
BRDA:81,6,1,0
BRDA:87,7,0,0
BRDA:87,7,1,0
BRDA:93,8,0,0
BRDA:93,8,1,0
BRDA:99,9,0,0
BRDA:99,9,1,0
BRDA:105,10,0,0
BRDA:105,10,1,0
BRDA:111,11,0,0
BRDA:111,11,1,0
BRDA:120,12,0,0
BRDA:120,12,1,0
BRDA:121,13,0,0
BRDA:121,13,1,0
BRDA:122,14,0,0
BRDA:122,14,1,0
BRDA:123,15,0,0
BRDA:123,15,1,0
BRDA:124,16,0,0
BRDA:124,16,1,0
BRDA:125,17,0,0
BRDA:125,17,1,0
BRDA:126,18,0,0
BRDA:126,18,1,0
BRDA:127,19,0,0
BRDA:127,19,1,0
BRDA:128,20,0,0
BRDA:128,20,1,0
BRDA:129,21,0,0
BRDA:129,21,1,0
BRDA:130,22,0,0
BRDA:130,22,1,0
BRDA:131,23,0,0
BRDA:131,23,1,0
BRF:48
BRH:0
end_of_record
TN:
SF:src/pages/SearchPage.tsx
FN:18,SearchPage
FN:22,SearchPageContent
FNF:2
FNH:0
FNDA:0,SearchPage
FNDA:0,SearchPageContent
DA:19,0
DA:23,0
DA:25,0
LF:3
LH:0
BRF:0
BRH:0
end_of_record
TN:
SF:src/pages/StoragePage.tsx
FN:17,StoragePageContent
FN:25,StoragePage
FNF:2
FNH:0
FNDA:0,StoragePageContent
FNDA:0,StoragePage
DA:18,0
DA:26,0
DA:28,0
LF:3
LH:0
BRF:0
BRH:0
end_of_record
TN:
SF:src/pages/SubscriptionPage.tsx
FN:90,SubscriptionPage
FN:96,(anonymous_1)
FN:106,(anonymous_2)
FN:117,(anonymous_3)
FN:132,(anonymous_4)
FN:138,(anonymous_5)
FN:148,(anonymous_6)
FN:182,(anonymous_7)
FN:192,(anonymous_8)
FN:214,(anonymous_9)
FNF:10
FNH:0
FNDA:0,SubscriptionPage
FNDA:0,(anonymous_1)
FNDA:0,(anonymous_2)
FNDA:0,(anonymous_3)
FNDA:0,(anonymous_4)
FNDA:0,(anonymous_5)
FNDA:0,(anonymous_6)
FNDA:0,(anonymous_7)
FNDA:0,(anonymous_8)
FNDA:0,(anonymous_9)
DA:32,0
DA:91,0
DA:92,0
DA:93,0
DA:94,0
DA:96,0
DA:97,0
DA:99,0
DA:100,0
DA:102,0
DA:106,0
DA:107,0
DA:108,0
DA:109,0
DA:112,0
DA:117,0
DA:132,0
DA:138,0
DA:149,0
DA:183,0
DA:193,0
DA:214,0
LF:22
LH:0
BRDA:94,0,0,0
BRDA:94,0,1,0
BRDA:97,1,0,0
BRDA:97,1,1,0
BRDA:100,2,0,0
BRDA:100,2,1,0
BRDA:131,3,0,0
BRDA:131,3,1,0
BRDA:137,4,0,0
BRDA:137,4,1,0
BRDA:153,5,0,0
BRDA:153,5,1,0
BRDA:154,6,0,0
BRDA:154,6,1,0
BRDA:157,7,0,0
BRDA:157,7,1,0
BRDA:167,8,0,0
BRDA:167,8,1,0
BRDA:167,9,0,0
BRDA:167,9,1,0
BRDA:171,10,0,0
BRDA:171,10,1,0
BRDA:173,11,0,0
BRDA:173,11,1,0
BRDA:190,12,0,0
BRDA:190,12,1,0
BRDA:203,13,0,0
BRDA:203,13,1,0
BRDA:213,14,0,0
BRDA:213,14,1,0
BRF:30
BRH:0
end_of_record
TN:
SF:src/pages/TestSidebarPage.tsx
FN:18,TestSidebarPage
FNF:1
FNH:0
FNDA:0,TestSidebarPage
DA:19,0
DA:21,0
LF:2
LH:0
BRDA:33,0,0,0
BRDA:33,0,1,0
BRDA:34,1,0,0
BRDA:34,1,1,0
BRDA:35,2,0,0
BRDA:35,2,1,0
BRDA:44,3,0,0
BRDA:44,3,1,0
BRF:8
BRH:0
end_of_record
TN:
SF:src/playground/CloudDeploymentPlayground.tsx
FN:19,CloudDeploymentPlayground
FN:39,(anonymous_1)
FN:45,(anonymous_2)
FN:46,(anonymous_3)
FN:48,(anonymous_4)
FN:66,(anonymous_5)
FN:73,(anonymous_6)
FN:80,(anonymous_7)
FN:173,(anonymous_8)
FN:298,(anonymous_9)
FN:317,(anonymous_10)
FN:322,(anonymous_11)
FNF:12
FNH:0
FNDA:0,CloudDeploymentPlayground
FNDA:0,(anonymous_1)
FNDA:0,(anonymous_2)
FNDA:0,(anonymous_3)
FNDA:0,(anonymous_4)
FNDA:0,(anonymous_5)
FNDA:0,(anonymous_6)
FNDA:0,(anonymous_7)
FNDA:0,(anonymous_8)
FNDA:0,(anonymous_9)
FNDA:0,(anonymous_10)
FNDA:0,(anonymous_11)
DA:20,0
DA:21,0
DA:22,0
DA:24,0
DA:31,0
DA:39,0
DA:40,0
DA:41,0
DA:45,0
DA:46,0
DA:47,0
DA:48,0
DA:53,0
DA:66,0
DA:73,0
DA:80,0
DA:174,0
DA:298,0
DA:318,0
DA:322,0
LF:20
LH:0
BRDA:40,0,0,0
BRDA:40,0,1,0
BRDA:47,1,0,0
BRDA:47,1,1,0
BRDA:65,2,0,0
BRDA:65,2,1,0
BRDA:72,3,0,0
BRDA:72,3,1,0
BRDA:79,4,0,0
BRDA:79,4,1,0
BRDA:88,5,0,0
BRDA:88,5,1,0
BRDA:165,6,0,0
BRDA:165,6,1,0
BRDA:184,7,0,0
BRDA:184,7,1,0
BRDA:195,8,0,0
BRDA:195,8,1,0
BRDA:202,9,0,0
BRDA:202,9,1,0
BRDA:217,10,0,0
BRDA:217,10,1,0
BRDA:242,11,0,0
BRDA:242,11,1,0
BRDA:254,12,0,0
BRDA:254,12,1,0
BRDA:279,13,0,0
BRDA:279,13,1,0
BRDA:293,14,0,0
BRDA:293,14,1,0
BRDA:308,15,0,0
BRDA:308,15,1,0
BRDA:320,16,0,0
BRDA:320,16,1,0
BRDA:326,17,0,0
BRDA:326,17,1,0
BRDA:335,18,0,0
BRDA:335,18,1,0
BRDA:344,19,0,0
BRDA:344,19,1,0
BRDA:345,20,0,0
BRDA:345,20,1,0
BRF:42
BRH:0
end_of_record
TN:
SF:src/playground/InboxPlayground.tsx
FN:57,InboxPlayground
FN:69,(anonymous_1)
FN:76,(anonymous_2)
FN:109,(anonymous_3)
FNF:4
FNH:0
FNDA:0,InboxPlayground
FNDA:0,(anonymous_1)
FNDA:0,(anonymous_2)
FNDA:0,(anonymous_3)
DA:30,0
DA:58,0
DA:60,0
DA:69,0
DA:76,0
DA:110,0
LF:6
LH:0
BRDA:68,0,0,0
BRDA:68,0,1,0
BRDA:75,1,0,0
BRDA:75,1,1,0
BRDA:84,2,0,0
BRDA:84,2,1,0
BRDA:105,3,0,0
BRDA:105,3,1,0
BRF:8
BRH:0
end_of_record
TN:
SF:src/playground/InboxWorkflowDemo.tsx
FN:32,InboxWorkflowDemo
FN:115,(anonymous_1)
FN:133,(anonymous_2)
FN:138,(anonymous_3)
FN:162,(anonymous_4)
FN:180,(anonymous_5)
FN:242,(anonymous_6)
FNF:7
FNH:0
FNDA:0,InboxWorkflowDemo
FNDA:0,(anonymous_1)
FNDA:0,(anonymous_2)
FNDA:0,(anonymous_3)
FNDA:0,(anonymous_4)
FNDA:0,(anonymous_5)
FNDA:0,(anonymous_6)
DA:33,0
DA:34,0
DA:37,0
DA:85,0
DA:94,0
DA:101,0
DA:115,0
DA:134,0
DA:138,0
DA:163,0
DA:181,0
DA:243,0
LF:12
LH:0
BRDA:137,0,0,0
BRDA:137,0,1,0
BRDA:166,1,0,0
BRDA:166,1,1,0
BRDA:185,2,0,0
BRDA:185,2,1,0
BRDA:200,3,0,0
BRDA:200,3,1,0
BRDA:206,4,0,0
BRDA:206,4,1,0
BRF:10
BRH:0
end_of_record
TN:
SF:src/playground/PlaygroundLayout.tsx
FN:21,PlaygroundLayout
FN:43,DemoSection
FNF:2
FNH:0
FNDA:0,PlaygroundLayout
FNDA:0,DemoSection
DA:22,0
DA:44,0
LF:2
LH:0
BRDA:26,0,0,0
BRDA:26,0,1,0
BRDA:52,1,0,0
BRDA:52,1,1,0
BRF:4
BRH:0
end_of_record
TN:
SF:src/playground/SocialStudioPlayground.tsx
FN:32,SocialStudioPlayground
FN:93,(anonymous_1)
FN:94,(anonymous_2)
FN:96,(anonymous_3)
FN:101,(anonymous_4)
FN:168,(anonymous_5)
FN:168,(anonymous_6)
FN:173,(anonymous_7)
FN:212,(anonymous_8)
FN:212,(anonymous_9)
FN:217,(anonymous_10)
FN:252,(anonymous_11)
FN:253,(anonymous_12)
FN:253,(anonymous_13)
FN:258,(anonymous_14)
FN:323,(anonymous_15)
FN:548,(anonymous_16)
FN:553,(anonymous_17)
FNF:18
FNH:0
FNDA:0,SocialStudioPlayground
FNDA:0,(anonymous_1)
FNDA:0,(anonymous_2)
FNDA:0,(anonymous_3)
FNDA:0,(anonymous_4)
FNDA:0,(anonymous_5)
FNDA:0,(anonymous_6)
FNDA:0,(anonymous_7)
FNDA:0,(anonymous_8)
FNDA:0,(anonymous_9)
FNDA:0,(anonymous_10)
FNDA:0,(anonymous_11)
FNDA:0,(anonymous_12)
FNDA:0,(anonymous_13)
FNDA:0,(anonymous_14)
FNDA:0,(anonymous_15)
FNDA:0,(anonymous_16)
FNDA:0,(anonymous_17)
DA:33,0
DA:34,0
DA:35,0
DA:37,0
DA:70,0
DA:78,0
DA:86,0
DA:93,0
DA:94,0
DA:95,0
DA:96,0
DA:101,0
DA:103,0
DA:168,0
DA:169,0
DA:173,0
DA:212,0
DA:213,0
DA:217,0
DA:252,0
DA:253,0
DA:254,0
DA:258,0
DA:323,0
DA:549,0
DA:553,0
LF:26
LH:0
BRDA:95,0,0,0
BRDA:95,0,1,0
BRDA:171,1,0,0
BRDA:171,1,1,0
BRDA:177,2,0,0
BRDA:177,2,1,0
BRDA:252,3,0,0
BRDA:252,3,1,0
BRDA:295,4,0,0
BRDA:295,4,1,0
BRDA:312,5,0,0
BRDA:312,5,1,0
BRDA:316,6,0,0
BRDA:316,6,1,0
BRDA:330,7,0,0
BRDA:330,7,1,0
BRDA:424,8,0,0
BRDA:424,8,1,0
BRDA:492,9,0,0
BRDA:492,9,1,0
BRDA:492,9,2,0
BRDA:498,10,0,0
BRDA:498,10,1,0
BRDA:502,11,0,0
BRDA:502,11,1,0
BRDA:510,12,0,0
BRDA:510,12,1,0
BRDA:564,13,0,0
BRDA:564,13,1,0
BRDA:576,14,0,0
BRDA:576,14,1,0
BRF:31
BRH:0
end_of_record
TN:
SF:src/playground/components/ButtonPlayground.tsx
FN:16,ButtonPlayground
FNF:1
FNH:0
FNDA:0,ButtonPlayground
DA:17,0
LF:1
LH:0
BRF:0
BRH:0
end_of_record
TN:
SF:src/playground/components/CardPlayground.tsx
FN:17,CardPlayground
FNF:1
FNH:0
FNDA:0,CardPlayground
DA:18,0
LF:1
LH:0
BRF:0
BRH:0
end_of_record
TN:
SF:src/playground/components/CompositionPlayground.tsx
FN:18,CompositionPlayground
FN:52,(anonymous_1)
FN:61,(anonymous_2)
FN:102,(anonymous_3)
FN:137,(anonymous_4)
FN:185,(anonymous_5)
FN:192,(anonymous_6)
FN:199,(anonymous_7)
FN:206,(anonymous_8)
FN:216,(anonymous_9)
FN:217,(anonymous_10)
FN:239,(anonymous_11)
FNF:12
FNH:0
FNDA:0,CompositionPlayground
FNDA:0,(anonymous_1)
FNDA:0,(anonymous_2)
FNDA:0,(anonymous_3)
FNDA:0,(anonymous_4)
FNDA:0,(anonymous_5)
FNDA:0,(anonymous_6)
FNDA:0,(anonymous_7)
FNDA:0,(anonymous_8)
FNDA:0,(anonymous_9)
FNDA:0,(anonymous_10)
FNDA:0,(anonymous_11)
DA:19,0
DA:22,0
DA:52,0
DA:53,0
DA:54,0
DA:55,0
DA:56,0
DA:57,0
DA:61,0
DA:62,0
DA:63,0
DA:64,0
DA:65,0
DA:66,0
DA:70,0
DA:103,0
DA:138,0
DA:185,0
DA:192,0
DA:199,0
DA:206,0
DA:216,0
DA:218,0
DA:240,0
LF:24
LH:0
BRDA:53,0,0,0
BRDA:53,0,1,0
BRDA:53,0,2,0
BRDA:53,0,3,0
BRDA:62,1,0,0
BRDA:62,1,1,0
BRDA:62,1,2,0
BRDA:62,1,3,0
BRDA:183,2,0,0
BRDA:183,2,1,0
BRDA:190,3,0,0
BRDA:190,3,1,0
BRDA:197,4,0,0
BRDA:197,4,1,0
BRDA:204,5,0,0
BRDA:204,5,1,0
BRDA:216,6,0,0
BRDA:216,6,1,0
BRF:18
BRH:0
end_of_record
TN:
SF:src/playground/components/FormPlayground.tsx
FN:18,FormPlayground
FN:54,(anonymous_1)
FN:127,(anonymous_2)
FN:146,(anonymous_3)
FN:174,(anonymous_4)
FN:189,(anonymous_5)
FN:199,(anonymous_6)
FN:250,(anonymous_7)
FN:285,(anonymous_8)
FNF:9
FNH:0
FNDA:0,FormPlayground
FNDA:0,(anonymous_1)
FNDA:0,(anonymous_2)
FNDA:0,(anonymous_3)
FNDA:0,(anonymous_4)
FNDA:0,(anonymous_5)
FNDA:0,(anonymous_6)
FNDA:0,(anonymous_7)
FNDA:0,(anonymous_8)
DA:19,0
DA:20,0
DA:21,0
DA:22,0
DA:23,0
DA:24,0
DA:26,0
DA:54,0
DA:127,0
DA:146,0
DA:174,0
DA:189,0
DA:199,0
DA:251,0
DA:252,0
DA:285,0
LF:16
LH:0
BRDA:258,0,0,0
BRDA:258,0,1,0
BRF:2
BRH:0
end_of_record
TN:
SF:src/playground/components/InboxHeader.tsx
FN:20,InboxHeader
FN:27,(anonymous_1)
FNF:2
FNH:0
FNDA:0,InboxHeader
FNDA:0,(anonymous_1)
DA:21,0
DA:23,0
DA:28,0
LF:3
LH:0
BRDA:31,0,0,0
BRDA:31,0,1,0
BRF:2
BRH:0
end_of_record
TN:
SF:src/playground/components/InboxItem.tsx
FN:34,InboxItem
FN:97,(anonymous_1)
FN:120,getFileType
FNF:3
FNH:0
FNDA:0,InboxItem
FNDA:0,(anonymous_1)
FNDA:0,getFileType
DA:35,0
DA:37,0
DA:98,0
DA:121,0
DA:133,0
LF:5
LH:0
BRDA:42,0,0,0
BRDA:42,0,1,0
BRDA:48,1,0,0
BRDA:48,1,1,0
BRDA:54,2,0,0
BRDA:54,2,1,0
BRDA:74,3,0,0
BRDA:74,3,1,0
BRDA:80,4,0,0
BRDA:80,4,1,0
BRDA:88,5,0,0
BRDA:88,5,1,0
BRDA:95,6,0,0
BRDA:95,6,1,0
BRDA:95,6,2,0
BRDA:102,7,0,0
BRDA:102,7,1,0
BRDA:108,8,0,0
BRDA:108,8,1,0
BRDA:133,9,0,0
BRDA:133,9,1,0
BRF:21
BRH:0
end_of_record
TN:
SF:src/playground/components/InboxQueue.tsx
FN:32,InboxQueue
FN:56,(anonymous_1)
FN:61,(anonymous_2)
FNF:3
FNH:0
FNDA:0,InboxQueue
FNDA:0,(anonymous_1)
FNDA:0,(anonymous_2)
DA:33,0
DA:34,0
DA:45,0
DA:57,0
DA:61,0
LF:5
LH:0
BRDA:33,0,0,0
BRDA:33,0,1,0
BRF:2
BRH:0
end_of_record
TN:
SF:src/playground/components/InboxSidebar.tsx
FN:31,InboxSidebar
FN:34,(anonymous_1)
FN:35,(anonymous_2)
FN:37,(anonymous_3)
FN:42,(anonymous_4)
FN:56,(anonymous_5)
FN:76,(anonymous_6)
FN:91,(anonymous_7)
FNF:8
FNH:0
FNDA:0,InboxSidebar
FNDA:0,(anonymous_1)
FNDA:0,(anonymous_2)
FNDA:0,(anonymous_3)
FNDA:0,(anonymous_4)
FNDA:0,(anonymous_5)
FNDA:0,(anonymous_6)
FNDA:0,(anonymous_7)
DA:32,0
DA:34,0
DA:35,0
DA:36,0
DA:37,0
DA:42,0
DA:43,0
DA:44,0
DA:45,0
DA:46,0
DA:48,0
DA:57,0
DA:58,0
DA:60,0
DA:76,0
DA:83,0
DA:91,0
LF:17
LH:0
BRDA:36,0,0,0
BRDA:36,0,1,0
BRDA:42,1,0,0
BRDA:42,2,0,0
BRDA:43,3,0,0
BRDA:43,3,1,0
BRDA:46,4,0,0
BRDA:46,4,1,0
BRDA:53,5,0,0
BRDA:53,5,1,0
BRDA:57,6,0,0
BRDA:57,6,1,0
BRDA:66,7,0,0
BRDA:66,7,1,0
BRDA:74,8,0,0
BRDA:74,8,1,0
BRDA:74,8,2,0
BRF:17
BRH:0
end_of_record
TN:
SF:src/playground/components/LayoutPlayground.tsx
FN:16,LayoutPlayground
FNF:1
FNH:0
FNDA:0,LayoutPlayground
DA:17,0
LF:1
LH:0
BRF:0
BRH:0
end_of_record
TN:
SF:src/playground/components/MetadataPanel.tsx
FN:31,MetadataPanel
FNF:1
FNH:0
FNDA:0,MetadataPanel
DA:32,0
LF:1
LH:0
BRDA:67,0,0,0
BRDA:67,0,1,0
BRDA:82,1,0,0
BRDA:82,1,1,0
BRDA:83,2,0,0
BRDA:83,2,1,0
BRDA:84,3,0,0
BRDA:84,3,1,0
BRDA:85,4,0,0
BRDA:85,4,1,0
BRF:10
BRH:0
end_of_record
TN:
SF:src/playground/components/ModalPlayground.tsx
FN:18,ModalPlayground
FN:42,(anonymous_1)
FN:45,(anonymous_2)
FN:51,(anonymous_3)
FN:63,(anonymous_4)
FN:64,(anonymous_5)
FN:65,(anonymous_6)
FN:70,(anonymous_7)
FN:79,(anonymous_8)
FN:95,(anonymous_9)
FN:98,(anonymous_10)
FN:109,(anonymous_11)
FN:126,(anonymous_12)
FN:129,(anonymous_13)
FN:158,(anonymous_14)
FN:164,(anonymous_15)
FNF:16
FNH:0
FNDA:0,ModalPlayground
FNDA:0,(anonymous_1)
FNDA:0,(anonymous_2)
FNDA:0,(anonymous_3)
FNDA:0,(anonymous_4)
FNDA:0,(anonymous_5)
FNDA:0,(anonymous_6)
FNDA:0,(anonymous_7)
FNDA:0,(anonymous_8)
FNDA:0,(anonymous_9)
FNDA:0,(anonymous_10)
FNDA:0,(anonymous_11)
FNDA:0,(anonymous_12)
FNDA:0,(anonymous_13)
FNDA:0,(anonymous_14)
FNDA:0,(anonymous_15)
DA:19,0
DA:20,0
DA:21,0
DA:22,0
DA:23,0
DA:25,0
DA:42,0
DA:45,0
DA:51,0
DA:63,0
DA:64,0
DA:65,0
DA:70,0
DA:79,0
DA:95,0
DA:98,0
DA:109,0
DA:126,0
DA:129,0
DA:158,0
DA:164,0
LF:21
LH:0
BRF:0
BRH:0
end_of_record
TN:
SF:src/playground/components/PlaygroundHome.tsx
FN:23,PlaygroundHome
FN:176,(anonymous_1)
FN:180,(anonymous_2)
FN:189,(anonymous_3)
FNF:4
FNH:0
FNDA:0,PlaygroundHome
FNDA:0,(anonymous_1)
FNDA:0,(anonymous_2)
FNDA:0,(anonymous_3)
DA:24,0
DA:97,0
DA:177,0
DA:180,0
DA:190,0
LF:5
LH:0
BRDA:194,0,0,0
BRDA:194,0,1,0
BRF:2
BRH:0
end_of_record
TN:
SF:src/playground/components/ProcessingStatus.tsx
FN:21,ProcessingStatus
FNF:1
FNH:0
FNDA:0,ProcessingStatus
DA:22,0
DA:45,0
DA:47,0
LF:3
LH:0
BRDA:21,0,0,0
BRDA:55,1,0,0
BRDA:55,1,1,0
BRF:3
BRH:0
end_of_record
TN:
SF:src/playground/components/UtilityPlayground.tsx
FN:17,UtilityPlayground
FNF:1
FNH:0
FNDA:0,UtilityPlayground
DA:18,0
LF:1
LH:0
BRF:0
BRH:0
end_of_record
TN:
SF:src/playground/utils/formatters.ts
FN:17,formatFileSize
FN:27,getTimeAgo
FN:54,formatDuration
FNF:3
FNH:0
FNDA:0,formatFileSize
FNDA:0,getTimeAgo
FNDA:0,formatDuration
DA:18,0
DA:20,0
DA:21,0
DA:22,0
DA:24,0
DA:28,0
DA:29,0
DA:30,0
DA:32,0
DA:42,0
DA:43,0
DA:44,0
DA:45,0
DA:51,0
DA:55,0
DA:56,0
DA:57,0
DA:59,0
DA:60,0
DA:63,0
LF:20
LH:0
BRDA:18,0,0,0
BRDA:18,0,1,0
BRDA:44,1,0,0
BRDA:44,1,1,0
BRDA:45,2,0,0
BRDA:45,2,1,0
BRDA:59,3,0,0
BRDA:59,3,1,0
BRF:8
BRH:0
end_of_record
TN:
SF:src/services/ApiService.ts
FN:57,(anonymous_0)
FN:59,(anonymous_1)
FN:85,(anonymous_2)
FN:87,(anonymous_3)
FN:90,(anonymous_4)
FN:122,(anonymous_5)
FN:126,(anonymous_6)
FN:131,(anonymous_7)
FN:136,(anonymous_8)
FN:141,(anonymous_9)
FN:147,(anonymous_10)
FNF:11
FNH:0
FNDA:0,(anonymous_0)
FNDA:0,(anonymous_1)
FNDA:0,(anonymous_2)
FNDA:0,(anonymous_3)
FNDA:0,(anonymous_4)
FNDA:0,(anonymous_5)
FNDA:0,(anonymous_6)
FNDA:0,(anonymous_7)
FNDA:0,(anonymous_8)
FNDA:0,(anonymous_9)
FNDA:0,(anonymous_10)
DA:59,0
DA:60,0
DA:85,0
DA:86,0
DA:87,0
DA:90,0
DA:91,0
DA:92,0
DA:93,0
DA:95,0
DA:101,0
DA:105,0
DA:106,0
DA:112,0
DA:115,0
DA:116,0
DA:118,0
DA:122,0
DA:123,0
DA:126,0
DA:127,0
DA:131,0
DA:132,0
DA:133,0
DA:136,0
DA:137,0
DA:141,0
DA:142,0
DA:143,0
DA:147,0
DA:149,0
DA:157,0
LF:32
LH:0
BRDA:62,0,0,0
BRDA:62,0,1,0
BRDA:63,1,0,0
BRDA:63,1,1,0
BRDA:64,2,0,0
BRDA:64,2,1,0
BRDA:65,3,0,0
BRDA:65,3,1,0
BRDA:65,3,2,0
BRDA:68,4,0,0
BRDA:68,4,1,0
BRDA:69,5,0,0
BRDA:69,5,1,0
BRDA:73,6,0,0
BRDA:73,6,1,0
BRDA:75,7,0,0
BRDA:75,7,1,0
BRDA:76,8,0,0
BRDA:76,8,1,0
BRDA:77,9,0,0
BRDA:77,9,1,0
BRDA:78,10,0,0
BRDA:78,10,1,0
BRDA:79,11,0,0
BRDA:79,11,1,0
BRDA:92,12,0,0
BRDA:92,12,1,0
BRDA:115,13,0,0
BRDA:115,13,1,0
BRDA:115,14,0,0
BRDA:115,14,1,0
BRDA:116,15,0,0
BRDA:116,15,1,0
BRDA:143,16,0,0
BRDA:143,16,1,0
BRF:35
BRH:0
end_of_record
TN:
SF:src/services/ContentInboxApi.ts
FN:76,(anonymous_0)
FN:112,(anonymous_1)
FN:137,(anonymous_2)
FN:154,(anonymous_3)
FN:169,(anonymous_4)
FN:173,(anonymous_5)
FN:183,(anonymous_6)
FN:206,(anonymous_7)
FN:220,(anonymous_8)
FN:234,(anonymous_9)
FN:247,(anonymous_10)
FN:251,(anonymous_11)
FN:261,(anonymous_12)
FNF:13
FNH:0
FNDA:0,(anonymous_0)
FNDA:0,(anonymous_1)
FNDA:0,(anonymous_2)
FNDA:0,(anonymous_3)
FNDA:0,(anonymous_4)
FNDA:0,(anonymous_5)
FNDA:0,(anonymous_6)
FNDA:0,(anonymous_7)
FNDA:0,(anonymous_8)
FNDA:0,(anonymous_9)
FNDA:0,(anonymous_10)
FNDA:0,(anonymous_11)
FNDA:0,(anonymous_12)
DA:77,0
DA:113,0
DA:117,0
DA:119,0
DA:128,0
DA:130,0
DA:138,0
DA:140,0
DA:143,0
DA:145,0
DA:147,0
DA:155,0
DA:157,0
DA:159,0
DA:161,0
DA:170,0
DA:172,0
DA:173,0
DA:176,0
DA:193,0
DA:195,0
DA:196,0
DA:199,0
DA:207,0
DA:209,0
DA:210,0
DA:213,0
DA:221,0
DA:223,0
DA:224,0
DA:227,0
DA:235,0
DA:236,0
DA:238,0
DA:239,0
DA:248,0
DA:250,0
DA:251,0
DA:254,0
DA:262,0
DA:264,0
DA:265,0
DA:268,0
DA:272,0
LF:44
LH:0
BRDA:85,0,0,0
BRDA:85,0,1,0
BRDA:90,1,0,0
BRDA:90,1,1,0
BRDA:93,2,0,0
BRDA:93,2,1,0
BRDA:96,3,0,0
BRDA:96,3,1,0
BRDA:99,4,0,0
BRDA:99,4,1,0
BRDA:100,5,0,0
BRDA:100,5,1,0
BRDA:103,6,0,0
BRDA:103,6,1,0
BRDA:113,7,0,0
BRDA:113,7,1,0
BRDA:113,7,2,0
BRDA:113,7,3,0
BRDA:113,7,4,0
BRDA:113,7,5,0
BRDA:113,7,6,0
BRDA:113,7,7,0
BRDA:113,7,8,0
BRDA:113,7,9,0
BRDA:113,7,10,0
BRDA:113,7,11,0
BRDA:113,7,12,0
BRDA:138,8,0,0
BRDA:138,8,1,0
BRDA:138,8,2,0
BRDA:138,8,3,0
BRDA:138,8,4,0
BRDA:155,9,0,0
BRDA:155,9,1,0
BRDA:155,9,2,0
BRDA:172,10,0,0
BRDA:172,10,1,0
BRDA:172,11,0,0
BRDA:172,11,1,0
BRDA:195,12,0,0
BRDA:195,12,1,0
BRDA:195,13,0,0
BRDA:195,13,1,0
BRDA:199,14,0,0
BRDA:199,14,1,0
BRDA:209,15,0,0
BRDA:209,15,1,0
BRDA:209,16,0,0
BRDA:209,16,1,0
BRDA:213,17,0,0
BRDA:213,17,1,0
BRDA:223,18,0,0
BRDA:223,18,1,0
BRDA:223,19,0,0
BRDA:223,19,1,0
BRDA:227,20,0,0
BRDA:227,20,1,0
BRDA:238,21,0,0
BRDA:238,21,1,0
BRDA:239,22,0,0
BRDA:239,22,1,0
BRDA:250,23,0,0
BRDA:250,23,1,0
BRDA:250,24,0,0
BRDA:250,24,1,0
BRDA:264,25,0,0
BRDA:264,25,1,0
BRDA:268,26,0,0
BRDA:268,26,1,0
BRF:69
BRH:0
end_of_record
TN:
SF:src/utils/silenceLogs.ts
FN:17,(anonymous_0)
FN:18,(anonymous_1)
FN:19,(anonymous_2)
FN:20,(anonymous_3)
FN:21,(anonymous_4)
FN:23,(anonymous_5)
FN:36,(anonymous_6)
FNF:7
FNH:0
FNDA:0,(anonymous_0)
FNDA:0,(anonymous_1)
FNDA:0,(anonymous_2)
FNDA:0,(anonymous_3)
FNDA:0,(anonymous_4)
FNDA:0,(anonymous_5)
FNDA:0,(anonymous_6)
DA:9,0
DA:17,0
DA:18,0
DA:19,0
DA:20,0
DA:21,0
DA:23,0
DA:25,0
DA:26,0
DA:30,0
DA:32,0
DA:36,0
DA:37,0
DA:38,0
DA:39,0
DA:40,0
DA:41,0
DA:45,0
DA:46,0
DA:47,0
DA:50,0
DA:51,0
LF:22
LH:0
BRDA:25,0,0,0
BRDA:25,0,1,0
BRDA:26,1,0,0
BRDA:26,1,1,0
BRDA:26,2,0,0
BRDA:26,2,1,0
BRDA:26,2,2,0
BRDA:26,2,3,0
BRDA:45,3,0,0
BRDA:45,3,1,0
BRDA:50,4,0,0
BRDA:50,4,1,0
BRF:12
BRH:0
end_of_record
